/* ESATAN-TMS version 2020, run date 16:41 Wed 28 Apr 2021 */
BEGIN_MODEL TCCT_SAT WORKBENCH_V1

/* END_MODEL */
/* ESATAN-TMS version 2020, run date 16:47 Wed 28 Apr 2021 */
/* BEGIN_MODEL TCCT_SAT WORKBENCH_V1 */
BULK Al_7075_T6;
DEFINE_BULK(bulk = Al_7075_T6,
               type = "Isotropic",
               description = "",
               density = 2810.0,
               sp_heat = 960.0,
               cond = 130.0);

BULK MLI;
DEFINE_BULK(bulk = MLI,
               type = "Isotropic",
               description = "",
               density = 300.0,
               sp_heat = 900.0,
               cond = 0.0);

BULK GaAs;
DEFINE_BULK(bulk = GaAs,
               type = "Isotropic",
               description = "",
               density = 5300.0,
               sp_heat = 1000.0,
               cond = 55.0);

BULK ULE_Glass;
DEFINE_BULK(bulk = ULE_Glass,
               type = "Isotropic",
               description = "Ultra Low Expansion Glass

http://www.matweb.com/search/datasheet.aspx?matguid=a5f2e3f7e037406b9f8cf715e3b4bc43",
               density = 2210.0,
               sp_heat = 767.0,
               cond = 1.31);

DEFINE_BULK(bulk = ULE_Glass,
               type = "Isotropic",
               description = "Ultra Low Expansion Glass

http://www.matweb.com/search/datasheet.aspx?matguid=a5f2e3f7e037406b9f8cf715e3b4bc43",
               density = 2210.0,
               sp_heat = 767.0,
               cond = 1.31);

OPTICAL AL_polished;
DEFINE_OPTICAL(optical = AL_polished,
               description = "",
               ir_emiss = 0.1,
               ir_transm = 0.0,
               solar_absorb = 0.5,
               solar_transm = 0.0,
               ir_spec_refl = 0.0,
               solar_spec_refl = 0.0);

OPTICAL Solar_cells;
DEFINE_OPTICAL(optical = Solar_cells,
               description = "",
               ir_emiss = 0.84,
               ir_transm = 0.0,
               solar_absorb = 0.75,
               solar_transm = 0.0,
               ir_spec_refl = 0.0,
               solar_spec_refl = 0.0);

OPTICAL Kapton;
DEFINE_OPTICAL(optical = Kapton,
               description = "",
               ir_emiss = 0.61,
               ir_transm = 0.0,
               solar_absorb = 0.36,
               solar_transm = 0.0,
               ir_spec_refl = 0.0,
               solar_spec_refl = 0.0);

OPTICAL SSM;
DEFINE_OPTICAL(optical = SSM,
               description = "",
               ir_emiss = 0.8,
               ir_transm = 0.0,
               solar_absorb = 0.2,
               solar_transm = 0.0,
               ir_spec_refl = 0.0,
               solar_spec_refl = 0.0);

BULK Radiator;
DEFINE_BULK(bulk = Radiator,
               type = "Isotropic",
               description = "SSM fused Quartz",
               density = 0.0,
               sp_heat = 0.0,
               cond = 0.0);

DEFINE_OPTICAL(optical = SSM,
               description = "8mm Quartz Fused + 1mm Deposited Aluminium",
               ir_emiss = 0.8,
               ir_transm = 0.0,
               solar_absorb = 0.08,
               solar_transm = 0.0,
               ir_spec_refl = 0.0,
               solar_spec_refl = 0.0);

DEFINE_BULK(bulk = Radiator,
               type = "Isotropic",
               description = "SSM fused Quartz (8 mm of fused quartz and  500 um of  aluminium desposited cover) 

Fused Quartz: http://www.matweb.com/search/DataSheet.aspx?bassnum=BQUARTZ",
               density = 2200.0,
               sp_heat = 700.0,
               cond = 2.0);

GEOMETRY Telescope_mirror;
Telescope_mirror = SHELL_SCS_DISC(
    rmax = 0.75,
    height = 2.0e-3,
    sense = -1,
    side1 = "Active",
    ndelta1_1 = 1,
    side2 = "Active",
    ndelta2_1 = 1,
    criticality1 = "NORMAL",
    criticality2 = "NORMAL",
    meshType1 = "regular",
    nodes1 = 1,
    meshType2 = "regular",
    nodes2 = 1,
    analysis_type = "Lumped Parameter");

Telescope_mirror = TRANSLATE(
    object_name = Telescope_mirror,
    z_dist = 0.2,
    clear = TRUE);
GEOMETRY Telescope_end;
Telescope_end = SHELL_SCS_CYLINDER(
    radius = 0.75,
    hmax = 2.0,
    sense = -1,
    side1 = "Active",
    ndelta1_1 = 1,
    side2 = "Active",
    ndelta2_1 = 1,
    criticality1 = "NORMAL",
    criticality2 = "NORMAL",
    meshType1 = "regular",
    nodes1 = 1,
    meshType2 = "regular",
    nodes2 = 1,
    analysis_type = "Lumped Parameter");

Telescope_end = TRANSLATE(
    object_name = Telescope_end,
    clear = TRUE);
GEOMETRY TLC1;
TLC1 = SHELL_SCS_CYLINDER(
    radius = 0.75,
    hmax = 2.0,
    sense = -1,
    side1 = "Active",
    ndelta1_1 = 1,
    side2 = "Active",
    ndelta2_1 = 1,
    criticality1 = "NORMAL",
    criticality2 = "NORMAL",
    meshType1 = "regular",
    nodes1 = 1,
    meshType2 = "regular",
    nodes2 = 1,
    analysis_type = "Lumped Parameter");

TLC1 = TRANSLATE(
    object_name = TLC1,
    clear = TRUE);
TLC1 = SHELL_SCS_CYLINDER(
    radius = 0.75,
    hmax = 2.0,
    hmin = 0.0,
    angmin = 0.0,
    angmax = 360.0,
    sense = -1,
    side1 = "Active",
    ndelta1_1 = 1,
    side2 = "Active",
    ndelta2_1 = 1,
    criticality1 = "NORMAL",
    criticality2 = "NORMAL",
    thick = 0.0,
    meshType1 = "regular",
    nodes1 = 1,
    meshType2 = "regular",
    nodes2 = 1,
    analysis_type = "Lumped Parameter");

TLC1 = TRANSLATE(
    object_name = TLC1,
    clear = TRUE);
GEOMETRY TL_mirror;
TL_mirror = SHELL_SCS_DISC(
    rmax = 0.75,
    rmin = 0.0,
    height = 2.0e-03,
    angmin = 0.0,
    angmax = 360.0,
    sense = -1,
    side1 = "Active",
    ndelta1_1 = 1,
    side2 = "Active",
    ndelta2_1 = 1,
    criticality1 = "NORMAL",
    criticality2 = "NORMAL",
    thick = 0.0,
    meshType1 = "regular",
    nodes1 = 1,
    meshType2 = "regular",
    nodes2 = 1,
    analysis_type = "Lumped Parameter");

TL_mirror = TRANSLATE(
    object_name = TL_mirror,
    z_dist = 0.2,
    clear = TRUE);
DELETE_GEOMETRY (geometry = Telescope_end, recursive = FALSE, unassign = FALSE);
DELETE_GEOMETRY (geometry = Telescope_mirror, recursive = FALSE, unassign = FALSE);
GEOMETRY TLD2;
TLD2 = SHELL_SCS_CYLINDER(
    radius = 1.25,
    hmax = 3.0,
    hmin = 0.0,
    angmin = 0.0,
    angmax = 360.0,
    sense = -1,
    side1 = "Active",
    ndelta1_1 = 1,
    side2 = "Active",
    ndelta2_1 = 1,
    criticality1 = "NORMAL",
    criticality2 = "NORMAL",
    thick = 0.0,
    meshType1 = "regular",
    nodes1 = 1,
    meshType2 = "regular",
    nodes2 = 1,
    analysis_type = "Lumped Parameter");

TLD2 = TRANSLATE(
    object_name = TLD2,
    z_dist = 2.0,
    clear = TRUE);
GEOMETRY TLC2;
TLC2 = SHELL_SCS_CYLINDER(
    radius = 1.25,
    hmax = 3.0,
    hmin = 0.0,
    angmin = 0.0,
    angmax = 360.0,
    sense = -1,
    side1 = "Active",
    ndelta1_1 = 1,
    side2 = "Active",
    ndelta2_1 = 1,
    criticality1 = "NORMAL",
    criticality2 = "NORMAL",
    thick = 0.0,
    meshType1 = "regular",
    nodes1 = 1,
    meshType2 = "regular",
    nodes2 = 1,
    analysis_type = "Lumped Parameter");

TLC2 = TRANSLATE(
    object_name = TLC2,
    z_dist = 2.0,
    clear = TRUE);
TLD2 = SHELL_SCS_DISC(
    rmax = 1.25,
    sense = -1,
    side1 = "Active",
    ndelta1_1 = 1,
    side2 = "Active",
    ndelta2_1 = 1,
    criticality1 = "NORMAL",
    criticality2 = "NORMAL",
    thick = 0.0,
    meshType1 = "regular",
    nodes1 = 1,
    meshType2 = "regular",
    nodes2 = 1,
    analysis_type = "Lumped Parameter");

TLD2 = TRANSLATE(
    object_name = TLD2,
    z_dist = 2.0,
    clear = TRUE);
GEOMETRY BX;
BX = SHELL_SCS_BOX(
    height = 2.0,
    xmax = 3.0,
    ymax = 3.0,
    sense = -1,
    side1 = "Active",
    ndelta1_1 = 1,
    side2 = "Active",
    ndelta2_1 = 1,
    criticality1 = "NORMAL",
    criticality2 = "NORMAL",
    thick = 0.0,
    meshType1 = "regular",
    nodes1 = 1,
    meshType2 = "regular",
    nodes2 = 1,
    meshType3 = "regular",
    nodes3 = 1,
    analysis_type = "Lumped Parameter");

BX = TRANSLATE(
    object_name = BX,
    z_dist = 5.0,
    clear = TRUE);
BX = SHELL_SCS_BOX(
    height = 2.0,
    xmax = 1.5,
    ymax = 1.5,
    xmin = -1.5,
    ymin = -1.5,
    sense = -1,
    side1 = "Active",
    ndelta1_1 = 1,
    side2 = "Active",
    ndelta2_1 = 1,
    criticality1 = "NORMAL",
    criticality2 = "NORMAL",
    thick = 0.0,
    meshType1 = "regular",
    nodes1 = 1,
    meshType2 = "regular",
    nodes2 = 1,
    meshType3 = "regular",
    nodes3 = 1,
    analysis_type = "Lumped Parameter");

BX = TRANSLATE(
    object_name = BX,
    z_dist = 5.0,
    clear = TRUE);
GROUP TL = {"TLC2:face1", "TLC1:face1", "TLD2:face2", "TL_mirror:face2"};
TL = {"TLC2:face1", "TLC1:face1", "TLD2:face2", "TL_mirror:face2", "TLC1:face2"};
DELETE TL;
TL_mirror = SHELL_SCS_DISC(
    rmax = 0.75,
    rmin = 0.0,
    height = 2.0e-03,
    angmin = 0.0,
    angmax = 360.0,
    sense = -1,
    colour2 = "YELLOW",
    side1 = "Active",
    ndelta1_1 = 1,
    side2 = "Active",
    ndelta2_1 = 1,
    criticality1 = "NORMAL",
    criticality2 = "NORMAL",
    thick = 0.0,
    meshType1 = "regular",
    nodes1 = 1,
    meshType2 = "regular",
    nodes2 = 1,
    analysis_type = "Lumped Parameter");

TL_mirror = TRANSLATE(
    object_name = TL_mirror,
    z_dist = 0.2,
    clear = TRUE);
TL_mirror = SHELL_SCS_DISC(
    rmax = 0.75,
    rmin = 0.0,
    height = 2.0e-03,
    angmin = 0.0,
    angmax = 360.0,
    sense = -1,
    colour2 = "TURQUOISE",
    side1 = "Active",
    ndelta1_1 = 1,
    side2 = "Active",
    ndelta2_1 = 1,
    criticality1 = "NORMAL",
    criticality2 = "NORMAL",
    thick = 0.0,
    meshType1 = "regular",
    nodes1 = 1,
    meshType2 = "regular",
    nodes2 = 1,
    analysis_type = "Lumped Parameter");

TL_mirror = TRANSLATE(
    object_name = TL_mirror,
    z_dist = 0.2,
    clear = TRUE);
TL_mirror = SHELL_SCS_DISC(
    rmax = 0.75,
    rmin = 0.0,
    height = 2.0e-03,
    angmin = 0.0,
    angmax = 360.0,
    sense = -1,
    colour2 = "WHITE",
    side1 = "Active",
    ndelta1_1 = 1,
    side2 = "Active",
    ndelta2_1 = 1,
    criticality1 = "NORMAL",
    criticality2 = "NORMAL",
    thick = 0.0,
    meshType1 = "regular",
    nodes1 = 1,
    meshType2 = "regular",
    nodes2 = 1,
    analysis_type = "Lumped Parameter");

TL_mirror = TRANSLATE(
    object_name = TL_mirror,
    z_dist = 0.2,
    clear = TRUE);
TLC1 = SHELL_SCS_CYLINDER(
    radius = 0.75,
    hmax = 2.0,
    hmin = 0.0,
    angmin = 0.0,
    angmax = 360.0,
    sense = -1,
    colour2 = "YELLOW",
    side1 = "Active",
    ndelta1_1 = 1,
    side2 = "Active",
    ndelta2_1 = 1,
    criticality1 = "NORMAL",
    criticality2 = "NORMAL",
    thick = 0.0,
    meshType1 = "regular",
    nodes1 = 1,
    meshType2 = "regular",
    nodes2 = 1,
    analysis_type = "Lumped Parameter");

TLC1 = TRANSLATE(
    object_name = TLC1,
    clear = TRUE);
TLC2 = SHELL_SCS_CYLINDER(
    radius = 1.25,
    hmax = 3.0,
    hmin = 0.0,
    angmin = 0.0,
    angmax = 360.0,
    sense = -1,
    colour2 = "YELLOW",
    side1 = "Active",
    ndelta1_1 = 1,
    side2 = "Active",
    ndelta2_1 = 1,
    criticality1 = "NORMAL",
    criticality2 = "NORMAL",
    thick = 0.0,
    meshType1 = "regular",
    nodes1 = 1,
    meshType2 = "regular",
    nodes2 = 1,
    analysis_type = "Lumped Parameter");

TLC2 = TRANSLATE(
    object_name = TLC2,
    z_dist = 2.0,
    clear = TRUE);
TLC2 = SHELL_SCS_CYLINDER(
    radius = 1.25,
    hmax = 3.0,
    hmin = 0.0,
    angmin = 0.0,
    angmax = 360.0,
    sense = -1,
    colour1 = "YELLOW",
    colour2 = "YELLOW",
    side1 = "Active",
    ndelta1_1 = 1,
    side2 = "Active",
    ndelta2_1 = 1,
    criticality1 = "NORMAL",
    criticality2 = "NORMAL",
    thick = 0.0,
    meshType1 = "regular",
    nodes1 = 1,
    meshType2 = "regular",
    nodes2 = 1,
    analysis_type = "Lumped Parameter");

TLC2 = TRANSLATE(
    object_name = TLC2,
    z_dist = 2.0,
    clear = TRUE);
TLC1 = SHELL_SCS_CYLINDER(
    radius = 0.75,
    hmax = 2.0,
    hmin = 0.0,
    angmin = 0.0,
    angmax = 360.0,
    sense = -1,
    colour1 = "YELLOW",
    colour2 = "YELLOW",
    side1 = "Active",
    ndelta1_1 = 1,
    side2 = "Active",
    ndelta2_1 = 1,
    criticality1 = "NORMAL",
    criticality2 = "NORMAL",
    thick = 0.0,
    meshType1 = "regular",
    nodes1 = 1,
    meshType2 = "regular",
    nodes2 = 1,
    analysis_type = "Lumped Parameter");

TLC1 = TRANSLATE(
    object_name = TLC1,
    clear = TRUE);
TL_mirror = SHELL_SCS_DISC(
    rmax = 0.75,
    rmin = 0.0,
    height = 2.0e-03,
    angmin = 0.0,
    angmax = 360.0,
    sense = -1,
    colour1 = "BLACK",
    colour2 = "WHITE",
    side1 = "Active",
    ndelta1_1 = 1,
    side2 = "Active",
    ndelta2_1 = 1,
    criticality1 = "NORMAL",
    criticality2 = "NORMAL",
    thick = 0.0,
    meshType1 = "regular",
    nodes1 = 1,
    meshType2 = "regular",
    nodes2 = 1,
    analysis_type = "Lumped Parameter");

TL_mirror = TRANSLATE(
    object_name = TL_mirror,
    z_dist = 0.2,
    clear = TRUE);
TL_mirror = SHELL_SCS_DISC(
    rmax = 0.75,
    rmin = 0.0,
    height = 2.0e-03,
    angmin = 0.0,
    angmax = 360.0,
    sense = -1,
    colour1 = "BLACK",
    colour2 = "WHITE",
    side1 = "Active",
    ndelta1_1 = 1,
    side2 = "Active",
    ndelta2_1 = 1,
    label1 = "Mirror_iner_surface",
    criticality1 = "NORMAL",
    criticality2 = "NORMAL",
    thick = 0.0,
    meshType1 = "regular",
    nodes1 = 2,
    meshType2 = "regular",
    nodes2 = 3,
    analysis_type = "Lumped Parameter");

TL_mirror = TRANSLATE(
    object_name = TL_mirror,
    z_dist = 0.2,
    clear = TRUE);
TL_mirror = SHELL_SCS_DISC(
    rmax = 0.75,
    rmin = 0.0,
    height = 2.0e-03,
    angmin = 0.0,
    angmax = 360.0,
    sense = -1,
    colour1 = "BLACK",
    colour2 = "WHITE",
    side1 = "Active",
    ndelta1_1 = 1,
    side2 = "Active",
    ndelta2_1 = 1,
    label1 = "Mirror_iner_surface",
    criticality1 = "NORMAL",
    criticality2 = "NORMAL",
    thick = 0.0,
    meshType1 = "regular",
    nodes1 = 8,
    meshType2 = "regular",
    nodes2 = 3,
    analysis_type = "Lumped Parameter");

TL_mirror = TRANSLATE(
    object_name = TL_mirror,
    z_dist = 0.2,
    clear = TRUE);
TL_mirror = SHELL_SCS_DISC(
    rmax = 0.75,
    rmin = 0.0,
    height = 2.0e-03,
    angmin = 0.0,
    angmax = 360.0,
    sense = -1,
    colour1 = "BLACK",
    colour2 = "WHITE",
    side1 = "Active",
    ndelta1_1 = 1,
    side2 = "Active",
    ndelta2_1 = 1,
    label1 = "Mirror_iner_surface",
    label2 = "Mirror_outter_surface",
    criticality1 = "NORMAL",
    criticality2 = "NORMAL",
    thick = 0.0,
    meshType1 = "regular",
    nodes1 = 8,
    meshType2 = "regular",
    nodes2 = 3,
    analysis_type = "Lumped Parameter");

TL_mirror = TRANSLATE(
    object_name = TL_mirror,
    z_dist = 0.2,
    clear = TRUE);
GEOMETRY SP1;
SP1 = SHELL_SCS_RECTANGLE(
    xmax = 1.2,
    ymax = 6.0,
    xmin = -1.2,
    sense = -1,
    side1 = "Active",
    ndelta1_1 = 1,
    side2 = "Active",
    ndelta2_1 = 1,
    criticality1 = "NORMAL",
    criticality2 = "NORMAL",
    meshType1 = "regular",
    nodes1 = 1,
    meshType2 = "regular",
    nodes2 = 1,
    analysis_type = "Lumped Parameter");

SP1 = TRANSLATE(
    object_name = SP1,
    x_dist = 1.8,
    clear = TRUE);
SP1 = SHELL_SCS_RECTANGLE(
    xmax = 1.2,
    ymax = 6.0,
    xmin = -1.2,
    sense = -1,
    side1 = "Active",
    ndelta1_1 = 1,
    side2 = "Active",
    ndelta2_1 = 1,
    criticality1 = "NORMAL",
    criticality2 = "NORMAL",
    meshType1 = "regular",
    nodes1 = 1,
    meshType2 = "regular",
    nodes2 = 1,
    analysis_type = "Lumped Parameter");

SP1 = TRANSLATE(
    object_name = SP1,
    x_dist = 1.8,
    z_dist = 7.0,
    clear = TRUE);
SP1 = SHELL_SCS_RECTANGLE(
    xmax = 6.0,
    ymax = 1.2,
    xmin = 0.0,
    ymin = -1.2,
    sense = -1,
    side1 = "Active",
    ndelta1_1 = 1,
    side2 = "Active",
    ndelta2_1 = 1,
    criticality1 = "NORMAL",
    criticality2 = "NORMAL",
    meshType1 = "regular",
    nodes1 = 1,
    meshType2 = "regular",
    nodes2 = 1,
    analysis_type = "Lumped Parameter");

SP1 = TRANSLATE(
    object_name = SP1,
    x_dist = 1.8,
    z_dist = 7.0,
    clear = TRUE);
GEOMETRY SP2;
SP2 = SHELL_SCS_RECTANGLE(
    xmax = 6.0,
    ymax = 1.2,
    xmin = 0.0,
    ymin = -1.2,
    sense = -1,
    side1 = "Active",
    ndelta1_1 = 1,
    side2 = "Active",
    ndelta2_1 = 1,
    criticality1 = "NORMAL",
    criticality2 = "NORMAL",
    meshType1 = "regular",
    nodes1 = 1,
    meshType2 = "regular",
    nodes2 = 1,
    analysis_type = "Lumped Parameter");

SP2 = TRANSLATE(
    object_name = SP2,
    x_dist = -1.8,
    z_dist = 7.0,
    clear = TRUE);
SP2 = SHELL_SCS_RECTANGLE(
    xmax = 0.0,
    ymax = 1.2,
    xmin = -6.0,
    ymin = -1.2,
    sense = -1,
    side1 = "Active",
    ndelta1_1 = 1,
    side2 = "Active",
    ndelta2_1 = 1,
    criticality1 = "NORMAL",
    criticality2 = "NORMAL",
    meshType1 = "regular",
    nodes1 = 1,
    meshType2 = "regular",
    nodes2 = 1,
    analysis_type = "Lumped Parameter");

SP2 = TRANSLATE(
    object_name = SP2,
    x_dist = -1.8,
    z_dist = 7.0,
    clear = TRUE);
TL_mirror = SHELL_SCS_DISC(
    rmax = 0.75,
    rmin = 0.0,
    height = 2.0e-03,
    angmin = 0.0,
    angmax = 360.0,
    sense = -1,
    colour1 = "BLACK",
    colour2 = "WHITE",
    side1 = "Active",
    ndelta1_1 = 1,
    side2 = "Active",
    ndelta2_1 = 1,
    label1 = "Mirror_iner_surface",
    label2 = "Mirror_outter_surface",
    criticality1 = "NORMAL",
    criticality2 = "NORMAL",
    bulk = ULE_Glass,
    thick = 0.08,
    meshType1 = "regular",
    nodes1 = 8,
    meshType2 = "regular",
    nodes2 = 3,
    analysis_type = "Lumped Parameter");

TL_mirror = TRANSLATE(
    object_name = TL_mirror,
    z_dist = 0.2,
    clear = TRUE);
TLC1 = SHELL_SCS_CYLINDER(
    radius = 0.75,
    hmax = 2.0,
    hmin = 0.0,
    angmin = 0.0,
    angmax = 360.0,
    sense = -1,
    colour1 = "YELLOW",
    colour2 = "YELLOW",
    side1 = "Active",
    ndelta1_1 = 1,
    side2 = "Active",
    ndelta2_1 = 1,
    criticality1 = "NORMAL",
    criticality2 = "NORMAL",
    thick = 0.0,
    meshType1 = "regular",
    nodes1 = 3,
    meshType2 = "regular",
    nodes2 = 1,
    analysis_type = "Lumped Parameter");

TLC1 = TRANSLATE(
    object_name = TLC1,
    clear = TRUE);
TLC1 = SHELL_SCS_CYLINDER(
    radius = 0.75,
    hmax = 2.0,
    hmin = 0.0,
    angmin = 0.0,
    angmax = 360.0,
    sense = -1,
    colour1 = "YELLOW",
    colour2 = "YELLOW",
    side1 = "Active",
    ndelta1_1 = 1,
    side2 = "Active",
    ndelta2_1 = 1,
    criticality1 = "NORMAL",
    criticality2 = "NORMAL",
    thick = 0.0,
    meshType1 = "regular",
    nodes1 = 8,
    meshType2 = "regular",
    nodes2 = 3,
    analysis_type = "Lumped Parameter");

TLC1 = TRANSLATE(
    object_name = TLC1,
    clear = TRUE);
TLC1 = SHELL_SCS_CYLINDER(
    radius = 0.75,
    hmax = 2.0,
    hmin = 0.0,
    angmin = 0.0,
    angmax = 360.0,
    sense = -1,
    colour1 = "WHITE",
    colour2 = "YELLOW",
    side1 = "Active",
    ndelta1_1 = 1,
    side2 = "Active",
    ndelta2_1 = 1,
    criticality1 = "NORMAL",
    criticality2 = "NORMAL",
    thick = 0.0,
    meshType1 = "regular",
    nodes1 = 8,
    meshType2 = "regular",
    nodes2 = 3,
    analysis_type = "Lumped Parameter");

TLC1 = TRANSLATE(
    object_name = TLC1,
    clear = TRUE);
TLC1 = SHELL_SCS_CYLINDER(
    radius = 0.75,
    hmax = 2.0,
    hmin = 0.0,
    angmin = 0.0,
    angmax = 360.0,
    sense = -1,
    colour1 = "YELLOW",
    colour2 = "YELLOW",
    side1 = "Active",
    ndelta1_1 = 1,
    side2 = "Active",
    ndelta2_1 = 1,
    criticality1 = "NORMAL",
    criticality2 = "NORMAL",
    thick = 0.0,
    meshType1 = "regular",
    nodes1 = 8,
    meshType2 = "regular",
    nodes2 = 3,
    analysis_type = "Lumped Parameter");

TLC1 = TRANSLATE(
    object_name = TLC1,
    clear = TRUE);
TLC1 = SHELL_SCS_CYLINDER(
    radius = 0.75,
    hmax = 2.0,
    hmin = 0.0,
    angmin = 0.0,
    angmax = 360.0,
    sense = -1,
    colour1 = "YELLOW",
    colour2 = "BLACK",
    side1 = "Active",
    ndelta1_1 = 1,
    side2 = "Active",
    ndelta2_1 = 1,
    criticality1 = "NORMAL",
    criticality2 = "NORMAL",
    thick = 0.0,
    meshType1 = "regular",
    nodes1 = 8,
    meshType2 = "regular",
    nodes2 = 3,
    analysis_type = "Lumped Parameter");

TLC1 = TRANSLATE(
    object_name = TLC1,
    clear = TRUE);
TLC1 = SHELL_SCS_CYLINDER(
    radius = 0.75,
    hmax = 2.0,
    hmin = 0.0,
    angmin = 0.0,
    angmax = 360.0,
    sense = -1,
    colour1 = "YELLOW",
    colour2 = "YELLOW",
    side1 = "Active",
    ndelta1_1 = 1,
    side2 = "Active",
    ndelta2_1 = 1,
    criticality1 = "NORMAL",
    criticality2 = "NORMAL",
    thick = 0.0,
    meshType1 = "regular",
    nodes1 = 8,
    meshType2 = "regular",
    nodes2 = 3,
    analysis_type = "Lumped Parameter");

TLC1 = TRANSLATE(
    object_name = TLC1,
    clear = TRUE);
TLC1 = SHELL_SCS_CYLINDER(
    radius = 0.75,
    hmax = 2.0,
    hmin = 0.0,
    angmin = 0.0,
    angmax = 360.0,
    sense = -1,
    colour1 = "YELLOW",
    colour2 = "YELLOW",
    side1 = "Active",
    ndelta1_1 = 1,
    side2 = "Active",
    ndelta2_1 = 1,
    opt1 = Kapton,
    opt2 = Kapton,
    criticality1 = "NORMAL",
    criticality2 = "NORMAL",
    composition = "DUAL",
    bulk1 = MLI,
    thick1 = 0.5e-3,
    bulk2 = MLI,
    thick2 = 2.0e-3,
    through_cond = "EFFECTIVE",
    emittance = 0.03,
    meshType1 = "regular",
    nodes1 = 8,
    meshType2 = "regular",
    nodes2 = 3,
    analysis_type = "Lumped Parameter");

TLC1 = TRANSLATE(
    object_name = TLC1,
    clear = TRUE);
TLD2 = SHELL_SCS_DISC(
    rmax = 1.25,
    rmin = 0.0,
    height = 0.0,
    angmin = 0.0,
    angmax = 360.0,
    sense = -1,
    colour1 = "YELLOW",
    side1 = "Active",
    ndelta1_1 = 1,
    side2 = "Active",
    ndelta2_1 = 1,
    criticality1 = "NORMAL",
    criticality2 = "NORMAL",
    thick = 0.0,
    meshType1 = "regular",
    nodes1 = 1,
    meshType2 = "regular",
    nodes2 = 1,
    analysis_type = "Lumped Parameter");

TLD2 = TRANSLATE(
    object_name = TLD2,
    z_dist = 2.0,
    clear = TRUE);
TLD2 = SHELL_SCS_DISC(
    rmax = 1.25,
    rmin = 0.0,
    height = 0.0,
    angmin = 0.0,
    angmax = 360.0,
    sense = -1,
    colour1 = "BLACK",
    colour2 = "YELLOW",
    side1 = "Active",
    ndelta1_1 = 1,
    side2 = "Active",
    ndelta2_1 = 1,
    label1 = "TLD1_inner",
    label2 = "TLD1_outter",
    opt2 = Kapton,
    criticality1 = "NORMAL",
    criticality2 = "NORMAL",
    composition = "DUAL",
    bulk1 = MLI,
    thick1 = 0.5e-3,
    bulk2 = Al_7075_T6,
    thick2 = 2.0e-3,
    through_cond = "EFFECTIVE",
    emittance = 0.03,
    meshType1 = "regular",
    nodes1 = 1,
    meshType2 = "regular",
    nodes2 = 1,
    analysis_type = "Lumped Parameter");

TLD2 = TRANSLATE(
    object_name = TLD2,
    z_dist = 2.0,
    clear = TRUE);
TLD2 = SHELL_SCS_DISC(
    rmax = 1.25,
    rmin = 0.0,
    height = 0.0,
    angmin = 0.0,
    angmax = 360.0,
    sense = -1,
    colour1 = "BLACK",
    colour2 = "YELLOW",
    side1 = "Active",
    ndelta1_1 = 1,
    side2 = "Active",
    ndelta2_1 = 1,
    label1 = "TLD1_inner",
    label2 = "TLD1_outter",
    opt2 = Kapton,
    criticality1 = "NORMAL",
    criticality2 = "NORMAL",
    composition = "DUAL",
    bulk1 = MLI,
    thick1 = 0.5e-3,
    bulk2 = Al_7075_T6,
    thick2 = 2.0e-3,
    through_cond = "EFFECTIVE",
    emittance = 0.03,
    meshType1 = "regular",
    nodes1 = 8,
    meshType2 = "regular",
    nodes2 = 3,
    analysis_type = "Lumped Parameter");

TLD2 = TRANSLATE(
    object_name = TLD2,
    z_dist = 2.0,
    clear = TRUE);
TLC2 = SHELL_SCS_CYLINDER(
    radius = 1.25,
    hmax = 3.0,
    hmin = 0.0,
    angmin = 0.0,
    angmax = 360.0,
    sense = -1,
    colour1 = "YELLOW",
    colour2 = "YELLOW",
    side1 = "Active",
    ndelta1_1 = 1,
    side2 = "Active",
    ndelta2_1 = 1,
    criticality1 = "NORMAL",
    criticality2 = "NORMAL",
    thick = 0.0,
    meshType1 = "regular",
    nodes1 = 8,
    meshType2 = "regular",
    nodes2 = 3,
    analysis_type = "Lumped Parameter");

TLC2 = TRANSLATE(
    object_name = TLC2,
    z_dist = 2.0,
    clear = TRUE);
TLC2 = SHELL_SCS_CYLINDER(
    radius = 1.25,
    hmax = 3.0,
    hmin = 0.0,
    angmin = 0.0,
    angmax = 360.0,
    sense = -1,
    colour1 = "BLACK",
    colour2 = "YELLOW",
    side1 = "Active",
    ndelta1_1 = 1,
    side2 = "Active",
    ndelta2_1 = 1,
    criticality1 = "NORMAL",
    criticality2 = "NORMAL",
    thick = 0.0,
    meshType1 = "regular",
    nodes1 = 8,
    meshType2 = "regular",
    nodes2 = 3,
    analysis_type = "Lumped Parameter");

TLC2 = TRANSLATE(
    object_name = TLC2,
    z_dist = 2.0,
    clear = TRUE);
TLC2 = SHELL_SCS_CYLINDER(
    radius = 1.25,
    hmax = 3.0,
    hmin = 0.0,
    angmin = 0.0,
    angmax = 360.0,
    sense = -1,
    colour1 = "YELLOW",
    colour2 = "BLACK",
    side1 = "Active",
    ndelta1_1 = 1,
    side2 = "Active",
    ndelta2_1 = 1,
    criticality1 = "NORMAL",
    criticality2 = "NORMAL",
    thick = 0.0,
    meshType1 = "regular",
    nodes1 = 8,
    meshType2 = "regular",
    nodes2 = 3,
    analysis_type = "Lumped Parameter");

TLC2 = TRANSLATE(
    object_name = TLC2,
    z_dist = 2.0,
    clear = TRUE);
TLC2 = SHELL_SCS_CYLINDER(
    radius = 1.25,
    hmax = 3.0,
    hmin = 0.0,
    angmin = 0.0,
    angmax = 360.0,
    sense = -1,
    colour1 = "YELLOW",
    colour2 = "BLACK",
    side1 = "Active",
    ndelta1_1 = 1,
    side2 = "Active",
    ndelta2_1 = 1,
    label1 = "TLC2_outter",
    label2 = "TLC2_inner",
    opt1 = Kapton,
    criticality1 = "NORMAL",
    criticality2 = "NORMAL",
    composition = "DUAL",
    bulk1 = MLI,
    thick1 = 0.5e-3,
    bulk2 = Al_7075_T6,
    thick2 = 3.0e-3,
    through_cond = "EFFECTIVE",
    emittance = 0.03,
    meshType1 = "regular",
    nodes1 = 8,
    meshType2 = "regular",
    nodes2 = 3,
    analysis_type = "Lumped Parameter");

TLC2 = TRANSLATE(
    object_name = TLC2,
    z_dist = 2.0,
    clear = TRUE);
BX = SHELL_SCS_BOX(
    height = 2.0,
    xmax = 1.5,
    ymax = 1.5,
    xmin = -1.5,
    ymin = -1.5,
    sense = -1,
    colour1 = "BLACK",
    side1 = "Active",
    ndelta1_1 = 1,
    side2 = "Active",
    ndelta2_1 = 1,
    criticality1 = "NORMAL",
    criticality2 = "NORMAL",
    thick = 0.0,
    meshType1 = "regular",
    nodes1 = 3,
    meshType2 = "regular",
    nodes2 = 3,
    meshType3 = "regular",
    nodes3 = 3,
    analysis_type = "Lumped Parameter");

BX = TRANSLATE(
    object_name = BX,
    z_dist = 5.0,
    clear = TRUE);
BX = SHELL_SCS_BOX(
    height = 2.0,
    xmax = 1.5,
    ymax = 1.5,
    xmin = -1.5,
    ymin = -1.5,
    sense = -1,
    colour1 = "RED",
    side1 = "Active",
    ndelta1_1 = 1,
    side2 = "Active",
    ndelta2_1 = 1,
    criticality1 = "NORMAL",
    criticality2 = "NORMAL",
    thick = 0.0,
    meshType1 = "regular",
    nodes1 = 3,
    meshType2 = "regular",
    nodes2 = 3,
    meshType3 = "regular",
    nodes3 = 3,
    analysis_type = "Lumped Parameter");

BX = TRANSLATE(
    object_name = BX,
    z_dist = 5.0,
    clear = TRUE);
TL_mirror = SHELL_SCS_DISC(
    rmax = 0.75,
    rmin = 0.0,
    height = 2.0e-03,
    angmin = 0.0,
    angmax = 360.0,
    sense = -1,
    colour1 = "BLACK",
    colour2 = "WHITE",
    side1 = "Active",
    ndelta1_1 = 1,
    side2 = "Active",
    ndelta2_1 = 1,
    label1 = "Mirror_inner",
    label2 = "Mirror_outter",
    criticality1 = "NORMAL",
    criticality2 = "NORMAL",
    bulk = ULE_Glass,
    thick = 0.08,
    meshType1 = "regular",
    nodes1 = 8,
    meshType2 = "regular",
    nodes2 = 3,
    analysis_type = "Lumped Parameter");

TL_mirror = TRANSLATE(
    object_name = TL_mirror,
    z_dist = 0.2,
    clear = TRUE);
TLC1 = SHELL_SCS_CYLINDER(
    radius = 0.75,
    hmax = 2.0,
    hmin = 0.0,
    angmin = 0.0,
    angmax = 360.0,
    sense = -1,
    colour1 = "BLACK",
    colour2 = "YELLOW",
    side1 = "Active",
    ndelta1_1 = 1,
    side2 = "Active",
    ndelta2_1 = 1,
    opt1 = Kapton,
    opt2 = Kapton,
    criticality1 = "NORMAL",
    criticality2 = "NORMAL",
    composition = "DUAL",
    bulk1 = MLI,
    thick1 = 5.0e-04,
    bulk2 = MLI,
    thick2 = 2.0e-03,
    through_cond = "EFFECTIVE",
    conductance = 0.0,
    emittance = 0.03,
    meshType1 = "regular",
    nodes1 = 8,
    meshType2 = "regular",
    nodes2 = 3,
    analysis_type = "Lumped Parameter");

TLC1 = TRANSLATE(
    object_name = TLC1,
    clear = TRUE);
TLC1 = SHELL_SCS_CYLINDER(
    radius = 0.75,
    hmax = 2.0,
    hmin = 0.0,
    angmin = 0.0,
    angmax = 360.0,
    sense = -1,
    colour1 = "YELLOW",
    colour2 = "YELLOW",
    side1 = "Active",
    ndelta1_1 = 1,
    side2 = "Active",
    ndelta2_1 = 1,
    label1 = "TLC1_outter",
    label2 = "TLC1_inner",
    opt1 = Kapton,
    opt2 = Kapton,
    criticality1 = "NORMAL",
    criticality2 = "NORMAL",
    composition = "DUAL",
    bulk1 = MLI,
    thick1 = 5.0e-04,
    bulk2 = MLI,
    thick2 = 2.0e-03,
    through_cond = "EFFECTIVE",
    conductance = 0.0,
    emittance = 0.03,
    meshType1 = "regular",
    nodes1 = 8,
    meshType2 = "regular",
    nodes2 = 3,
    analysis_type = "Lumped Parameter");

TLC1 = TRANSLATE(
    object_name = TLC1,
    clear = TRUE);
TL_mirror = SHELL_SCS_DISC(
    rmax = 0.75,
    rmin = 0.0,
    height = 2.0e-03,
    angmin = 0.0,
    angmax = 360.0,
    sense = -1,
    colour1 = "GREY",
    colour2 = "WHITE",
    side1 = "Active",
    ndelta1_1 = 1,
    side2 = "Active",
    ndelta2_1 = 1,
    label1 = "Mirror_inner",
    label2 = "Mirror_outter",
    criticality1 = "NORMAL",
    criticality2 = "NORMAL",
    bulk = ULE_Glass,
    thick = 0.08,
    meshType1 = "regular",
    nodes1 = 8,
    meshType2 = "regular",
    nodes2 = 3,
    analysis_type = "Lumped Parameter");

TL_mirror = TRANSLATE(
    object_name = TL_mirror,
    z_dist = 0.2,
    clear = TRUE);
TLD2 = SHELL_SCS_DISC(
    rmax = 1.25,
    rmin = 0.0,
    height = 0.0,
    angmin = 0.0,
    angmax = 360.0,
    sense = -1,
    colour1 = "YELLOW_GREEN",
    colour2 = "YELLOW",
    side1 = "Active",
    ndelta1_1 = 1,
    side2 = "Active",
    ndelta2_1 = 1,
    label1 = "TLD1_inner",
    label2 = "TLD1_outter",
    opt2 = Kapton,
    criticality1 = "NORMAL",
    criticality2 = "NORMAL",
    composition = "DUAL",
    bulk1 = MLI,
    thick1 = 5.0e-04,
    bulk2 = Al_7075_T6,
    thick2 = 2.0e-03,
    through_cond = "EFFECTIVE",
    conductance = 0.0,
    emittance = 0.03,
    meshType1 = "regular",
    nodes1 = 8,
    meshType2 = "regular",
    nodes2 = 3,
    analysis_type = "Lumped Parameter");

TLD2 = TRANSLATE(
    object_name = TLD2,
    z_dist = 2.0,
    clear = TRUE);
TLC2 = SHELL_SCS_CYLINDER(
    radius = 1.25,
    hmax = 3.0,
    hmin = 0.0,
    angmin = 0.0,
    angmax = 360.0,
    sense = -1,
    colour1 = "YELLOW",
    colour2 = "YELLOW_GREEN",
    side1 = "Active",
    ndelta1_1 = 1,
    side2 = "Active",
    ndelta2_1 = 1,
    label1 = "TLC2_outter",
    label2 = "TLC2_inner",
    opt1 = Kapton,
    opt2 = Kapton,
    criticality1 = "NORMAL",
    criticality2 = "NORMAL",
    composition = "DUAL",
    bulk1 = MLI,
    thick1 = 5.0e-04,
    bulk2 = Al_7075_T6,
    thick2 = 3.0e-03,
    through_cond = "EFFECTIVE",
    conductance = 0.0,
    emittance = 0.03,
    meshType1 = "regular",
    nodes1 = 8,
    meshType2 = "regular",
    nodes2 = 3,
    analysis_type = "Lumped Parameter");

TLC2 = TRANSLATE(
    object_name = TLC2,
    z_dist = 2.0,
    clear = TRUE);
TLC1 = SHELL_SCS_CYLINDER(
    radius = 0.75,
    hmax = 2.0,
    hmin = 0.0,
    angmin = 0.0,
    angmax = 360.0,
    sense = -1,
    colour1 = "YELLOW",
    colour2 = "YELLOW_GREEN",
    side1 = "Active",
    ndelta1_1 = 1,
    side2 = "Active",
    ndelta2_1 = 1,
    label1 = "TLC1_outter",
    label2 = "TLC1_inner",
    opt1 = Kapton,
    opt2 = Kapton,
    criticality1 = "NORMAL",
    criticality2 = "NORMAL",
    composition = "DUAL",
    bulk1 = MLI,
    thick1 = 5.0e-04,
    bulk2 = MLI,
    thick2 = 2.0e-03,
    through_cond = "EFFECTIVE",
    conductance = 0.0,
    emittance = 0.03,
    meshType1 = "regular",
    nodes1 = 8,
    meshType2 = "regular",
    nodes2 = 3,
    analysis_type = "Lumped Parameter");

TLC1 = TRANSLATE(
    object_name = TLC1,
    clear = TRUE);
BX = SHELL_SCS_BOX(
    height = 2.0,
    xmax = 1.5,
    ymax = 1.5,
    xmin = -1.5,
    ymin = -1.5,
    sense = -1,
    colour1 = "RED",
    colour2 = "REDDISH_BROWN",
    side1 = "Active",
    ndelta1_1 = 1,
    side2 = "Active",
    ndelta2_1 = 1,
    criticality1 = "NORMAL",
    criticality2 = "NORMAL",
    thick = 0.0,
    meshType1 = "regular",
    nodes1 = 3,
    meshType2 = "regular",
    nodes2 = 3,
    meshType3 = "regular",
    nodes3 = 3,
    analysis_type = "Lumped Parameter");

BX = TRANSLATE(
    object_name = BX,
    z_dist = 5.0,
    clear = TRUE);
BX = SHELL_SCS_BOX(
    height = 2.0,
    xmax = 1.5,
    ymax = 1.5,
    xmin = -1.5,
    ymin = -1.5,
    sense = -1,
    colour1 = "RED",
    colour2 = "REDDISH_BROWN",
    side1 = "Active",
    ndelta1_1 = 1,
    side2 = "Active",
    ndelta2_1 = 1,
    label1 = "BX_outter",
    label2 = "BX_inner",
    opt1 = AL_polished,
    opt2 = AL_polished,
    criticality1 = "NORMAL",
    criticality2 = "NORMAL",
    composition = "DUAL",
    bulk1 = MLI,
    thick1 = 0.6e-3,
    bulk2 = Al_7075_T6,
    thick2 = 3.0e-3,
    through_cond = "EFFECTIVE",
    emittance = 0.03,
    meshType1 = "regular",
    nodes1 = 3,
    meshType2 = "regular",
    nodes2 = 3,
    meshType3 = "regular",
    nodes3 = 3,
    analysis_type = "Lumped Parameter");

BX = TRANSLATE(
    object_name = BX,
    z_dist = 5.0,
    clear = TRUE);
SP1 = SHELL_SCS_RECTANGLE(
    xmax = 6.0,
    ymax = 1.2,
    height = 0.0,
    xmin = 0.0,
    ymin = -1.2,
    sense = -1,
    side1 = "Active",
    ndelta1_1 = 1,
    side2 = "Active",
    ndelta2_1 = 1,
    criticality1 = "NORMAL",
    criticality2 = "NORMAL",
    thick = 0.0,
    meshType1 = "regular",
    nodes1 = 6,
    meshType2 = "regular",
    nodes2 = 1,
    analysis_type = "Lumped Parameter");

SP1 = TRANSLATE(
    object_name = SP1,
    x_dist = 1.8,
    z_dist = 7.0,
    clear = TRUE);
SP1 = SHELL_SCS_RECTANGLE(
    xmax = 6.0,
    ymax = 1.2,
    height = 0.0,
    xmin = 0.0,
    ymin = -1.2,
    sense = -1,
    colour1 = "GREEN",
    side1 = "Active",
    ndelta1_1 = 1,
    side2 = "Active",
    ndelta2_1 = 1,
    criticality1 = "NORMAL",
    criticality2 = "NORMAL",
    thick = 0.0,
    meshType1 = "regular",
    nodes1 = 6,
    meshType2 = "regular",
    nodes2 = 2,
    analysis_type = "Lumped Parameter");

SP1 = TRANSLATE(
    object_name = SP1,
    x_dist = 1.8,
    z_dist = 7.0,
    clear = TRUE);
TLC1 = SHELL_SCS_CYLINDER(
    radius = 0.75,
    hmax = 2.0,
    hmin = 0.0,
    angmin = 0.0,
    angmax = 360.0,
    sense = -1,
    colour1 = "YELLOW",
    colour2 = "YELLOW_GREEN",
    side1 = "Active",
    ndelta1_1 = 1,
    side2 = "Active",
    ndelta2_1 = 1,
    label1 = "TLC1_outter",
    label2 = "TLC1_inner",
    opt1 = Kapton,
    opt2 = Kapton,
    criticality1 = "NORMAL",
    criticality2 = "NORMAL",
    composition = "DUAL",
    bulk1 = MLI,
    thick1 = 5.0e-04,
    bulk2 = Al_7075_T6,
    thick2 = 2.0e-03,
    through_cond = "EFFECTIVE",
    conductance = 0.0,
    emittance = 0.03,
    meshType1 = "regular",
    nodes1 = 8,
    meshType2 = "regular",
    nodes2 = 3,
    analysis_type = "Lumped Parameter");

TLC1 = TRANSLATE(
    object_name = TLC1,
    clear = TRUE);
TL_mirror = SHELL_SCS_DISC(
    rmax = 0.75,
    rmin = 0.0,
    height = 2.0e-03,
    angmin = 0.0,
    angmax = 360.0,
    sense = -1,
    colour1 = "GREY",
    colour2 = "WHITE",
    side1 = "Active",
    ndelta1_1 = 1,
    side2 = "Active",
    ndelta2_1 = 1,
    label1 = "Mirror_inner",
    label2 = "Mirror_outter",
    opt1 = AL_polished,
    opt2 = SSM,
    criticality1 = "NORMAL",
    criticality2 = "NORMAL",
    bulk = ULE_Glass,
    thick = 0.08,
    meshType1 = "regular",
    nodes1 = 8,
    meshType2 = "regular",
    nodes2 = 3,
    analysis_type = "Lumped Parameter");

TL_mirror = TRANSLATE(
    object_name = TL_mirror,
    z_dist = 0.2,
    clear = TRUE);
TLD2 = SHELL_SCS_DISC(
    rmax = 1.25,
    rmin = 0.0,
    height = 0.0,
    angmin = 0.0,
    angmax = 360.0,
    sense = -1,
    colour1 = "YELLOW_GREEN",
    colour2 = "YELLOW",
    side1 = "Active",
    ndelta1_1 = 1,
    side2 = "Active",
    ndelta2_1 = 1,
    label1 = "TLD2_inner",
    label2 = "TLD2_outter",
    opt2 = Kapton,
    criticality1 = "NORMAL",
    criticality2 = "NORMAL",
    composition = "DUAL",
    bulk1 = MLI,
    thick1 = 2.0e-3,
    bulk2 = MLI,
    thick2 = 0.5e-3,
    through_cond = "EFFECTIVE",
    conductance = 0.0,
    emittance = 0.03,
    meshType1 = "regular",
    nodes1 = 8,
    meshType2 = "regular",
    nodes2 = 3,
    analysis_type = "Lumped Parameter");

TLD2 = TRANSLATE(
    object_name = TLD2,
    z_dist = 2.0,
    clear = TRUE);
TLD2 = SHELL_SCS_DISC(
    rmax = 1.25,
    rmin = 0.0,
    height = 0.0,
    angmin = 0.0,
    angmax = 360.0,
    sense = -1,
    colour1 = "YELLOW_GREEN",
    colour2 = "YELLOW",
    side1 = "Active",
    ndelta1_1 = 1,
    side2 = "Active",
    ndelta2_1 = 1,
    label1 = "TLD2_inner",
    label2 = "TLD2_outter",
    opt2 = Kapton,
    criticality1 = "NORMAL",
    criticality2 = "NORMAL",
    composition = "DUAL",
    bulk1 = MLI,
    thick1 = 2.0e-3,
    bulk2 = MLI,
    thick2 = 0.5e-3,
    meshType1 = "regular",
    nodes1 = 8,
    meshType2 = "regular",
    nodes2 = 3,
    analysis_type = "Lumped Parameter");

TLD2 = TRANSLATE(
    object_name = TLD2,
    z_dist = 2.0,
    clear = TRUE);
SP1 = SHELL_SCS_RECTANGLE(
    xmax = 6.0,
    ymax = 1.2,
    height = 0.0,
    xmin = 0.0,
    ymin = -1.2,
    sense = -1,
    colour1 = "GREEN",
    colour2 = "GREY_GREEN",
    side1 = "Active",
    ndelta1_1 = 1,
    side2 = "Active",
    ndelta2_1 = 1,
    label1 = "Solar_face",
    label2 = "Back_face",
    opt1 = Solar_cells,
    opt2 = AL_polished,
    criticality1 = "NORMAL",
    criticality2 = "NORMAL",
    composition = "DUAL",
    bulk1 = GaAs,
    thick1 = 1.0e-3,
    bulk2 = Al_7075_T6,
    thick2 = 1.0e-3,
    meshType1 = "regular",
    nodes1 = 6,
    meshType2 = "regular",
    nodes2 = 2,
    analysis_type = "Lumped Parameter");

SP1 = TRANSLATE(
    object_name = SP1,
    x_dist = 1.8,
    z_dist = 7.0,
    clear = TRUE);
SP1 = SHELL_SCS_RECTANGLE(
    xmax = 6.0,
    ymax = 1.2,
    height = 0.0,
    xmin = 0.0,
    ymin = -1.2,
    sense = -1,
    colour1 = "GREEN",
    colour2 = "GREY_GREEN",
    side1 = "Active",
    ndelta1_1 = 1,
    side2 = "Active",
    ndelta2_1 = 1,
    label1 = "Solar_face",
    label2 = "Back_face",
    opt1 = Solar_cells,
    opt2 = AL_polished,
    criticality1 = "NORMAL",
    criticality2 = "NORMAL",
    composition = "DUAL",
    bulk1 = GaAs,
    thick1 = 1.0e-3,
    bulk2 = Al_7075_T6,
    thick2 = 1.0e-3,
    meshType1 = "regular",
    nodes1 = 6,
    meshType2 = "regular",
    nodes2 = 2,
    analysis_type = "Lumped Parameter");

SP1 = TRANSLATE(
    object_name = SP1,
    x_dist = 1.8,
    z_dist = 7.0,
    clear = TRUE);
SP1 = SHELL_SCS_RECTANGLE(
    xmax = 6.0,
    ymax = 1.2,
    height = 0.0,
    xmin = 0.0,
    ymin = -1.2,
    sense = -1,
    colour1 = "GREEN",
    colour2 = "GREY_GREEN",
    side1 = "Active",
    ndelta1_1 = 1,
    side2 = "Active",
    ndelta2_1 = 1,
    label1 = "Solar_face",
    label2 = "Back_face",
    opt1 = Solar_cells,
    opt2 = AL_polished,
    criticality1 = "NORMAL",
    criticality2 = "NORMAL",
    composition = "DUAL",
    bulk1 = GaAs,
    thick1 = 1.0e-3,
    bulk2 = Al_7075_T6,
    thick2 = 1.0e-3,
    meshType1 = "regular",
    nodes1 = 6,
    meshType2 = "regular",
    nodes2 = 2,
    analysis_type = "Lumped Parameter");

SP1 = TRANSLATE(
    object_name = SP1,
    x_dist = 1.8,
    z_dist = 7.0,
    clear = TRUE);
SP2 = SHELL_SCS_RECTANGLE(
    xmax = 0.0,
    ymax = 1.2,
    height = 0.0,
    xmin = -6.0,
    ymin = -1.2,
    sense = -1,
    colour1 = "GREEN",
    colour2 = "GREY_GREEN",
    side1 = "Active",
    ndelta1_1 = 1,
    side2 = "Active",
    ndelta2_1 = 1,
    label1 = "Solar_face",
    label2 = "Back_face",
    opt1 = Solar_cells,
    opt2 = AL_polished,
    criticality1 = "NORMAL",
    criticality2 = "NORMAL",
    composition = "DUAL",
    meshType1 = "regular",
    nodes1 = 1,
    meshType2 = "regular",
    nodes2 = 1,
    analysis_type = "Lumped Parameter");

SP2 = TRANSLATE(
    object_name = SP2,
    x_dist = -1.8,
    z_dist = 7.0,
    clear = TRUE);
SP2 = SHELL_SCS_RECTANGLE(
    xmax = 0.0,
    ymax = 1.2,
    height = 0.0,
    xmin = -6.0,
    ymin = -1.2,
    sense = -1,
    colour1 = "GREEN",
    colour2 = "GREY_GREEN",
    side1 = "Active",
    ndelta1_1 = 1,
    side2 = "Active",
    ndelta2_1 = 1,
    label1 = "Solar_face",
    label2 = "Back_face",
    opt1 = Solar_cells,
    opt2 = AL_polished,
    criticality1 = "NORMAL",
    criticality2 = "NORMAL",
    composition = "DUAL",
    meshType1 = "regular",
    nodes1 = 1,
    ratio1 = 6.0,
    meshType2 = "regular",
    nodes2 = 1,
    ratio2 = 2.0,
    analysis_type = "Lumped Parameter");

SP2 = TRANSLATE(
    object_name = SP2,
    x_dist = -1.8,
    z_dist = 7.0,
    clear = TRUE);
SP2 = SHELL_SCS_RECTANGLE(
    xmax = 0.0,
    ymax = 1.2,
    height = 0.0,
    xmin = -6.0,
    ymin = -1.2,
    sense = -1,
    colour1 = "GREEN",
    colour2 = "GREY_GREEN",
    side1 = "Active",
    ndelta1_1 = 1,
    side2 = "Active",
    ndelta2_1 = 1,
    label1 = "Solar_face",
    label2 = "Back_face",
    opt1 = Solar_cells,
    opt2 = AL_polished,
    criticality1 = "NORMAL",
    criticality2 = "NORMAL",
    composition = "DUAL",
    meshType1 = "regular",
    nodes1 = 1,
    ratio1 = 6.0,
    meshType2 = "regular",
    nodes2 = 1,
    ratio2 = 2.0,
    analysis_type = "Lumped Parameter");

SP2 = TRANSLATE(
    object_name = SP2,
    x_dist = -1.8,
    z_dist = 7.0,
    clear = TRUE);
SP2 = SHELL_SCS_RECTANGLE(
    xmax = 0.0,
    ymax = 1.2,
    height = 0.0,
    xmin = -6.0,
    ymin = -1.2,
    sense = -1,
    colour1 = "GREEN",
    colour2 = "GREY_GREEN",
    side1 = "Active",
    ndelta1_1 = 1,
    side2 = "Active",
    ndelta2_1 = 1,
    label1 = "Solar_face",
    label2 = "Back_face",
    opt1 = Solar_cells,
    opt2 = AL_polished,
    criticality1 = "NORMAL",
    criticality2 = "NORMAL",
    composition = "DUAL",
    meshType1 = "regular",
    nodes1 = 6,
    meshType2 = "regular",
    nodes2 = 2,
    analysis_type = "Lumped Parameter");

SP2 = TRANSLATE(
    object_name = SP2,
    x_dist = -1.8,
    z_dist = 7.0,
    clear = TRUE);
SP2 = SHELL_SCS_RECTANGLE(
    xmax = 0.0,
    ymax = 1.2,
    height = 0.0,
    xmin = -6.0,
    ymin = -1.2,
    sense = -1,
    colour1 = "GREEN",
    colour2 = "PALE_GREEN",
    side1 = "Active",
    ndelta1_1 = 1,
    side2 = "Active",
    ndelta2_1 = 1,
    label1 = "Solar_face",
    label2 = "Back_face",
    opt1 = Solar_cells,
    opt2 = AL_polished,
    criticality1 = "NORMAL",
    criticality2 = "NORMAL",
    composition = "DUAL",
    meshType1 = "regular",
    nodes1 = 6,
    meshType2 = "regular",
    nodes2 = 2,
    analysis_type = "Lumped Parameter");

SP2 = TRANSLATE(
    object_name = SP2,
    x_dist = -1.8,
    z_dist = 7.0,
    clear = TRUE);
SP1 = SHELL_SCS_RECTANGLE(
    xmax = 6.0,
    ymax = 1.2,
    height = 0.0,
    xmin = 0.0,
    ymin = -1.2,
    sense = -1,
    colour1 = "GREEN",
    colour2 = "PALE_GREEN",
    side1 = "Active",
    ndelta1_1 = 1,
    side2 = "Active",
    ndelta2_1 = 1,
    label1 = "Solar_face",
    label2 = "Back_face",
    opt1 = Solar_cells,
    opt2 = AL_polished,
    criticality1 = "NORMAL",
    criticality2 = "NORMAL",
    composition = "DUAL",
    bulk1 = GaAs,
    thick1 = 1.0e-03,
    bulk2 = Al_7075_T6,
    thick2 = 1.0e-03,
    meshType1 = "regular",
    nodes1 = 6,
    meshType2 = "regular",
    nodes2 = 2,
    analysis_type = "Lumped Parameter");

SP1 = TRANSLATE(
    object_name = SP1,
    x_dist = 1.8,
    z_dist = 7.0,
    clear = TRUE);
SP2 = SHELL_SCS_RECTANGLE(
    xmax = 0.0,
    ymax = 1.2,
    height = 0.0,
    xmin = -6.0,
    ymin = -1.2,
    sense = -1,
    colour1 = "GREEN",
    colour2 = "PALE_GREEN",
    side1 = "Active",
    ndelta1_1 = 1,
    side2 = "Active",
    ndelta2_1 = 1,
    label1 = "Solar_face",
    label2 = "Back_face",
    opt1 = Solar_cells,
    opt2 = AL_polished,
    criticality1 = "NORMAL",
    criticality2 = "NORMAL",
    composition = "DUAL",
    bulk1 = GaAs,
    thick1 = 1.0e-3,
    bulk2 = Al_7075_T6,
    thick2 = 1.0e-3,
    meshType1 = "regular",
    nodes1 = 6,
    meshType2 = "regular",
    nodes2 = 2,
    analysis_type = "Lumped Parameter");

SP2 = TRANSLATE(
    object_name = SP2,
    x_dist = -1.8,
    z_dist = 7.0,
    clear = TRUE);
REMOVE_FACE(face = "TLC2:face31");
TLC2 = SHELL_SCS_CYLINDER(
    radius = 1.25,
    hmax = 3.0,
    hmin = 0.0,
    angmin = 0.0,
    angmax = 360.0,
    sense = -1,
    colour1 = "YELLOW",
    colour2 = "YELLOW_GREEN",
    side1 = "Active",
    ndelta1_1 = 1,
    side2 = "Active",
    ndelta2_1 = 1,
    label1 = "TLC2_outter",
    label2 = "TLC2_inner",
    opt1 = Kapton,
    opt2 = Kapton,
    criticality1 = "NORMAL",
    criticality2 = "NORMAL",
    composition = "DUAL",
    bulk1 = MLI,
    thick1 = 5.0e-04,
    bulk2 = Al_7075_T6,
    thick2 = 3.0e-03,
    through_cond = "EFFECTIVE",
    conductance = 0.0,
    emittance = 0.03,
    meshType1 = "regular",
    nodes1 = 8,
    meshType2 = "regular",
    nodes2 = 3,
    analysis_type = "Lumped Parameter");

TLC2 = TRANSLATE(
    object_name = TLC2,
    z_dist = 2.0,
    clear = TRUE);
TLD2 = SHELL_SCS_DISC(
    rmax = 1.25,
    rmin = 0.0,
    height = 0.0,
    angmin = 0.0,
    angmax = 360.0,
    sense = -1,
    colour1 = "YELLOW_GREEN",
    colour2 = "YELLOW",
    side1 = "Active",
    ndelta1_1 = 1,
    side2 = "Active",
    ndelta2_1 = 1,
    label1 = "TLD2_inner",
    label2 = "TLD2_outter",
    opt1 = Kapton,
    opt2 = Kapton,
    criticality1 = "NORMAL",
    criticality2 = "NORMAL",
    composition = "DUAL",
    bulk1 = MLI,
    thick1 = 2.0e-03,
    bulk2 = MLI,
    thick2 = 5.0e-04,
    meshType1 = "regular",
    nodes1 = 8,
    meshType2 = "regular",
    nodes2 = 3,
    analysis_type = "Lumped Parameter");

TLD2 = TRANSLATE(
    object_name = TLD2,
    z_dist = 2.0,
    clear = TRUE);
GEOMETRY TRAY;
TRAY = SHELL_SCS_RECTANGLE(
    xmax = 1.0,
    ymax = 1.0,
    xmin = -1.0,
    ymin = -1.0,
    sense = -1,
    side1 = "Active",
    ndelta1_1 = 1,
    side2 = "Active",
    ndelta2_1 = 1,
    criticality1 = "NORMAL",
    criticality2 = "NORMAL",
    meshType1 = "regular",
    nodes1 = 1,
    meshType2 = "regular",
    nodes2 = 1,
    analysis_type = "Lumped Parameter");

TRAY = TRANSLATE(
    object_name = TRAY,
    z_dist = 6.0,
    clear = TRUE);
TRAY = SHELL_SCS_RECTANGLE(
    xmax = 1.5,
    ymax = 1.5,
    xmin = -1.5,
    ymin = -1.5,
    sense = -1,
    side1 = "Active",
    ndelta1_1 = 1,
    side2 = "Active",
    ndelta2_1 = 1,
    criticality1 = "NORMAL",
    criticality2 = "NORMAL",
    meshType1 = "regular",
    nodes1 = 1,
    meshType2 = "regular",
    nodes2 = 1,
    analysis_type = "Lumped Parameter");

TRAY = TRANSLATE(
    object_name = TRAY,
    z_dist = 6.0,
    clear = TRUE);
TRAY = SHELL_SCS_RECTANGLE(
    xmax = 1.5,
    ymax = 1.5,
    xmin = -1.5,
    ymin = -1.5,
    sense = -1,
    side1 = "Active",
    ndelta1_1 = 1,
    side2 = "Active",
    ndelta2_1 = 1,
    criticality1 = "NORMAL",
    criticality2 = "NORMAL",
    meshType1 = "regular",
    nodes1 = 3,
    meshType2 = "regular",
    nodes2 = 3,
    analysis_type = "Lumped Parameter");

TRAY = TRANSLATE(
    object_name = TRAY,
    z_dist = 6.0,
    clear = TRUE);
TRAY = SHELL_SCS_RECTANGLE(
    xmax = 1.5,
    ymax = 1.5,
    xmin = -1.5,
    ymin = -1.5,
    sense = -1,
    side1 = "Active",
    ndelta1_1 = 1,
    side2 = "Active",
    ndelta2_1 = 1,
    opt1 = AL_polished,
    opt2 = AL_polished,
    criticality1 = "NORMAL",
    criticality2 = "NORMAL",
    bulk = Al_7075_T6,
    thick = 3.0e-3,
    meshType1 = "regular",
    nodes1 = 3,
    meshType2 = "regular",
    nodes2 = 3,
    analysis_type = "Lumped Parameter");

TRAY = TRANSLATE(
    object_name = TRAY,
    z_dist = 6.0,
    clear = TRUE);
TRAY = SHELL_SCS_RECTANGLE(
    xmax = 1.5,
    ymax = 1.5,
    xmin = -1.5,
    ymin = -1.5,
    sense = -1,
    colour1 = "RED",
    colour2 = "RED",
    side1 = "Active",
    ndelta1_1 = 1,
    side2 = "Active",
    ndelta2_1 = 1,
    opt1 = AL_polished,
    opt2 = AL_polished,
    criticality1 = "NORMAL",
    criticality2 = "NORMAL",
    bulk = Al_7075_T6,
    thick = 3.0e-3,
    meshType1 = "regular",
    nodes1 = 3,
    meshType2 = "regular",
    nodes2 = 3,
    analysis_type = "Lumped Parameter");

TRAY = TRANSLATE(
    object_name = TRAY,
    z_dist = 6.0,
    clear = TRUE);
GEOMETRY RDTR;
RDTR = SHELL_SCS_RECTANGLE(
    xmax = 1.0,
    ymax = 4.0,
    xmin = -1.0,
    sense = -1,
    side1 = "Active",
    ndelta1_1 = 1,
    side2 = "Active",
    ndelta2_1 = 1,
    criticality1 = "NORMAL",
    criticality2 = "NORMAL",
    meshType1 = "regular",
    nodes1 = 1,
    meshType2 = "regular",
    nodes2 = 1,
    analysis_type = "Lumped Parameter");

RDTR = TRANSLATE(
    object_name = RDTR,
    clear = TRUE);
RDTR = SHELL_SCS_RECTANGLE(
    xmax = 1.0,
    ymax = 4.0,
    xmin = -1.0,
    sense = -1,
    side1 = "Active",
    ndelta1_1 = 1,
    side2 = "Active",
    ndelta2_1 = 1,
    criticality1 = "NORMAL",
    criticality2 = "NORMAL",
    meshType1 = "regular",
    nodes1 = 1,
    meshType2 = "regular",
    nodes2 = 1,
    analysis_type = "Lumped Parameter");

RDTR = TRANSLATE(
    object_name = RDTR,
    z_dist = 7.0,
    clear = TRUE);
RDTR = SHELL_SCS_RECTANGLE(
    xmax = 1.0,
    ymax = 4.0,
    xmin = -1.0,
    sense = -1,
    side1 = "Active",
    ndelta1_1 = 1,
    side2 = "Active",
    ndelta2_1 = 1,
    criticality1 = "NORMAL",
    criticality2 = "NORMAL",
    meshType1 = "regular",
    nodes1 = 1,
    meshType2 = "regular",
    nodes2 = 1,
    analysis_type = "Lumped Parameter");

RDTR = TRANSLATE(
    object_name = RDTR,
    y_dist = 1.8,
    z_dist = 7.0,
    clear = TRUE);
RDTR = SHELL_SCS_RECTANGLE(
    xmax = 1.0,
    ymax = 4.0,
    xmin = -1.0,
    sense = -1,
    side1 = "Active",
    ndelta1_1 = 1,
    side2 = "Active",
    ndelta2_1 = 1,
    criticality1 = "NORMAL",
    criticality2 = "NORMAL",
    meshType1 = "regular",
    nodes1 = 1,
    meshType2 = "regular",
    nodes2 = 1,
    analysis_type = "Lumped Parameter");

RDTR = ROTATE(
    object_name = RDTR,
    x_ang = -90.0,
    clear = TRUE);
RDTR = TRANSLATE(
    object_name = RDTR,
    y_dist = 1.8,
    z_dist = 7.0);
RDTR = SHELL_SCS_RECTANGLE(
    xmax = 1.0,
    ymax = 4.0,
    xmin = -1.0,
    sense = -1,
    side1 = "Active",
    ndelta1_1 = 1,
    side2 = "Active",
    ndelta2_1 = 1,
    criticality1 = "NORMAL",
    criticality2 = "NORMAL",
    meshType1 = "regular",
    nodes1 = 2,
    meshType2 = "regular",
    nodes2 = 4,
    analysis_type = "Lumped Parameter");

RDTR = ROTATE(
    object_name = RDTR,
    x_ang = -90.0,
    clear = TRUE);
RDTR = TRANSLATE(
    object_name = RDTR,
    y_dist = 1.8,
    z_dist = 7.0);
RDTR = SHELL_SCS_RECTANGLE(
    xmax = 1.0,
    ymax = 4.0,
    xmin = -1.0,
    sense = -1,
    colour1 = "ORANGE",
    side1 = "Active",
    ndelta1_1 = 1,
    side2 = "Active",
    ndelta2_1 = 1,
    criticality1 = "NORMAL",
    criticality2 = "NORMAL",
    meshType1 = "regular",
    nodes1 = 2,
    meshType2 = "regular",
    nodes2 = 4,
    analysis_type = "Lumped Parameter");

RDTR = ROTATE(
    object_name = RDTR,
    x_ang = -90.0,
    clear = TRUE);
RDTR = TRANSLATE(
    object_name = RDTR,
    y_dist = 1.8,
    z_dist = 7.0);
RDTR = SHELL_SCS_RECTANGLE(
    xmax = 1.0,
    ymax = 4.0,
    xmin = -1.0,
    sense = -1,
    colour1 = "ORANGE",
    side1 = "Active",
    ndelta1_1 = 1,
    side2 = "Active",
    ndelta2_1 = 1,
    label1 = "RDTR_outter",
    label2 = "RDTR_inner",
    opt1 = SSM,
    opt2 = AL_polished,
    criticality1 = "NORMAL",
    criticality2 = "NORMAL",
    composition = "DUAL",
    bulk1 = Radiator,
    thick1 = 8.0e-3,
    bulk2 = Al_7075_T6,
    thick2 = 1.0e-3,
    meshType1 = "regular",
    nodes1 = 2,
    meshType2 = "regular",
    nodes2 = 4,
    analysis_type = "Lumped Parameter");

RDTR = ROTATE(
    object_name = RDTR,
    x_ang = -90.0,
    clear = TRUE);
RDTR = TRANSLATE(
    object_name = RDTR,
    y_dist = 1.8,
    z_dist = 7.0);
GEOMETRY BODY;
BODY = TLC2 + TLC1 + TLD2 + TRAY + BX + RDTR + TL_mirror;
GEOMETRY SOLAR_PANELS;
SOLAR_PANELS = SP2 + SP1;
GEOMETRY Solar_panels_assembly;
Solar_panels_assembly = ASSEMBLE(
    ref_comp = BODY,
    moving_comp = SOLAR_PANELS,
    orientation = "TRUE_SUN",
    rot_point = [0.0, 0.0, 7.0],
    rot_axis = [1.0, 0.0, 0.0],
    rot_min_ang = 0.0,
    rot_max_ang = 360.0,
    point_vect = [0.0, 0.0, 1.0]
);
SP1 = SHELL_SCS_RECTANGLE(
    xmax = 3.0,
    ymax = 1.2,
    height = 0.0,
    xmin = 0.0,
    ymin = -1.2,
    sense = -1,
    colour1 = "GREEN",
    colour2 = "PALE_GREEN",
    side1 = "Active",
    ndelta1_1 = 1,
    side2 = "Active",
    ndelta2_1 = 1,
    label1 = "Solar_face",
    label2 = "Back_face",
    opt1 = Solar_cells,
    opt2 = AL_polished,
    criticality1 = "NORMAL",
    criticality2 = "NORMAL",
    composition = "DUAL",
    bulk1 = GaAs,
    thick1 = 1.0e-03,
    bulk2 = Al_7075_T6,
    thick2 = 1.0e-03,
    meshType1 = "regular",
    nodes1 = 6,
    meshType2 = "regular",
    nodes2 = 2,
    analysis_type = "Lumped Parameter");

SP1 = TRANSLATE(
    object_name = SP1,
    x_dist = 1.8,
    z_dist = 7.0,
    clear = TRUE);
SP1 = SHELL_SCS_RECTANGLE(
    xmax = 4.0,
    ymax = 1.2,
    height = 0.0,
    xmin = 0.0,
    ymin = -1.2,
    sense = -1,
    colour1 = "GREEN",
    colour2 = "PALE_GREEN",
    side1 = "Active",
    ndelta1_1 = 1,
    side2 = "Active",
    ndelta2_1 = 1,
    label1 = "Solar_face",
    label2 = "Back_face",
    opt1 = Solar_cells,
    opt2 = AL_polished,
    criticality1 = "NORMAL",
    criticality2 = "NORMAL",
    composition = "DUAL",
    bulk1 = GaAs,
    thick1 = 1.0e-03,
    bulk2 = Al_7075_T6,
    thick2 = 1.0e-03,
    meshType1 = "regular",
    nodes1 = 6,
    meshType2 = "regular",
    nodes2 = 2,
    analysis_type = "Lumped Parameter");

SP1 = TRANSLATE(
    object_name = SP1,
    x_dist = 1.8,
    z_dist = 7.0,
    clear = TRUE);
SP2 = SHELL_SCS_RECTANGLE(
    xmax = 0.0,
    ymax = 1.2,
    height = 0.0,
    xmin = -4.0,
    ymin = -1.2,
    sense = -1,
    colour1 = "GREEN",
    colour2 = "PALE_GREEN",
    side1 = "Active",
    ndelta1_1 = 1,
    side2 = "Active",
    ndelta2_1 = 1,
    label1 = "Solar_face",
    label2 = "Back_face",
    opt1 = Solar_cells,
    opt2 = AL_polished,
    criticality1 = "NORMAL",
    criticality2 = "NORMAL",
    composition = "DUAL",
    bulk1 = GaAs,
    thick1 = 1.0e-03,
    bulk2 = Al_7075_T6,
    thick2 = 1.0e-03,
    meshType1 = "regular",
    nodes1 = 6,
    meshType2 = "regular",
    nodes2 = 2,
    analysis_type = "Lumped Parameter");

SP2 = TRANSLATE(
    object_name = SP2,
    x_dist = -1.8,
    z_dist = 7.0,
    clear = TRUE);
TLD2 = SHELL_SCS_DISC(
    rmax = 1.25,
    rmin = 0.75,
    height = 0.0,
    angmin = 0.0,
    angmax = 360.0,
    sense = -1,
    colour1 = "YELLOW_GREEN",
    colour2 = "YELLOW",
    side1 = "Active",
    ndelta1_1 = 1,
    side2 = "Active",
    ndelta2_1 = 1,
    label1 = "TLD2_inner",
    label2 = "TLD2_outter",
    opt1 = Kapton,
    opt2 = Kapton,
    criticality1 = "NORMAL",
    criticality2 = "NORMAL",
    composition = "DUAL",
    bulk1 = MLI,
    thick1 = 2.0e-03,
    bulk2 = MLI,
    thick2 = 5.0e-04,
    meshType1 = "regular",
    nodes1 = 8,
    meshType2 = "regular",
    nodes2 = 3,
    analysis_type = "Lumped Parameter");

TLD2 = TRANSLATE(
    object_name = TLD2,
    z_dist = 2.0,
    clear = TRUE);
TL_mirror = SHELL_SCS_DISC(
    rmax = 0.75,
    rmin = 0.0,
    height = 2.0e-03,
    angmin = 0.0,
    angmax = 360.0,
    sense = -1,
    colour1 = "GREY",
    colour2 = "WHITE",
    side1 = "Active",
    ndelta1_1 = 1,
    side2 = "Active",
    ndelta2_1 = 1,
    label1 = "Mirror_inner",
    label2 = "Mirror_outter",
    opt1 = AL_polished,
    opt2 = SSM,
    criticality1 = "NORMAL",
    criticality2 = "NORMAL",
    bulk = ULE_Glass,
    thick = 0.08,
    meshType1 = "regular",
    nodes1 = 8,
    meshType2 = "regular",
    nodes2 = 3,
    analysis_type = "Lumped Parameter");

TL_mirror = TRANSLATE(
    object_name = TL_mirror,
    z_dist = 1.0,
    clear = TRUE);
