#@@>
#@@> ESATAN-TMS  2020                    November  2019
#@@> ITP Engines UK - www.esatan-tms.com
#@@>
#@@> Run date: 13 April     2021  11:27:53
#@@>

$MODEL Satelite_acase01, ACDFILE
# ESATAN-TMS 2020, run date 11:27 Tue 13 Apr 2021
# Model name: Satelite        Analysis case: acase01
#
# template file: Template.tpl
# ESATAN-TMS 2020, run date 11:26 Tue 13 Apr 2021
# Model name: Satelite        Analysis case: acase01
#
  $LOCALS
    $REAL
      #
      # Material properties from bulk 'Al_6061'
      k_Al_6061 = 160.000;  Cp_Al_6061 = 900.000;  Dens_Al_6061 = 2700.00;
      #
      # Material properties from bulk 'GaAs'
      k_GaAs = 55.0000;  Cp_GaAs = 1000.00;  Dens_GaAs = 5300.00;
      #
      # Material properties from bulk 'MLI_foil'
      k_MLI_foil = 0.000000;  Cp_MLI_foil = 900.000;  Dens_MLI_foil = 300.000;
#
  $NODES
    D1 = 'Body_a_MLI', T = 0.D+00,
     C = 3.75D-04 * Cp_MLI_foil * Dens_MLI_foil,
     A = 0.750000, ALP = 0.200000, EPS = 0.100000,
     FX = 0.375000, FY = 0.500000, FZ = 1.20000;
    D2 = 'Body_a_MLI', T = 0.D+00,
     C = 3.75D-04 * Cp_MLI_foil * Dens_MLI_foil,
     A = 0.750000, ALP = 0.200000, EPS = 0.100000,
     FX = 1.12500, FY = 0.500000, FZ = 1.20000;
    D3 = 'Body_a_MLI', T = 0.D+00,
     C = 3.75D-04 * Cp_MLI_foil * Dens_MLI_foil,
     A = 0.750000, ALP = 0.200000, EPS = 0.100000,
     FX = 0.375000, FY = 1.50000, FZ = 1.20000;
    D4 = 'Body_a_MLI', T = 0.D+00,
     C = 3.75D-04 * Cp_MLI_foil * Dens_MLI_foil,
     A = 0.750000, ALP = 0.200000, EPS = 0.100000,
     FX = 1.12500, FY = 1.50000, FZ = 1.20000;
    D5 = 'Body_a_MLI', T = 0.D+00,
     C = 2.25D-04 * Cp_MLI_foil * Dens_MLI_foil,
     A = 0.450000, ALP = 0.200000, EPS = 0.100000,
     FX = 0.375000, FY = 0.000000, FZ = 0.300000;
    D6 = 'Body_a_MLI', T = 0.D+00,
     C = 2.25D-04 * Cp_MLI_foil * Dens_MLI_foil,
     A = 0.450000, ALP = 0.200000, EPS = 0.100000,
     FX = 1.12500, FY = 0.000000, FZ = 0.300000;
    D7 = 'Body_a_MLI', T = 0.D+00,
     C = 2.25D-04 * Cp_MLI_foil * Dens_MLI_foil,
     A = 0.450000, ALP = 0.200000, EPS = 0.100000,
     FX = 0.375000, FY = 0.000000, FZ = 0.900000;
    D8 = 'Body_a_MLI', T = 0.D+00,
     C = 2.25D-04 * Cp_MLI_foil * Dens_MLI_foil,
     A = 0.450000, ALP = 0.200000, EPS = 0.100000,
     FX = 1.12500, FY = 0.000000, FZ = 0.900000;
    D9 = 'Body_a_MLI', T = 0.D+00,
     C = 3.D-04 * Cp_MLI_foil * Dens_MLI_foil,
     A = 0.600000, ALP = 0.200000, EPS = 0.100000,
     FX = 1.50000, FY = 0.500000, FZ = 0.300000;
    D10 = 'Body_a_MLI', T = 0.D+00,
     C = 3.D-04 * Cp_MLI_foil * Dens_MLI_foil,
     A = 0.600000, ALP = 0.200000, EPS = 0.100000,
     FX = 1.50000, FY = 1.50000, FZ = 0.300000;
    D11 = 'Body_a_MLI', T = 0.D+00,
     C = 3.D-04 * Cp_MLI_foil * Dens_MLI_foil,
     A = 0.600000, ALP = 0.200000, EPS = 0.100000,
     FX = 1.50000, FY = 0.500000, FZ = 0.900000;
    D12 = 'Body_a_MLI', T = 0.D+00,
     C = 3.D-04 * Cp_MLI_foil * Dens_MLI_foil,
     A = 0.600000, ALP = 0.200000, EPS = 0.100000,
     FX = 1.50000, FY = 1.50000, FZ = 0.900000;
    D13 = 'Body_a_MLI', T = 0.D+00,
     C = 2.25D-04 * Cp_MLI_foil * Dens_MLI_foil,
     A = 0.450000, ALP = 0.200000, EPS = 0.100000,
     FX = 1.12500, FY = 2.00000, FZ = 0.300000;
    D14 = 'Body_a_MLI', T = 0.D+00,
     C = 2.25D-04 * Cp_MLI_foil * Dens_MLI_foil,
     A = 0.450000, ALP = 0.200000, EPS = 0.100000,
     FX = 0.375000, FY = 2.00000, FZ = 0.300000;
    D15 = 'Body_a_MLI', T = 0.D+00,
     C = 2.25D-04 * Cp_MLI_foil * Dens_MLI_foil,
     A = 0.450000, ALP = 0.200000, EPS = 0.100000,
     FX = 1.12500, FY = 2.00000, FZ = 0.900000;
    D16 = 'Body_a_MLI', T = 0.D+00,
     C = 2.25D-04 * Cp_MLI_foil * Dens_MLI_foil,
     A = 0.450000, ALP = 0.200000, EPS = 0.100000,
     FX = 0.375000, FY = 2.00000, FZ = 0.900000;
    D17 = 'Body_a_MLI', T = 0.D+00,
     C = 3.D-04 * Cp_MLI_foil * Dens_MLI_foil,
     A = 0.600000, ALP = 0.200000, EPS = 0.100000,
     FX = 0.000000, FY = 1.50000, FZ = 0.300000;
    D18 = 'Body_a_MLI', T = 0.D+00,
     C = 3.D-04 * Cp_MLI_foil * Dens_MLI_foil,
     A = 0.600000, ALP = 0.200000, EPS = 0.100000,
     FX = 0.000000, FY = 0.500000, FZ = 0.300000;
    D19 = 'Body_a_MLI', T = 0.D+00,
     C = 3.D-04 * Cp_MLI_foil * Dens_MLI_foil,
     A = 0.600000, ALP = 0.200000, EPS = 0.100000,
     FX = 0.000000, FY = 1.50000, FZ = 0.900000;
    D20 = 'Body_a_MLI', T = 0.D+00,
     C = 3.D-04 * Cp_MLI_foil * Dens_MLI_foil,
     A = 0.600000, ALP = 0.200000, EPS = 0.100000,
     FX = 0.000000, FY = 0.500000, FZ = 0.900000;
    D21 = 'Body_a_MLI', T = 0.D+00,
     C = 3.75D-04 * Cp_MLI_foil * Dens_MLI_foil,
     A = 0.750000, ALP = 0.200000, EPS = 0.100000,
     FX = 0.375000, FY = 1.50000, FZ = 0.000000;
    D22 = 'Body_a_MLI', T = 0.D+00,
     C = 3.75D-04 * Cp_MLI_foil * Dens_MLI_foil,
     A = 0.750000, ALP = 0.200000, EPS = 0.100000,
     FX = 1.12500, FY = 1.50000, FZ = 0.000000;
    D23 = 'Body_a_MLI', T = 0.D+00,
     C = 3.75D-04 * Cp_MLI_foil * Dens_MLI_foil,
     A = 0.750000, ALP = 0.200000, EPS = 0.100000,
     FX = 0.375000, FY = 0.500000, FZ = 0.000000;
    D24 = 'Body_a_MLI', T = 0.D+00,
     C = 3.75D-04 * Cp_MLI_foil * Dens_MLI_foil,
     A = 0.750000, ALP = 0.200000, EPS = 0.100000,
     FX = 1.12500, FY = 0.500000, FZ = 0.000000;
    D50 = 'Body_a_int', T = 0.D+00,
     C = 1.5D-03 * Cp_Al_6061 * Dens_Al_6061,
     A = 0.750000, ALP = 0.970000, EPS = 0.840000,
     FX = 0.375000, FY = 0.500000, FZ = 1.20000;
    D51 = 'Body_a_int', T = 0.D+00,
     C = 1.5D-03 * Cp_Al_6061 * Dens_Al_6061,
     A = 0.750000, ALP = 0.970000, EPS = 0.840000,
     FX = 1.12500, FY = 0.500000, FZ = 1.20000;
    D52 = 'Body_a_int', T = 0.D+00,
     C = 1.5D-03 * Cp_Al_6061 * Dens_Al_6061,
     A = 0.750000, ALP = 0.970000, EPS = 0.840000,
     FX = 0.375000, FY = 1.50000, FZ = 1.20000;
    D53 = 'Body_a_int', T = 0.D+00,
     C = 1.5D-03 * Cp_Al_6061 * Dens_Al_6061,
     A = 0.750000, ALP = 0.970000, EPS = 0.840000,
     FX = 1.12500, FY = 1.50000, FZ = 1.20000;
    D54 = 'Body_a_int', T = 0.D+00,
     C = 9.D-04 * Cp_Al_6061 * Dens_Al_6061,
     A = 0.450000, ALP = 0.970000, EPS = 0.840000,
     FX = 0.375000, FY = 0.000000, FZ = 0.300000;
    D55 = 'Body_a_int', T = 0.D+00,
     C = 9.D-04 * Cp_Al_6061 * Dens_Al_6061,
     A = 0.450000, ALP = 0.970000, EPS = 0.840000,
     FX = 1.12500, FY = 0.000000, FZ = 0.300000;
    D56 = 'Body_a_int', T = 0.D+00,
     C = 9.D-04 * Cp_Al_6061 * Dens_Al_6061,
     A = 0.450000, ALP = 0.970000, EPS = 0.840000,
     FX = 0.375000, FY = 0.000000, FZ = 0.900000;
    D57 = 'Body_a_int', T = 0.D+00,
     C = 9.D-04 * Cp_Al_6061 * Dens_Al_6061,
     A = 0.450000, ALP = 0.970000, EPS = 0.840000,
     FX = 1.12500, FY = 0.000000, FZ = 0.900000;
    D58 = 'Body_a_int', T = 0.D+00,
     C = 1.2D-03 * Cp_Al_6061 * Dens_Al_6061,
     A = 0.600000, ALP = 0.970000, EPS = 0.840000,
     FX = 1.50000, FY = 0.500000, FZ = 0.300000;
    D59 = 'Body_a_int', T = 0.D+00,
     C = 1.2D-03 * Cp_Al_6061 * Dens_Al_6061,
     A = 0.600000, ALP = 0.970000, EPS = 0.840000,
     FX = 1.50000, FY = 1.50000, FZ = 0.300000;
    D60 = 'Body_a_int', T = 0.D+00,
     C = 1.2D-03 * Cp_Al_6061 * Dens_Al_6061,
     A = 0.600000, ALP = 0.970000, EPS = 0.840000,
     FX = 1.50000, FY = 0.500000, FZ = 0.900000;
    D61 = 'Body_a_int', T = 0.D+00,
     C = 1.2D-03 * Cp_Al_6061 * Dens_Al_6061,
     A = 0.600000, ALP = 0.970000, EPS = 0.840000,
     FX = 1.50000, FY = 1.50000, FZ = 0.900000;
    D62 = 'Body_a_int', T = 0.D+00,
     C = 9.D-04 * Cp_Al_6061 * Dens_Al_6061,
     A = 0.450000, ALP = 0.970000, EPS = 0.840000,
     FX = 1.12500, FY = 2.00000, FZ = 0.300000;
    D63 = 'Body_a_int', T = 0.D+00,
     C = 9.D-04 * Cp_Al_6061 * Dens_Al_6061,
     A = 0.450000, ALP = 0.970000, EPS = 0.840000,
     FX = 0.375000, FY = 2.00000, FZ = 0.300000;
    D64 = 'Body_a_int', T = 0.D+00,
     C = 9.D-04 * Cp_Al_6061 * Dens_Al_6061,
     A = 0.450000, ALP = 0.970000, EPS = 0.840000,
     FX = 1.12500, FY = 2.00000, FZ = 0.900000;
    D65 = 'Body_a_int', T = 0.D+00,
     C = 9.D-04 * Cp_Al_6061 * Dens_Al_6061,
     A = 0.450000, ALP = 0.970000, EPS = 0.840000,
     FX = 0.375000, FY = 2.00000, FZ = 0.900000;
    D66 = 'Body_a_int', T = 0.D+00,
     C = 1.2D-03 * Cp_Al_6061 * Dens_Al_6061,
     A = 0.600000, ALP = 0.970000, EPS = 0.840000,
     FX = 0.000000, FY = 1.50000, FZ = 0.300000;
    D67 = 'Body_a_int', T = 0.D+00,
     C = 1.2D-03 * Cp_Al_6061 * Dens_Al_6061,
     A = 0.600000, ALP = 0.970000, EPS = 0.840000,
     FX = 0.000000, FY = 0.500000, FZ = 0.300000;
    D68 = 'Body_a_int', T = 0.D+00,
     C = 1.2D-03 * Cp_Al_6061 * Dens_Al_6061,
     A = 0.600000, ALP = 0.970000, EPS = 0.840000,
     FX = 0.000000, FY = 1.50000, FZ = 0.900000;
    D69 = 'Body_a_int', T = 0.D+00,
     C = 1.2D-03 * Cp_Al_6061 * Dens_Al_6061,
     A = 0.600000, ALP = 0.970000, EPS = 0.840000,
     FX = 0.000000, FY = 0.500000, FZ = 0.900000;
    D70 = 'Body_a_int', T = 0.D+00,
     C = 1.5D-03 * Cp_Al_6061 * Dens_Al_6061,
     A = 0.750000, ALP = 0.970000, EPS = 0.840000,
     FX = 0.375000, FY = 1.50000, FZ = 0.000000;
    D71 = 'Body_a_int', T = 0.D+00,
     C = 1.5D-03 * Cp_Al_6061 * Dens_Al_6061,
     A = 0.750000, ALP = 0.970000, EPS = 0.840000,
     FX = 1.12500, FY = 1.50000, FZ = 0.000000;
    D72 = 'Body_a_int', T = 0.D+00,
     C = 1.5D-03 * Cp_Al_6061 * Dens_Al_6061,
     A = 0.750000, ALP = 0.970000, EPS = 0.840000,
     FX = 0.375000, FY = 0.500000, FZ = 0.000000;
    D73 = 'Body_a_int', T = 0.D+00,
     C = 1.5D-03 * Cp_Al_6061 * Dens_Al_6061,
     A = 0.750000, ALP = 0.970000, EPS = 0.840000,
     FX = 1.12500, FY = 0.500000, FZ = 0.000000;
    D200 = 'Body_b_MLI', T = 0.D+00,
     C = 1.25D-04 * Cp_MLI_foil * Dens_MLI_foil,
     A = 0.250000, ALP = 0.200000, EPS = 0.100000,
     FX = 0.500000, FY = 2.25100, FZ = 1.20000;
    D201 = 'Body_b_MLI', T = 0.D+00,
     C = 1.25D-04 * Cp_MLI_foil * Dens_MLI_foil,
     A = 0.250000, ALP = 0.200000, EPS = 0.100000,
     FX = 1.00000, FY = 2.25100, FZ = 1.20000;
    D202 = 'Body_b_MLI', T = 0.D+00,
     C = 1.25D-04 * Cp_MLI_foil * Dens_MLI_foil,
     A = 0.250000, ALP = 0.200000, EPS = 0.100000,
     FX = 0.500000, FY = 2.75100, FZ = 1.20000;
    D203 = 'Body_b_MLI', T = 0.D+00,
     C = 1.25D-04 * Cp_MLI_foil * Dens_MLI_foil,
     A = 0.250000, ALP = 0.200000, EPS = 0.100000,
     FX = 1.00000, FY = 2.75100, FZ = 1.20000;
    D204 = 'Body_b_MLI', T = 0.D+00,
     C = 1.5D-04 * Cp_MLI_foil * Dens_MLI_foil,
     A = 0.300000, ALP = 0.200000, EPS = 0.100000,
     FX = 0.500000, FY = 2.00100, FZ = 0.300000;
    D205 = 'Body_b_MLI', T = 0.D+00,
     C = 1.5D-04 * Cp_MLI_foil * Dens_MLI_foil,
     A = 0.300000, ALP = 0.200000, EPS = 0.100000,
     FX = 1.00000, FY = 2.00100, FZ = 0.300000;
    D206 = 'Body_b_MLI', T = 0.D+00,
     C = 1.5D-04 * Cp_MLI_foil * Dens_MLI_foil,
     A = 0.300000, ALP = 0.200000, EPS = 0.100000,
     FX = 0.500000, FY = 2.00100, FZ = 0.900000;
    D207 = 'Body_b_MLI', T = 0.D+00,
     C = 1.5D-04 * Cp_MLI_foil * Dens_MLI_foil,
     A = 0.300000, ALP = 0.200000, EPS = 0.100000,
     FX = 1.00000, FY = 2.00100, FZ = 0.900000;
    D208 = 'Body_b_MLI', T = 0.D+00,
     C = 1.5D-04 * Cp_MLI_foil * Dens_MLI_foil,
     A = 0.300000, ALP = 0.200000, EPS = 0.100000,
     FX = 1.25000, FY = 2.25100, FZ = 0.300000;
    D209 = 'Body_b_MLI', T = 0.D+00,
     C = 1.5D-04 * Cp_MLI_foil * Dens_MLI_foil,
     A = 0.300000, ALP = 0.200000, EPS = 0.100000,
     FX = 1.25000, FY = 2.75100, FZ = 0.300000;
    D210 = 'Body_b_MLI', T = 0.D+00,
     C = 1.5D-04 * Cp_MLI_foil * Dens_MLI_foil,
     A = 0.300000, ALP = 0.200000, EPS = 0.100000,
     FX = 1.25000, FY = 2.25100, FZ = 0.900000;
    D211 = 'Body_b_MLI', T = 0.D+00,
     C = 1.5D-04 * Cp_MLI_foil * Dens_MLI_foil,
     A = 0.300000, ALP = 0.200000, EPS = 0.100000,
     FX = 1.25000, FY = 2.75100, FZ = 0.900000;
    D212 = 'Body_b_MLI', T = 0.D+00,
     C = 1.5D-04 * Cp_MLI_foil * Dens_MLI_foil,
     A = 0.300000, ALP = 0.200000, EPS = 0.100000,
     FX = 1.00000, FY = 3.00100, FZ = 0.300000;
    D213 = 'Body_b_MLI', T = 0.D+00,
     C = 1.5D-04 * Cp_MLI_foil * Dens_MLI_foil,
     A = 0.300000, ALP = 0.200000, EPS = 0.100000,
     FX = 0.500000, FY = 3.00100, FZ = 0.300000;
    D214 = 'Body_b_MLI', T = 0.D+00,
     C = 1.5D-04 * Cp_MLI_foil * Dens_MLI_foil,
     A = 0.300000, ALP = 0.200000, EPS = 0.100000,
     FX = 1.00000, FY = 3.00100, FZ = 0.900000;
    D215 = 'Body_b_MLI', T = 0.D+00,
     C = 1.5D-04 * Cp_MLI_foil * Dens_MLI_foil,
     A = 0.300000, ALP = 0.200000, EPS = 0.100000,
     FX = 0.500000, FY = 3.00100, FZ = 0.900000;
    D216 = 'Body_b_MLI', T = 0.D+00,
     C = 1.5D-04 * Cp_MLI_foil * Dens_MLI_foil,
     A = 0.300000, ALP = 0.200000, EPS = 0.100000,
     FX = 0.250000, FY = 2.75100, FZ = 0.300000;
    D217 = 'Body_b_MLI', T = 0.D+00,
     C = 1.5D-04 * Cp_MLI_foil * Dens_MLI_foil,
     A = 0.300000, ALP = 0.200000, EPS = 0.100000,
     FX = 0.250000, FY = 2.25100, FZ = 0.300000;
    D218 = 'Body_b_MLI', T = 0.D+00,
     C = 1.5D-04 * Cp_MLI_foil * Dens_MLI_foil,
     A = 0.300000, ALP = 0.200000, EPS = 0.100000,
     FX = 0.250000, FY = 2.75100, FZ = 0.900000;
    D219 = 'Body_b_MLI', T = 0.D+00,
     C = 1.5D-04 * Cp_MLI_foil * Dens_MLI_foil,
     A = 0.300000, ALP = 0.200000, EPS = 0.100000,
     FX = 0.250000, FY = 2.25100, FZ = 0.900000;
    D220 = 'Body_b_MLI', T = 0.D+00,
     C = 1.25D-04 * Cp_MLI_foil * Dens_MLI_foil,
     A = 0.250000, ALP = 0.200000, EPS = 0.100000,
     FX = 0.500000, FY = 2.75100, FZ = 0.000000;
    D221 = 'Body_b_MLI', T = 0.D+00,
     C = 1.25D-04 * Cp_MLI_foil * Dens_MLI_foil,
     A = 0.250000, ALP = 0.200000, EPS = 0.100000,
     FX = 1.00000, FY = 2.75100, FZ = 0.000000;
    D222 = 'Body_b_MLI', T = 0.D+00,
     C = 1.25D-04 * Cp_MLI_foil * Dens_MLI_foil,
     A = 0.250000, ALP = 0.200000, EPS = 0.100000,
     FX = 0.500000, FY = 2.25100, FZ = 0.000000;
    D223 = 'Body_b_MLI', T = 0.D+00,
     C = 1.25D-04 * Cp_MLI_foil * Dens_MLI_foil,
     A = 0.250000, ALP = 0.200000, EPS = 0.100000,
     FX = 1.00000, FY = 2.25100, FZ = 0.000000;
    D250 = 'Body_b_int', T = 0.D+00,
     C = 5.D-04 * Cp_Al_6061 * Dens_Al_6061,
     A = 0.250000, ALP = 0.970000, EPS = 0.840000,
     FX = 0.500000, FY = 2.25100, FZ = 1.20000;
    D251 = 'Body_b_int', T = 0.D+00,
     C = 5.D-04 * Cp_Al_6061 * Dens_Al_6061,
     A = 0.250000, ALP = 0.970000, EPS = 0.840000,
     FX = 1.00000, FY = 2.25100, FZ = 1.20000;
    D252 = 'Body_b_int', T = 0.D+00,
     C = 5.D-04 * Cp_Al_6061 * Dens_Al_6061,
     A = 0.250000, ALP = 0.970000, EPS = 0.840000,
     FX = 0.500000, FY = 2.75100, FZ = 1.20000;
    D253 = 'Body_b_int', T = 0.D+00,
     C = 5.D-04 * Cp_Al_6061 * Dens_Al_6061,
     A = 0.250000, ALP = 0.970000, EPS = 0.840000,
     FX = 1.00000, FY = 2.75100, FZ = 1.20000;
    D254 = 'Body_b_int', T = 0.D+00,
     C = 6.D-04 * Cp_Al_6061 * Dens_Al_6061,
     A = 0.300000, ALP = 0.970000, EPS = 0.840000,
     FX = 0.500000, FY = 2.00100, FZ = 0.300000;
    D255 = 'Body_b_int', T = 0.D+00,
     C = 6.D-04 * Cp_Al_6061 * Dens_Al_6061,
     A = 0.300000, ALP = 0.970000, EPS = 0.840000,
     FX = 1.00000, FY = 2.00100, FZ = 0.300000;
    D256 = 'Body_b_int', T = 0.D+00,
     C = 6.D-04 * Cp_Al_6061 * Dens_Al_6061,
     A = 0.300000, ALP = 0.970000, EPS = 0.840000,
     FX = 0.500000, FY = 2.00100, FZ = 0.900000;
    D257 = 'Body_b_int', T = 0.D+00,
     C = 6.D-04 * Cp_Al_6061 * Dens_Al_6061,
     A = 0.300000, ALP = 0.970000, EPS = 0.840000,
     FX = 1.00000, FY = 2.00100, FZ = 0.900000;
    D258 = 'Body_b_int', T = 0.D+00,
     C = 6.D-04 * Cp_Al_6061 * Dens_Al_6061,
     A = 0.300000, ALP = 0.970000, EPS = 0.840000,
     FX = 1.25000, FY = 2.25100, FZ = 0.300000;
    D259 = 'Body_b_int', T = 0.D+00,
     C = 6.D-04 * Cp_Al_6061 * Dens_Al_6061,
     A = 0.300000, ALP = 0.970000, EPS = 0.840000,
     FX = 1.25000, FY = 2.75100, FZ = 0.300000;
    D260 = 'Body_b_int', T = 0.D+00,
     C = 6.D-04 * Cp_Al_6061 * Dens_Al_6061,
     A = 0.300000, ALP = 0.970000, EPS = 0.840000,
     FX = 1.25000, FY = 2.25100, FZ = 0.900000;
    D261 = 'Body_b_int', T = 0.D+00,
     C = 6.D-04 * Cp_Al_6061 * Dens_Al_6061,
     A = 0.300000, ALP = 0.970000, EPS = 0.840000,
     FX = 1.25000, FY = 2.75100, FZ = 0.900000;
    D262 = 'Body_b_int', T = 0.D+00,
     C = 6.D-04 * Cp_Al_6061 * Dens_Al_6061,
     A = 0.300000, ALP = 0.970000, EPS = 0.840000,
     FX = 1.00000, FY = 3.00100, FZ = 0.300000;
    D263 = 'Body_b_int', T = 0.D+00,
     C = 6.D-04 * Cp_Al_6061 * Dens_Al_6061,
     A = 0.300000, ALP = 0.970000, EPS = 0.840000,
     FX = 0.500000, FY = 3.00100, FZ = 0.300000;
    D264 = 'Body_b_int', T = 0.D+00,
     C = 6.D-04 * Cp_Al_6061 * Dens_Al_6061,
     A = 0.300000, ALP = 0.970000, EPS = 0.840000,
     FX = 1.00000, FY = 3.00100, FZ = 0.900000;
    D265 = 'Body_b_int', T = 0.D+00,
     C = 6.D-04 * Cp_Al_6061 * Dens_Al_6061,
     A = 0.300000, ALP = 0.970000, EPS = 0.840000,
     FX = 0.500000, FY = 3.00100, FZ = 0.900000;
    D266 = 'Body_b_int', T = 0.D+00,
     C = 6.D-04 * Cp_Al_6061 * Dens_Al_6061,
     A = 0.300000, ALP = 0.970000, EPS = 0.840000,
     FX = 0.250000, FY = 2.75100, FZ = 0.300000;
    D267 = 'Body_b_int', T = 0.D+00,
     C = 6.D-04 * Cp_Al_6061 * Dens_Al_6061,
     A = 0.300000, ALP = 0.970000, EPS = 0.840000,
     FX = 0.250000, FY = 2.25100, FZ = 0.300000;
    D268 = 'Body_b_int', T = 0.D+00,
     C = 6.D-04 * Cp_Al_6061 * Dens_Al_6061,
     A = 0.300000, ALP = 0.970000, EPS = 0.840000,
     FX = 0.250000, FY = 2.75100, FZ = 0.900000;
    D269 = 'Body_b_int', T = 0.D+00,
     C = 6.D-04 * Cp_Al_6061 * Dens_Al_6061,
     A = 0.300000, ALP = 0.970000, EPS = 0.840000,
     FX = 0.250000, FY = 2.25100, FZ = 0.900000;
    D270 = 'Body_b_int', T = 0.D+00,
     C = 5.D-04 * Cp_Al_6061 * Dens_Al_6061,
     A = 0.250000, ALP = 0.970000, EPS = 0.840000,
     FX = 0.500000, FY = 2.75100, FZ = 0.000000;
    D271 = 'Body_b_int', T = 0.D+00,
     C = 5.D-04 * Cp_Al_6061 * Dens_Al_6061,
     A = 0.250000, ALP = 0.970000, EPS = 0.840000,
     FX = 1.00000, FY = 2.75100, FZ = 0.000000;
    D272 = 'Body_b_int', T = 0.D+00,
     C = 5.D-04 * Cp_Al_6061 * Dens_Al_6061,
     A = 0.250000, ALP = 0.970000, EPS = 0.840000,
     FX = 0.500000, FY = 2.25100, FZ = 0.000000;
    D273 = 'Body_b_int', T = 0.D+00,
     C = 5.D-04 * Cp_Al_6061 * Dens_Al_6061,
     A = 0.250000, ALP = 0.970000, EPS = 0.840000,
     FX = 1.00000, FY = 2.25100, FZ = 0.000000;
    D300 = 'Solar_Panel_Support', T = 0.D+00,
     C = 4.504687D-04 * Cp_Al_6061 * Dens_Al_6061,
     A = 0.450469, ALP = 0.360000, EPS = 0.610000,
     FX = -4.65937, FY = 0.000000, FZ = 0.212500;
    D301 = 'Solar_Panel_Support', T = 0.D+00,
     C = 4.504688D-04 * Cp_Al_6061 * Dens_Al_6061,
     A = 0.450469, ALP = 0.360000, EPS = 0.610000,
     FX = -4.07813, FY = 0.000000, FZ = 0.212500;
    D302 = 'Solar_Panel_Support', T = 0.D+00,
     C = 4.504688D-04 * Cp_Al_6061 * Dens_Al_6061,
     A = 0.450469, ALP = 0.360000, EPS = 0.610000,
     FX = -3.49688, FY = 0.000000, FZ = 0.212500;
    D303 = 'Solar_Panel_Support', T = 0.D+00,
     C = 4.504687D-04 * Cp_Al_6061 * Dens_Al_6061,
     A = 0.450469, ALP = 0.360000, EPS = 0.610000,
     FX = -2.91562, FY = 0.000000, FZ = 0.212500;
    D304 = 'Solar_Panel_Support', T = 0.D+00,
     C = 4.504687D-04 * Cp_Al_6061 * Dens_Al_6061,
     A = 0.450469, ALP = 0.360000, EPS = 0.610000,
     FX = -2.33438, FY = 0.000000, FZ = 0.212500;
    D305 = 'Solar_Panel_Support', T = 0.D+00,
     C = 4.504688D-04 * Cp_Al_6061 * Dens_Al_6061,
     A = 0.450469, ALP = 0.360000, EPS = 0.610000,
     FX = -1.75312, FY = 0.000000, FZ = 0.212500;
    D306 = 'Solar_Panel_Support', T = 0.D+00,
     C = 4.504688D-04 * Cp_Al_6061 * Dens_Al_6061,
     A = 0.450469, ALP = 0.360000, EPS = 0.610000,
     FX = -1.17188, FY = 0.000000, FZ = 0.212500;
    D307 = 'Solar_Panel_Support', T = 0.D+00,
     C = 4.504687D-04 * Cp_Al_6061 * Dens_Al_6061,
     A = 0.450469, ALP = 0.360000, EPS = 0.610000,
     FX = -0.590625, FY = 0.000000, FZ = 0.212500;
    D308 = 'Solar_Panel_Support', T = 0.D+00,
     C = 4.504687D-04 * Cp_Al_6061 * Dens_Al_6061,
     A = 0.450469, ALP = 0.360000, EPS = 0.610000,
     FX = -4.65937, FY = 0.000000, FZ = 0.987500;
    D309 = 'Solar_Panel_Support', T = 0.D+00,
     C = 4.504688D-04 * Cp_Al_6061 * Dens_Al_6061,
     A = 0.450469, ALP = 0.360000, EPS = 0.610000,
     FX = -4.07813, FY = 0.000000, FZ = 0.987500;
    D310 = 'Solar_Panel_Support', T = 0.D+00,
     C = 4.504688D-04 * Cp_Al_6061 * Dens_Al_6061,
     A = 0.450469, ALP = 0.360000, EPS = 0.610000,
     FX = -3.49688, FY = 0.000000, FZ = 0.987500;
    D311 = 'Solar_Panel_Support', T = 0.D+00,
     C = 4.504687D-04 * Cp_Al_6061 * Dens_Al_6061,
     A = 0.450469, ALP = 0.360000, EPS = 0.610000,
     FX = -2.91562, FY = 0.000000, FZ = 0.987500;
    D312 = 'Solar_Panel_Support', T = 0.D+00,
     C = 4.504687D-04 * Cp_Al_6061 * Dens_Al_6061,
     A = 0.450469, ALP = 0.360000, EPS = 0.610000,
     FX = -2.33438, FY = 0.000000, FZ = 0.987500;
    D313 = 'Solar_Panel_Support', T = 0.D+00,
     C = 4.504688D-04 * Cp_Al_6061 * Dens_Al_6061,
     A = 0.450469, ALP = 0.360000, EPS = 0.610000,
     FX = -1.75312, FY = 0.000000, FZ = 0.987500;
    D314 = 'Solar_Panel_Support', T = 0.D+00,
     C = 4.504688D-04 * Cp_Al_6061 * Dens_Al_6061,
     A = 0.450469, ALP = 0.360000, EPS = 0.610000,
     FX = -1.17188, FY = 0.000000, FZ = 0.987500;
    D315 = 'Solar_Panel_Support', T = 0.D+00,
     C = 4.504687D-04 * Cp_Al_6061 * Dens_Al_6061,
     A = 0.450469, ALP = 0.360000, EPS = 0.610000,
     FX = -0.590625, FY = 0.000000, FZ = 0.987500;
    D350 = 'Solar_Panel_Cells', T = 0.D+00,
     C = 4.504687D-04 * Cp_GaAs * Dens_GaAs,
     A = 0.450469, ALP = 0.750000, EPS = 0.840000,
     FX = -4.65937, FY = 0.000000, FZ = 0.212500;
    D351 = 'Solar_Panel_Cells', T = 0.D+00,
     C = 4.504688D-04 * Cp_GaAs * Dens_GaAs,
     A = 0.450469, ALP = 0.750000, EPS = 0.840000,
     FX = -4.07813, FY = 0.000000, FZ = 0.212500;
    D352 = 'Solar_Panel_Cells', T = 0.D+00,
     C = 4.504688D-04 * Cp_GaAs * Dens_GaAs,
     A = 0.450469, ALP = 0.750000, EPS = 0.840000,
     FX = -3.49688, FY = 0.000000, FZ = 0.212500;
    D353 = 'Solar_Panel_Cells', T = 0.D+00,
     C = 4.504687D-04 * Cp_GaAs * Dens_GaAs,
     A = 0.450469, ALP = 0.750000, EPS = 0.840000,
     FX = -2.91562, FY = 0.000000, FZ = 0.212500;
    D354 = 'Solar_Panel_Cells', T = 0.D+00,
     C = 4.504687D-04 * Cp_GaAs * Dens_GaAs,
     A = 0.450469, ALP = 0.750000, EPS = 0.840000,
     FX = -2.33438, FY = 0.000000, FZ = 0.212500;
    D355 = 'Solar_Panel_Cells', T = 0.D+00,
     C = 4.504688D-04 * Cp_GaAs * Dens_GaAs,
     A = 0.450469, ALP = 0.750000, EPS = 0.840000,
     FX = -1.75312, FY = 0.000000, FZ = 0.212500;
    D356 = 'Solar_Panel_Cells', T = 0.D+00,
     C = 4.504688D-04 * Cp_GaAs * Dens_GaAs,
     A = 0.450469, ALP = 0.750000, EPS = 0.840000,
     FX = -1.17188, FY = 0.000000, FZ = 0.212500;
    D357 = 'Solar_Panel_Cells', T = 0.D+00,
     C = 4.504687D-04 * Cp_GaAs * Dens_GaAs,
     A = 0.450469, ALP = 0.750000, EPS = 0.840000,
     FX = -0.590625, FY = 0.000000, FZ = 0.212500;
    D358 = 'Solar_Panel_Cells', T = 0.D+00,
     C = 4.504687D-04 * Cp_GaAs * Dens_GaAs,
     A = 0.450469, ALP = 0.750000, EPS = 0.840000,
     FX = -4.65937, FY = 0.000000, FZ = 0.987500;
    D359 = 'Solar_Panel_Cells', T = 0.D+00,
     C = 4.504688D-04 * Cp_GaAs * Dens_GaAs,
     A = 0.450469, ALP = 0.750000, EPS = 0.840000,
     FX = -4.07813, FY = 0.000000, FZ = 0.987500;
    D360 = 'Solar_Panel_Cells', T = 0.D+00,
     C = 4.504688D-04 * Cp_GaAs * Dens_GaAs,
     A = 0.450469, ALP = 0.750000, EPS = 0.840000,
     FX = -3.49688, FY = 0.000000, FZ = 0.987500;
    D361 = 'Solar_Panel_Cells', T = 0.D+00,
     C = 4.504687D-04 * Cp_GaAs * Dens_GaAs,
     A = 0.450469, ALP = 0.750000, EPS = 0.840000,
     FX = -2.91562, FY = 0.000000, FZ = 0.987500;
    D362 = 'Solar_Panel_Cells', T = 0.D+00,
     C = 4.504687D-04 * Cp_GaAs * Dens_GaAs,
     A = 0.450469, ALP = 0.750000, EPS = 0.840000,
     FX = -2.33438, FY = 0.000000, FZ = 0.987500;
    D363 = 'Solar_Panel_Cells', T = 0.D+00,
     C = 4.504688D-04 * Cp_GaAs * Dens_GaAs,
     A = 0.450469, ALP = 0.750000, EPS = 0.840000,
     FX = -1.75312, FY = 0.000000, FZ = 0.987500;
    D364 = 'Solar_Panel_Cells', T = 0.D+00,
     C = 4.504688D-04 * Cp_GaAs * Dens_GaAs,
     A = 0.450469, ALP = 0.750000, EPS = 0.840000,
     FX = -1.17188, FY = 0.000000, FZ = 0.987500;
    D365 = 'Solar_Panel_Cells', T = 0.D+00,
     C = 4.504687D-04 * Cp_GaAs * Dens_GaAs,
     A = 0.450469, ALP = 0.750000, EPS = 0.840000,
     FX = -0.590625, FY = 0.000000, FZ = 0.987500;
    X99997 = 'INACTIVE_NODE', T = 0.D+00,
     A = 0.0, ALP = 0.0, EPS = 0.0;
    B99999 = 'ENVIRONMENT', T = -2.7D+02,
     A = 1.0E+20, ALP = 1.0, EPS = 1.0;
#
  $CONDUCTORS
# ESATAN-TMS 2020, run date 11:27 Tue 13 Apr 2021
# Model name: Satelite        Radiative conductors
    GR(1, 300) = 6.159581D-08;
    GR(1, 301) = 6.646476D-08;
    GR(1, 302) = 1.474555D-07;
    GR(1, 303) = 2.584913D-07;
    GR(1, 305) = 2.498984D-07;
    GR(1, 306) = 1.556714D-07;
    GR(1, 307) = 4.406157D-06;
    GR(1, 315) = 3.359956D-07;
    GR(1, 357) = 1.284441D-06;
    GR(1, 359) = 1.677767D-07;
    GR(1, 361) = 9.469482D-08;
    GR(1, 362) = 8.482046D-08;
    GR(1, 363) = 2.624715D-07;
    GR(1, 364) = 1.677767D-07;
    GR(1, 365) = 8.478303D-06;
    GR(1, 99999) = 7.497315D-02;
    GR(2, 300) = 1.474555D-07;
    GR(2, 307) = 6.646476D-08;
    GR(2, 358) = 3.722213D-07;
    GR(2, 365) = 1.677767D-07;
    GR(2, 99999) = 7.49989D-02;
    GR(3, 300) = 1.228481D-07;
    GR(3, 305) = 1.883026D-07;
    GR(3, 306) = 1.218379D-07;
    GR(3, 307) = 3.717363D-07;
    GR(3, 361) = 7.444426D-07;
    GR(3, 363) = 2.624715D-07;
    GR(3, 364) = 1.795153D-07;
    GR(3, 365) = 3.689049D-07;
    GR(3, 99999) = 7.499298D-02;
    GR(4, 20) = 2.475316D-09;
    GR(4, 305) = 6.646476D-08;
    GR(4, 307) = 2.436757D-07;
    GR(4, 363) = 1.677767D-07;
    GR(4, 365) = 2.742101D-07;
    GR(4, 99999) = 7.499646D-02;
    GR(5, 18) = 2.56082D-07;
    GR(5, 20) = 5.363317D-08;
    GR(5, 306) = 6.314474D-08;
    GR(5, 307) = 1.262895D-07;
    GR(5, 309) = 1.798995D-07;
    GR(5, 310) = 1.798995D-07;
    GR(5, 311) = 8.499855D-07;
    GR(5, 312) = 1.37318D-06;
    GR(5, 313) = 5.282213D-06;
    GR(5, 314) = 2.027091D-05;
    GR(5, 315) = 1.030521D-04;
    GR(5, 351) = 4.579016D-07;
    GR(5, 352) = 2.35078D-07;
    GR(5, 353) = 9.157361D-07;
    GR(5, 354) = 1.902169D-06;
    GR(5, 355) = 5.84708D-06;
    GR(5, 356) = 2.684535D-05;
    GR(5, 357) = 1.479245D-04;
    GR(5, 99999) = 4.466936D-02;
    GR(6, 311) = 5.066905D-07;
    GR(6, 312) = 1.633955D-07;
    GR(6, 313) = 1.062893D-06;
    GR(6, 314) = 3.449454D-06;
    GR(6, 315) = 9.399353D-06;
    GR(6, 353) = 5.579145D-07;
    GR(6, 354) = 3.544958D-07;
    GR(6, 355) = 2.416058D-06;
    GR(6, 356) = 4.458264D-06;
    GR(6, 357) = 1.47617D-05;
    GR(6, 365) = 3.317731D-08;
    GR(6, 99999) = 4.496571D-02;
    GR(7, 20) = 1.19215D-07;
    GR(7, 300) = 1.550503D-07;
    GR(7, 301) = 1.550503D-07;
    GR(7, 302) = 1.204041D-06;
    GR(7, 303) = 1.62587D-06;
    GR(7, 304) = 1.783416D-06;
    GR(7, 305) = 4.283788D-06;
    GR(7, 306) = 1.840508D-05;
    GR(7, 307) = 1.08822D-04;
    GR(7, 313) = 3.192317D-08;
    GR(7, 314) = 3.44466D-08;
    GR(7, 315) = 1.517626D-07;
    GR(7, 360) = 1.93639D-06;
    GR(7, 361) = 2.588674D-06;
    GR(7, 362) = 2.318217D-06;
    GR(7, 363) = 5.425079D-06;
    GR(7, 364) = 2.872541D-05;
    GR(7, 365) = 1.430348D-04;
    GR(7, 99999) = 4.467451D-02;
    GR(8, 19) = 8.731085D-09;
    GR(8, 20) = 1.570276D-08;
    GR(8, 302) = 5.962862D-07;
    GR(8, 303) = 5.775383D-07;
    GR(8, 304) = 1.707114D-07;
    GR(8, 305) = 1.809413D-06;
    GR(8, 306) = 3.188135D-06;
    GR(8, 307) = 1.119277D-05;
    GR(8, 315) = 3.44466D-08;
    GR(8, 360) = 9.681951D-07;
    GR(8, 361) = 1.170472D-06;
    GR(8, 362) = 9.227414D-07;
    GR(8, 363) = 3.736419D-06;
    GR(8, 364) = 4.502338D-06;
    GR(8, 365) = 1.501612D-05;
    GR(8, 99999) = 4.495262D-02;
    GR(9, 99999) = 6.D-02;
    GR(10, 99999) = 6.D-02;
    GR(11, 99999) = 6.D-02;
    GR(12, 99999) = 6.D-02;
    GR(13, 14) = 1.680848D-05;
    GR(13, 15) = 7.566045D-05;
    GR(13, 204) = 1.210998D-05;
    GR(13, 205) = 1.55374D-02;
    GR(13, 207) = 1.358673D-05;
    GR(13, 208) = 5.094752D-04;
    GR(13, 209) = 3.100552D-05;
    GR(13, 210) = 5.852895D-05;
    GR(13, 211) = 1.817325D-05;
    GR(13, 99999) = 1.469384D-02;
    GR(14, 16) = 6.654632D-05;
    GR(14, 204) = 1.553261D-02;
    GR(14, 205) = 4.132643D-05;
    GR(14, 206) = 1.070705D-05;
    GR(14, 216) = 2.832697D-05;
    GR(14, 217) = 5.05513D-04;
    GR(14, 218) = 1.285197D-05;
    GR(14, 219) = 6.420334D-05;
    GR(14, 300) = 3.016226D-07;
    GR(14, 301) = 5.517989D-07;
    GR(14, 302) = 7.369137D-07;
    GR(14, 303) = 1.389172D-06;
    GR(14, 304) = 1.177123D-06;
    GR(14, 306) = 1.6482D-07;
    GR(14, 308) = 2.941119D-07;
    GR(14, 309) = 8.079907D-07;
    GR(14, 310) = 3.700908D-07;
    GR(14, 311) = 6.557331D-07;
    GR(14, 312) = 6.789303D-07;
    GR(14, 350) = 1.017016D-06;
    GR(14, 351) = 1.142948D-07;
    GR(14, 352) = 1.012516D-06;
    GR(14, 353) = 1.208953D-06;
    GR(14, 354) = 9.309283D-07;
    GR(14, 355) = 1.784054D-06;
    GR(14, 358) = 3.908383D-07;
    GR(14, 359) = 2.13615D-06;
    GR(14, 360) = 1.317396D-06;
    GR(14, 361) = 1.043103D-06;
    GR(14, 362) = 2.334837D-06;
    GR(14, 363) = 4.050065D-07;
    GR(14, 99999) = 1.455259D-02;
    GR(15, 16) = 3.227566D-05;
    GR(15, 205) = 1.506131D-05;
    GR(15, 206) = 6.199546D-05;
    GR(15, 207) = 1.551329D-02;
    GR(15, 208) = 6.622997D-05;
    GR(15, 209) = 1.519891D-05;
    GR(15, 210) = 4.931442D-04;
    GR(15, 211) = 3.033883D-05;
    GR(15, 99999) = 1.440824D-02;
    GR(16, 204) = 8.014007D-06;
    GR(16, 206) = 1.552579D-02;
    GR(16, 207) = 6.677932D-05;
    GR(16, 216) = 1.243784D-05;
    GR(16, 217) = 6.570072D-05;
    GR(16, 218) = 3.375081D-05;
    GR(16, 219) = 4.902374D-04;
    GR(16, 300) = 5.213895D-07;
    GR(16, 301) = 3.091333D-07;
    GR(16, 302) = 8.079907D-07;
    GR(16, 303) = 8.54395D-07;
    GR(16, 304) = 8.677825D-07;
    GR(16, 308) = 8.483114D-07;
    GR(16, 309) = 1.261539D-06;
    GR(16, 310) = 1.081673D-06;
    GR(16, 311) = 7.127477D-07;
    GR(16, 312) = 4.336571D-07;
    GR(16, 313) = 6.977263D-07;
    GR(16, 350) = 6.596825D-07;
    GR(16, 351) = 5.814235D-07;
    GR(16, 352) = 9.101397D-07;
    GR(16, 353) = 1.540558D-06;
    GR(16, 354) = 1.732071D-06;
    GR(16, 355) = 3.766701D-07;
    GR(16, 358) = 2.025033D-07;
    GR(16, 359) = 8.383495D-07;
    GR(16, 360) = 1.328889D-06;
    GR(16, 361) = 6.335962D-07;
    GR(16, 362) = 1.279262D-06;
    GR(16, 99999) = 1.449092D-02;
    GR(17, 18) = 1.282642D-06;
    GR(17, 19) = 1.665366D-07;
    GR(17, 20) = 1.286461D-06;
    GR(17, 21) = 1.123606D-08;
    GR(17, 23) = 1.315702D-08;
    GR(17, 24) = 5.831631D-09;
    GR(17, 300) = 2.213732D-05;
    GR(17, 301) = 3.052042D-05;
    GR(17, 302) = 4.52627D-05;
    GR(17, 303) = 5.955831D-05;
    GR(17, 304) = 9.784443D-05;
    GR(17, 305) = 1.502251D-04;
    GR(17, 306) = 2.199846D-04;
    GR(17, 307) = 2.460334D-04;
    GR(17, 308) = 2.621533D-05;
    GR(17, 309) = 2.833115D-05;
    GR(17, 310) = 4.156658D-05;
    GR(17, 311) = 6.214132D-05;
    GR(17, 312) = 9.406568D-05;
    GR(17, 313) = 1.462796D-04;
    GR(17, 314) = 2.342331D-04;
    GR(17, 315) = 2.481857D-04;
    GR(17, 350) = 2.813389D-05;
    GR(17, 351) = 3.173234D-05;
    GR(17, 352) = 5.812345D-05;
    GR(17, 353) = 8.769864D-05;
    GR(17, 354) = 1.412661D-04;
    GR(17, 355) = 2.085038D-04;
    GR(17, 356) = 3.093955D-04;
    GR(17, 357) = 3.408992D-04;
    GR(17, 358) = 2.896097D-05;
    GR(17, 359) = 4.385913D-05;
    GR(17, 360) = 5.582451D-05;
    GR(17, 361) = 1.030196D-04;
    GR(17, 362) = 1.324003D-04;
    GR(17, 363) = 1.970659D-04;
    GR(17, 364) = 3.125037D-04;
    GR(17, 365) = 3.414214D-04;
    GR(17, 99999) = 5.574181D-02;
    GR(18, 19) = 2.77875D-07;
    GR(18, 20) = 6.069595D-06;
    GR(18, 21) = 3.261621D-08;
    GR(18, 22) = 1.123606D-08;
    GR(18, 23) = 1.069008D-08;
    GR(18, 24) = 5.404428D-09;
    GR(18, 220) = 6.653547D-09;
    GR(18, 300) = 7.94191D-06;
    GR(18, 301) = 1.401465D-05;
    GR(18, 302) = 2.142002D-05;
    GR(18, 303) = 4.172086D-05;
    GR(18, 304) = 6.236094D-05;
    GR(18, 305) = 1.321705D-04;
    GR(18, 306) = 3.033205D-04;
    GR(18, 307) = 1.006831D-03;
    GR(18, 308) = 1.151108D-05;
    GR(18, 309) = 1.186183D-05;
    GR(18, 310) = 2.182598D-05;
    GR(18, 311) = 3.549321D-05;
    GR(18, 312) = 5.767093D-05;
    GR(18, 313) = 1.255818D-04;
    GR(18, 314) = 3.417886D-04;
    GR(18, 315) = 9.780022D-04;
    GR(18, 350) = 1.272593D-05;
    GR(18, 351) = 1.505485D-05;
    GR(18, 352) = 2.732287D-05;
    GR(18, 353) = 4.748594D-05;
    GR(18, 354) = 9.028732D-05;
    GR(18, 355) = 1.717663D-04;
    GR(18, 356) = 4.616718D-04;
    GR(18, 357) = 1.383191D-03;
    GR(18, 358) = 1.20479D-05;
    GR(18, 359) = 1.549558D-05;
    GR(18, 360) = 2.733131D-05;
    GR(18, 361) = 5.198185D-05;
    GR(18, 362) = 9.517682D-05;
    GR(18, 363) = 1.890755D-04;
    GR(18, 364) = 4.276305D-04;
    GR(18, 365) = 1.346774D-03;
    GR(18, 99999) = 5.232218D-02;
    GR(19, 20) = 1.662872D-06;
    GR(19, 300) = 1.768194D-05;
    GR(19, 301) = 2.364685D-05;
    GR(19, 302) = 3.800643D-05;
    GR(19, 303) = 5.387622D-05;
    GR(19, 304) = 9.775635D-05;
    GR(19, 305) = 1.501267D-04;
    GR(19, 306) = 2.257D-04;
    GR(19, 307) = 2.382841D-04;
    GR(19, 308) = 2.272516D-05;
    GR(19, 309) = 2.597017D-05;
    GR(19, 310) = 3.884515D-05;
    GR(19, 311) = 6.237977D-05;
    GR(19, 312) = 9.073975D-05;
    GR(19, 313) = 1.516863D-04;
    GR(19, 314) = 2.175265D-04;
    GR(19, 315) = 2.379688D-04;
    GR(19, 350) = 2.640472D-05;
    GR(19, 351) = 3.816622D-05;
    GR(19, 352) = 5.666971D-05;
    GR(19, 353) = 7.332587D-05;
    GR(19, 354) = 1.32904D-04;
    GR(19, 355) = 2.157413D-04;
    GR(19, 356) = 3.00046D-04;
    GR(19, 357) = 3.493877D-04;
    GR(19, 358) = 3.238409D-05;
    GR(19, 359) = 3.599924D-05;
    GR(19, 360) = 4.943776D-05;
    GR(19, 361) = 7.935351D-05;
    GR(19, 362) = 1.226344D-04;
    GR(19, 363) = 2.033762D-04;
    GR(19, 364) = 3.205187D-04;
    GR(19, 365) = 3.399554D-04;
    GR(19, 99999) = 5.600993D-02;
    GR(20, 21) = 1.123606D-08;
    GR(20, 203) = 2.400475D-09;
    GR(20, 300) = 8.657296D-06;
    GR(20, 301) = 1.211136D-05;
    GR(20, 302) = 2.213198D-05;
    GR(20, 303) = 3.829732D-05;
    GR(20, 304) = 6.114089D-05;
    GR(20, 305) = 1.344115D-04;
    GR(20, 306) = 3.059501D-04;
    GR(20, 307) = 9.983005D-04;
    GR(20, 308) = 1.154816D-05;
    GR(20, 309) = 1.100575D-05;
    GR(20, 310) = 1.994097D-05;
    GR(20, 311) = 3.275047D-05;
    GR(20, 312) = 6.239742D-05;
    GR(20, 313) = 1.370959D-04;
    GR(20, 314) = 3.405022D-04;
    GR(20, 315) = 9.540061D-04;
    GR(20, 350) = 1.199669D-05;
    GR(20, 351) = 1.344527D-05;
    GR(20, 352) = 2.728512D-05;
    GR(20, 353) = 4.65249D-05;
    GR(20, 354) = 9.523442D-05;
    GR(20, 355) = 1.722626D-04;
    GR(20, 356) = 4.612558D-04;
    GR(20, 357) = 1.350809D-03;
    GR(20, 358) = 1.165693D-05;
    GR(20, 359) = 1.234738D-05;
    GR(20, 360) = 3.136277D-05;
    GR(20, 361) = 4.699091D-05;
    GR(20, 362) = 9.47742D-05;
    GR(20, 363) = 1.89411D-04;
    GR(20, 364) = 4.322043D-04;
    GR(20, 365) = 1.353915D-03;
    GR(20, 99999) = 5.247618D-02;
    GR(21, 219) = 2.730233D-10;
    GR(21, 307) = 4.276509D-08;
    GR(21, 312) = 1.883026D-07;
    GR(21, 313) = 1.883026D-07;
    GR(21, 314) = 5.724843D-07;
    GR(21, 315) = 5.613927D-07;
    GR(21, 354) = 3.47292D-07;
    GR(21, 355) = 6.943807D-07;
    GR(21, 356) = 1.702702D-06;
    GR(21, 357) = 6.964815D-07;
    GR(21, 99999) = 7.498228D-02;
    GR(22, 308) = 1.474555D-07;
    GR(22, 312) = 1.218379D-07;
    GR(22, 314) = 1.280606D-07;
    GR(22, 354) = 9.469482D-08;
    GR(22, 356) = 1.677767D-07;
    GR(22, 99999) = 7.499756D-02;
    GR(23, 221) = 6.390661D-09;
    GR(23, 307) = 1.218379D-07;
    GR(23, 313) = 1.883026D-07;
    GR(23, 315) = 4.563866D-06;
    GR(23, 354) = 4.201706D-07;
    GR(23, 355) = 2.624715D-07;
    GR(23, 357) = 5.886516D-06;
    GR(23, 364) = 7.625148D-08;
    GR(23, 365) = 5.062011D-07;
    GR(23, 99999) = 7.497957D-02;
    GR(24, 313) = 1.218379D-07;
    GR(24, 314) = 1.218379D-07;
    GR(24, 315) = 1.280606D-07;
    GR(24, 355) = 1.795153D-07;
    GR(24, 356) = 9.469482D-08;
    GR(24, 357) = 1.677767D-07;
    GR(24, 358) = 1.881785D-07;
    GR(24, 99999) = 7.499614D-02;
    GR(50, 51) = 6.008019D-03;
    GR(50, 52) = 4.76959D-03;
    GR(50, 53) = 3.908234D-03;
    GR(50, 54) = 2.597417D-02;
    GR(50, 55) = 1.506968D-02;
    GR(50, 56) = 8.354984D-02;
    GR(50, 57) = 1.788336D-02;
    GR(50, 58) = 2.614335D-02;
    GR(50, 59) = 1.527375D-02;
    GR(50, 60) = 2.002063D-02;
    GR(50, 61) = 1.064588D-02;
    GR(50, 62) = 1.021044D-02;
    GR(50, 63) = 1.352007D-02;
    GR(50, 64) = 6.046276D-03;
    GR(50, 65) = 9.107787D-03;
    GR(50, 66) = 1.299474D-02;
    GR(50, 67) = 3.183959D-02;
    GR(50, 68) = 1.682716D-02;
    GR(50, 69) = 1.121078D-01;
    GR(50, 70) = 3.554718D-02;
    GR(50, 71) = 2.460703D-02;
    GR(50, 72) = 7.173611D-02;
    GR(50, 73) = 4.402029D-02;
    GR(51, 52) = 4.041725D-03;
    GR(51, 53) = 4.940595D-03;
    GR(51, 54) = 1.318396D-02;
    GR(51, 55) = 2.483927D-02;
    GR(51, 56) = 1.763315D-02;
    GR(51, 57) = 8.110305D-02;
    GR(51, 58) = 3.047654D-02;
    GR(51, 59) = 1.336349D-02;
    GR(51, 60) = 1.11614D-01;
    GR(51, 61) = 1.814339D-02;
    GR(51, 62) = 1.276818D-02;
    GR(51, 63) = 1.059529D-02;
    GR(51, 64) = 8.490099D-03;
    GR(51, 65) = 6.717129D-03;
    GR(51, 66) = 1.402518D-02;
    GR(51, 67) = 2.587599D-02;
    GR(51, 68) = 1.007945D-02;
    GR(51, 69) = 2.015961D-02;
    GR(51, 70) = 2.463412D-02;
    GR(51, 71) = 3.759726D-02;
    GR(51, 72) = 4.4827D-02;
    GR(51, 73) = 7.368991D-02;
    GR(52, 53) = 5.949192D-03;
    GR(52, 54) = 1.327315D-02;
    GR(52, 55) = 1.042638D-02;
    GR(52, 56) = 8.8573D-03;
    GR(52, 57) = 6.813909D-03;
    GR(52, 58) = 1.468419D-02;
    GR(52, 59) = 2.435249D-02;
    GR(52, 60) = 9.944026D-03;
    GR(52, 61) = 1.9144D-02;
    GR(52, 62) = 1.469406D-02;
    GR(52, 63) = 2.525143D-02;
    GR(52, 64) = 1.817092D-02;
    GR(52, 65) = 8.146444D-02;
    GR(52, 66) = 3.245878D-02;
    GR(52, 67) = 1.335034D-02;
    GR(52, 68) = 1.102444D-01;
    GR(52, 69) = 1.721107D-02;
    GR(52, 70) = 6.876674D-02;
    GR(52, 71) = 4.540034D-02;
    GR(52, 72) = 3.618548D-02;
    GR(52, 73) = 2.631331D-02;
    GR(53, 54) = 9.274653D-03;
    GR(53, 55) = 1.286782D-02;
    GR(53, 56) = 6.197819D-03;
    GR(53, 57) = 8.066104D-03;
    GR(53, 58) = 1.272233D-02;
    GR(53, 59) = 3.013379D-02;
    GR(53, 60) = 1.67946D-02;
    GR(53, 61) = 1.087117D-01;
    GR(53, 62) = 2.641482D-02;
    GR(53, 63) = 1.45389D-02;
    GR(53, 64) = 8.11053D-02;
    GR(53, 65) = 1.855281D-02;
    GR(53, 66) = 2.663693D-02;
    GR(53, 67) = 1.438767D-02;
    GR(53, 68) = 1.993362D-02;
    GR(53, 69) = 1.040158D-02;
    GR(53, 70) = 4.557665D-02;
    GR(53, 71) = 7.235809D-02;
    GR(53, 72) = 2.549329D-02;
    GR(53, 73) = 3.438876D-02;
    GR(54, 55) = 2.044064D-03;
    GR(54, 56) = 2.432951D-03;
    GR(54, 58) = 1.413334D-02;
    GR(54, 59) = 9.773391D-03;
    GR(54, 60) = 1.076736D-02;
    GR(54, 61) = 8.95789D-03;
    GR(54, 62) = 9.458015D-03;
    GR(54, 63) = 1.254555D-02;
    GR(54, 64) = 9.11404D-03;
    GR(54, 65) = 9.938724D-03;
    GR(54, 66) = 8.213814D-03;
    GR(54, 67) = 6.71544D-02;
    GR(54, 68) = 6.30234D-03;
    GR(54, 69) = 1.989824D-02;
    GR(54, 70) = 9.066274D-03;
    GR(54, 71) = 6.135872D-03;
    GR(54, 72) = 8.398104D-02;
    GR(54, 73) = 1.838579D-02;
    GR(55, 57) = 2.554104D-03;
    GR(55, 58) = 6.733479D-02;
    GR(55, 59) = 7.838411D-03;
    GR(55, 60) = 1.990909D-02;
    GR(55, 61) = 6.202789D-03;
    GR(55, 62) = 1.218781D-02;
    GR(55, 63) = 9.236004D-03;
    GR(55, 64) = 9.801492D-03;
    GR(55, 65) = 8.724896D-03;
    GR(55, 66) = 1.081724D-02;
    GR(55, 67) = 1.467926D-02;
    GR(55, 68) = 8.909197D-03;
    GR(55, 69) = 1.081342D-02;
    GR(55, 70) = 6.462772D-03;
    GR(55, 71) = 8.854353D-03;
    GR(55, 72) = 1.860498D-02;
    GR(55, 73) = 8.063091D-02;
    GR(56, 57) = 2.02699D-03;
    GR(56, 58) = 1.07293D-02;
    GR(56, 59) = 8.398191D-03;
    GR(56, 60) = 1.490813D-02;
    GR(56, 61) = 1.022404D-02;
    GR(56, 62) = 8.867304D-03;
    GR(56, 63) = 1.057234D-02;
    GR(56, 64) = 9.657246D-03;
    GR(56, 65) = 1.170341D-02;
    GR(56, 66) = 6.666275D-03;
    GR(56, 67) = 1.899674D-02;
    GR(56, 68) = 7.584821D-03;
    GR(56, 69) = 6.696009D-02;
    GR(56, 70) = 1.379191D-02;
    GR(56, 71) = 9.751442D-03;
    GR(56, 72) = 2.546125D-02;
    GR(56, 73) = 1.437274D-02;
    GR(57, 58) = 1.949747D-02;
    GR(57, 59) = 6.596942D-03;
    GR(57, 60) = 6.648684D-02;
    GR(57, 61) = 8.144607D-03;
    GR(57, 62) = 9.99633D-03;
    GR(57, 63) = 8.022272D-03;
    GR(57, 64) = 1.173643D-02;
    GR(57, 65) = 9.312167D-03;
    GR(57, 66) = 8.711163D-03;
    GR(57, 67) = 1.157086D-02;
    GR(57, 68) = 9.841871D-03;
    GR(57, 69) = 1.53292D-02;
    GR(57, 70) = 1.126968D-02;
    GR(57, 71) = 1.291658D-02;
    GR(57, 72) = 1.574553D-02;
    GR(57, 73) = 2.570046D-02;
    GR(58, 59) = 3.000531D-03;
    GR(58, 60) = 4.317737D-03;
    GR(58, 62) = 8.030187D-03;
    GR(58, 63) = 1.052674D-02;
    GR(58, 64) = 7.1551D-03;
    GR(58, 65) = 8.418736D-03;
    GR(58, 66) = 1.97858D-02;
    GR(58, 67) = 3.362132D-02;
    GR(58, 68) = 1.545912D-02;
    GR(58, 69) = 2.649582D-02;
    GR(58, 70) = 9.541897D-03;
    GR(58, 71) = 1.718435D-02;
    GR(58, 72) = 1.921346D-02;
    GR(58, 73) = 1.148534D-01;
    GR(59, 60) = 1.281873D-03;
    GR(59, 61) = 4.210982D-03;
    GR(59, 62) = 6.640843D-02;
    GR(59, 63) = 1.380473D-02;
    GR(59, 64) = 2.098018D-02;
    GR(59, 65) = 1.097811D-02;
    GR(59, 66) = 3.21866D-02;
    GR(59, 67) = 2.024156D-02;
    GR(59, 68) = 2.57988D-02;
    GR(59, 69) = 1.649951D-02;
    GR(59, 70) = 2.011026D-02;
    GR(59, 71) = 1.130276D-01;
    GR(59, 72) = 9.909919D-03;
    GR(59, 73) = 1.747197D-02;
    GR(60, 61) = 2.839321D-03;
    GR(60, 62) = 5.76228D-03;
    GR(60, 63) = 8.705387D-03;
    GR(60, 64) = 8.025799D-03;
    GR(60, 65) = 9.799574D-03;
    GR(60, 66) = 1.690165D-02;
    GR(60, 67) = 2.771818D-02;
    GR(60, 68) = 1.963914D-02;
    GR(60, 69) = 3.371239D-02;
    GR(60, 70) = 1.474487D-02;
    GR(60, 71) = 1.278653D-02;
    GR(60, 72) = 2.523041D-02;
    GR(60, 73) = 3.186674D-02;
    GR(61, 62) = 1.828305D-02;
    GR(61, 63) = 1.085409D-02;
    GR(61, 64) = 6.763628D-02;
    GR(61, 65) = 1.507169D-02;
    GR(61, 66) = 2.727525D-02;
    GR(61, 67) = 1.638871D-02;
    GR(61, 68) = 3.422689D-02;
    GR(61, 69) = 1.94112D-02;
    GR(61, 70) = 2.63578D-02;
    GR(61, 71) = 3.036969D-02;
    GR(61, 72) = 1.444514D-02;
    GR(61, 73) = 1.288233D-02;
    GR(62, 63) = 1.966094D-03;
    GR(62, 64) = 2.574309D-03;
    GR(62, 66) = 1.427293D-02;
    GR(62, 67) = 9.584579D-03;
    GR(62, 68) = 1.085904D-02;
    GR(62, 69) = 8.874982D-03;
    GR(62, 70) = 1.829689D-02;
    GR(62, 71) = 8.403572D-02;
    GR(62, 72) = 7.104902D-03;
    GR(62, 73) = 8.566951D-03;
    GR(63, 65) = 2.533067D-03;
    GR(63, 66) = 6.791535D-02;
    GR(63, 67) = 7.669197D-03;
    GR(63, 68) = 1.990659D-02;
    GR(63, 69) = 5.724112D-03;
    GR(63, 70) = 8.112608D-02;
    GR(63, 71) = 1.871281D-02;
    GR(63, 72) = 8.78835D-03;
    GR(63, 73) = 6.342362D-03;
    GR(64, 65) = 2.04181D-03;
    GR(64, 66) = 1.078256D-02;
    GR(64, 67) = 9.4543D-03;
    GR(64, 68) = 1.517983D-02;
    GR(64, 69) = 9.583667D-03;
    GR(64, 70) = 1.437147D-02;
    GR(64, 71) = 2.672147D-02;
    GR(64, 72) = 1.045599D-02;
    GR(64, 73) = 1.253562D-02;
    GR(65, 66) = 2.031438D-02;
    GR(65, 67) = 6.399156D-03;
    GR(65, 68) = 6.68455D-02;
    GR(65, 69) = 7.791238D-03;
    GR(65, 70) = 2.587659D-02;
    GR(65, 71) = 1.365417D-02;
    GR(65, 72) = 1.347558D-02;
    GR(65, 73) = 1.059728D-02;
    GR(66, 67) = 2.671764D-03;
    GR(66, 68) = 4.190196D-03;
    GR(66, 70) = 1.098196D-01;
    GR(66, 71) = 2.109474D-02;
    GR(66, 72) = 1.657418D-02;
    GR(66, 73) = 9.853311D-03;
    GR(67, 68) = 1.310761D-03;
    GR(67, 69) = 4.21424D-03;
    GR(67, 70) = 1.598846D-02;
    GR(67, 71) = 9.881432D-03;
    GR(67, 72) = 1.100521D-01;
    GR(67, 73) = 1.980682D-02;
    GR(68, 69) = 2.840341D-03;
    GR(68, 70) = 3.229598D-02;
    GR(68, 71) = 2.625356D-02;
    GR(68, 72) = 1.362151D-02;
    GR(68, 73) = 1.398102D-02;
    GR(69, 70) = 1.471391D-02;
    GR(69, 71) = 1.483225D-02;
    GR(69, 72) = 3.09799D-02;
    GR(69, 73) = 2.535219D-02;
    GR(70, 71) = 5.851263D-03;
    GR(70, 72) = 4.867761D-03;
    GR(70, 73) = 3.972383D-03;
    GR(71, 72) = 4.156637D-03;
    GR(71, 73) = 4.612922D-03;
    GR(72, 73) = 5.875914D-03;
    GR(200, 300) = 3.453621D-09;
    GR(200, 301) = 3.453621D-09;
    GR(200, 303) = 3.140137D-07;
    GR(200, 304) = 1.530972D-07;
    GR(200, 305) = 1.530972D-07;
    GR(200, 306) = 1.530972D-07;
    GR(200, 307) = 1.530972D-07;
    GR(200, 361) = 3.445629D-07;
    GR(200, 362) = 2.255727D-07;
    GR(200, 363) = 1.189902D-07;
    GR(200, 364) = 1.189902D-07;
    GR(200, 365) = 1.189902D-07;
    GR(200, 99999) = 2.499769D-02;
    GR(201, 306) = 1.530972D-07;
    GR(201, 364) = 1.189902D-07;
    GR(201, 99999) = 2.499966D-02;
    GR(202, 301) = 3.688813D-08;
    GR(202, 306) = 1.530972D-07;
    GR(202, 364) = 1.189902D-07;
    GR(202, 99999) = 2.499966D-02;
    GR(203, 307) = 1.530972D-07;
    GR(203, 365) = 1.189902D-07;
    GR(203, 99999) = 2.499966D-02;
    GR(204, 205) = 2.870425D-05;
    GR(204, 99999) = 2.810034D-04;
    GR(205, 208) = 3.046513D-06;
    GR(205, 99999) = 2.373004D-04;
    GR(206, 207) = 3.206692D-05;
    GR(206, 219) = 8.602122D-07;
    GR(206, 99999) = 2.910509D-04;
    GR(207, 99999) = 3.380272D-04;
    GR(208, 209) = 1.00224D-05;
    GR(208, 210) = 2.734649D-05;
    GR(208, 211) = 7.233495D-06;
    GR(208, 99999) = 2.922186D-02;
    GR(209, 210) = 6.08175D-06;
    GR(209, 211) = 1.99935D-06;
    GR(209, 99999) = 2.991905D-02;
    GR(210, 211) = 9.596623D-06;
    GR(210, 99999) = 2.925113D-02;
    GR(211, 99999) = 2.991536D-02;
    GR(212, 99999) = 3.D-02;
    GR(213, 99999) = 3.D-02;
    GR(214, 99999) = 3.D-02;
    GR(215, 99999) = 3.D-02;
    GR(216, 217) = 1.018965D-05;
    GR(216, 219) = 4.675556D-06;
    GR(216, 300) = 8.772844D-06;
    GR(216, 301) = 1.31334D-05;
    GR(216, 302) = 1.657513D-05;
    GR(216, 303) = 2.03992D-05;
    GR(216, 304) = 3.119982D-05;
    GR(216, 305) = 2.980249D-05;
    GR(216, 306) = 3.915838D-05;
    GR(216, 307) = 1.07841D-05;
    GR(216, 308) = 1.008486D-05;
    GR(216, 309) = 1.640316D-05;
    GR(216, 310) = 1.850863D-05;
    GR(216, 311) = 2.763922D-05;
    GR(216, 312) = 3.013239D-05;
    GR(216, 313) = 3.45939D-05;
    GR(216, 314) = 3.668528D-05;
    GR(216, 315) = 1.31731D-05;
    GR(216, 350) = 1.479958D-05;
    GR(216, 351) = 2.323733D-05;
    GR(216, 352) = 2.678531D-05;
    GR(216, 353) = 3.803058D-05;
    GR(216, 354) = 4.059499D-05;
    GR(216, 355) = 4.911304D-05;
    GR(216, 356) = 5.144617D-05;
    GR(216, 357) = 1.665574D-05;
    GR(216, 358) = 1.236005D-05;
    GR(216, 359) = 1.969193D-05;
    GR(216, 360) = 2.394133D-05;
    GR(216, 361) = 2.721586D-05;
    GR(216, 362) = 4.337163D-05;
    GR(216, 363) = 3.99312D-05;
    GR(216, 364) = 5.413325D-05;
    GR(216, 365) = 1.697558D-05;
    GR(216, 99999) = 2.906344D-02;
    GR(217, 218) = 5.916784D-06;
    GR(217, 219) = 2.97028D-05;
    GR(217, 300) = 6.440231D-06;
    GR(217, 301) = 1.144278D-05;
    GR(217, 302) = 1.505628D-05;
    GR(217, 303) = 1.638631D-05;
    GR(217, 304) = 2.238567D-05;
    GR(217, 305) = 1.950553D-05;
    GR(217, 306) = 9.542994D-06;
    GR(217, 307) = 3.771309D-07;
    GR(217, 308) = 1.141655D-05;
    GR(217, 309) = 1.27604D-05;
    GR(217, 310) = 1.343812D-05;
    GR(217, 311) = 1.752091D-05;
    GR(217, 312) = 2.079002D-05;
    GR(217, 313) = 1.789126D-05;
    GR(217, 314) = 4.966819D-06;
    GR(217, 315) = 4.102891D-07;
    GR(217, 350) = 1.652165D-05;
    GR(217, 351) = 1.621627D-05;
    GR(217, 352) = 1.941164D-05;
    GR(217, 353) = 2.592281D-05;
    GR(217, 354) = 2.961178D-05;
    GR(217, 355) = 2.616271D-05;
    GR(217, 356) = 5.902916D-06;
    GR(217, 357) = 5.142644D-07;
    GR(217, 358) = 9.040574D-06;
    GR(217, 359) = 1.520458D-05;
    GR(217, 360) = 2.062811D-05;
    GR(217, 361) = 2.227235D-05;
    GR(217, 362) = 3.004153D-05;
    GR(217, 363) = 2.850802D-05;
    GR(217, 364) = 1.251154D-05;
    GR(217, 99999) = 2.874102D-02;
    GR(218, 219) = 1.150402D-05;
    GR(218, 300) = 1.09478D-05;
    GR(218, 301) = 1.301505D-05;
    GR(218, 302) = 1.479448D-05;
    GR(218, 303) = 2.366959D-05;
    GR(218, 304) = 3.39031D-05;
    GR(218, 305) = 4.281091D-05;
    GR(218, 306) = 3.72593D-05;
    GR(218, 307) = 1.099518D-05;
    GR(218, 308) = 1.056686D-05;
    GR(218, 309) = 1.350359D-05;
    GR(218, 310) = 1.832986D-05;
    GR(218, 311) = 2.222354D-05;
    GR(218, 312) = 3.294592D-05;
    GR(218, 313) = 3.550236D-05;
    GR(218, 314) = 3.375508D-05;
    GR(218, 315) = 1.311895D-05;
    GR(218, 350) = 1.421411D-05;
    GR(218, 351) = 1.755454D-05;
    GR(218, 352) = 2.286857D-05;
    GR(218, 353) = 3.124472D-05;
    GR(218, 354) = 4.537798D-05;
    GR(218, 355) = 4.614196D-05;
    GR(218, 356) = 4.3117D-05;
    GR(218, 357) = 1.675193D-05;
    GR(218, 358) = 1.481529D-05;
    GR(218, 359) = 1.941336D-05;
    GR(218, 360) = 2.14602D-05;
    GR(218, 361) = 3.027607D-05;
    GR(218, 362) = 4.56327D-05;
    GR(218, 363) = 5.740551D-05;
    GR(218, 364) = 5.194407D-05;
    GR(218, 365) = 1.371154D-05;
    GR(218, 99999) = 2.904662D-02;
    GR(219, 300) = 7.741612D-06;
    GR(219, 301) = 9.573012D-06;
    GR(219, 302) = 1.394427D-05;
    GR(219, 303) = 1.967937D-05;
    GR(219, 304) = 1.79712D-05;
    GR(219, 305) = 1.726952D-05;
    GR(219, 306) = 7.129945D-06;
    GR(219, 308) = 9.222054D-06;
    GR(219, 309) = 1.318237D-05;
    GR(219, 310) = 1.816258D-05;
    GR(219, 311) = 1.76953D-05;
    GR(219, 312) = 2.361322D-05;
    GR(219, 313) = 1.950927D-05;
    GR(219, 314) = 9.246858D-06;
    GR(219, 350) = 1.313768D-05;
    GR(219, 351) = 1.782928D-05;
    GR(219, 352) = 2.445393D-05;
    GR(219, 353) = 2.589744D-05;
    GR(219, 354) = 3.089679D-05;
    GR(219, 355) = 2.766908D-05;
    GR(219, 356) = 1.302965D-05;
    GR(219, 358) = 1.010057D-05;
    GR(219, 359) = 1.213315D-05;
    GR(219, 360) = 1.780444D-05;
    GR(219, 361) = 2.688567D-05;
    GR(219, 362) = 2.548383D-05;
    GR(219, 363) = 2.498094D-05;
    GR(219, 364) = 9.887976D-06;
    GR(219, 99999) = 2.874646D-02;
    GR(220, 313) = 1.530972D-07;
    GR(220, 314) = 1.609165D-07;
    GR(220, 355) = 1.189902D-07;
    GR(220, 356) = 2.108224D-07;
    GR(220, 99999) = 2.499919D-02;
    GR(221, 314) = 4.671109D-07;
    GR(221, 315) = 9.133655D-08;
    GR(221, 356) = 4.488028D-07;
    GR(221, 357) = 2.108224D-07;
    GR(221, 99999) = 2.499848D-02;
    GR(222, 312) = 1.530972D-07;
    GR(222, 313) = 1.609165D-07;
    GR(222, 314) = 8.351731D-08;
    GR(222, 354) = 2.255727D-07;
    GR(222, 355) = 2.108224D-07;
    GR(222, 356) = 2.108224D-07;
    GR(222, 99999) = 2.49987D-02;
    GR(223, 99999) = 2.5D-02;
    GR(250, 251) = 1.37321D-03;
    GR(250, 252) = 1.326961D-03;
    GR(250, 254) = 5.860155D-03;
    GR(250, 255) = 3.963637D-03;
    GR(250, 256) = 3.93968D-02;
    GR(250, 257) = 9.294179D-03;
    GR(250, 258) = 6.918628D-03;
    GR(250, 259) = 5.638786D-03;
    GR(250, 260) = 9.613901D-03;
    GR(250, 261) = 5.913457D-03;
    GR(250, 262) = 6.057023D-03;
    GR(250, 263) = 7.394066D-03;
    GR(250, 264) = 5.427863D-03;
    GR(250, 265) = 8.42653D-03;
    GR(250, 266) = 4.240018D-03;
    GR(250, 267) = 5.654121D-03;
    GR(250, 268) = 9.225137D-03;
    GR(250, 269) = 3.857461D-02;
    GR(250, 270) = 7.664665D-03;
    GR(250, 271) = 6.165315D-03;
    GR(250, 272) = 9.52799D-03;
    GR(250, 273) = 7.532595D-03;
    GR(251, 253) = 1.326969D-03;
    GR(251, 254) = 4.314393D-03;
    GR(251, 255) = 5.630507D-03;
    GR(251, 256) = 9.374605D-03;
    GR(251, 257) = 3.891031D-02;
    GR(251, 258) = 5.748562D-03;
    GR(251, 259) = 3.90313D-03;
    GR(251, 260) = 3.896416D-02;
    GR(251, 261) = 8.900429D-03;
    GR(251, 262) = 7.050219D-03;
    GR(251, 263) = 5.717072D-03;
    GR(251, 264) = 8.987639D-03;
    GR(251, 265) = 5.530696D-03;
    GR(251, 266) = 5.132107D-03;
    GR(251, 267) = 7.216624D-03;
    GR(251, 268) = 5.667182D-03;
    GR(251, 269) = 9.193162D-03;
    GR(251, 270) = 6.396319D-03;
    GR(251, 271) = 7.359788D-03;
    GR(251, 272) = 7.594631D-03;
    GR(251, 273) = 9.56846D-03;
    GR(252, 253) = 1.233765D-03;
    GR(252, 254) = 6.785067D-03;
    GR(252, 255) = 5.33615D-03;
    GR(252, 256) = 8.382665D-03;
    GR(252, 257) = 5.795896D-03;
    GR(252, 258) = 5.509255D-03;
    GR(252, 259) = 6.97847D-03;
    GR(252, 260) = 5.56904D-03;
    GR(252, 261) = 8.961604D-03;
    GR(252, 262) = 4.182631D-03;
    GR(252, 263) = 5.881733D-03;
    GR(252, 264) = 9.488981D-03;
    GR(252, 265) = 3.861597D-02;
    GR(252, 266) = 6.327014D-03;
    GR(252, 267) = 4.489922D-03;
    GR(252, 268) = 3.908537D-02;
    GR(252, 269) = 9.53387D-03;
    GR(252, 270) = 9.573338D-03;
    GR(252, 271) = 7.327952D-03;
    GR(252, 272) = 8.087259D-03;
    GR(252, 273) = 5.792704D-03;
    GR(253, 254) = 5.514881D-03;
    GR(253, 255) = 7.127455D-03;
    GR(253, 256) = 5.702554D-03;
    GR(253, 257) = 8.971997D-03;
    GR(253, 258) = 4.35855D-03;
    GR(253, 259) = 6.002577D-03;
    GR(253, 260) = 9.070463D-03;
    GR(253, 261) = 3.889791D-02;
    GR(253, 262) = 5.824036D-03;
    GR(253, 263) = 4.61472D-03;
    GR(253, 264) = 4.000807D-02;
    GR(253, 265) = 9.253339D-03;
    GR(253, 266) = 6.840532D-03;
    GR(253, 267) = 5.347052D-03;
    GR(253, 268) = 8.191079D-03;
    GR(253, 269) = 5.662737D-03;
    GR(253, 270) = 7.338389D-03;
    GR(253, 271) = 1.017502D-02;
    GR(253, 272) = 5.900446D-03;
    GR(253, 273) = 7.532916D-03;
    GR(254, 255) = 2.007642D-03;
    GR(254, 256) = 1.68836D-03;
    GR(254, 257) = 1.377912D-03;
    GR(254, 258) = 9.990945D-03;
    GR(254, 259) = 9.834002D-03;
    GR(254, 260) = 5.302453D-03;
    GR(254, 261) = 6.839795D-03;
    GR(254, 262) = 1.337559D-02;
    GR(254, 263) = 1.84234D-02;
    GR(254, 264) = 9.053213D-03;
    GR(254, 265) = 1.186185D-02;
    GR(254, 266) = 9.491973D-03;
    GR(254, 267) = 4.735129D-02;
    GR(254, 268) = 5.632653D-03;
    GR(254, 269) = 9.101306D-03;
    GR(254, 270) = 8.782936D-03;
    GR(254, 271) = 5.25856D-03;
    GR(254, 272) = 3.870843D-02;
    GR(254, 273) = 9.242431D-03;
    GR(255, 256) = 1.346414D-03;
    GR(255, 257) = 1.6676D-03;
    GR(255, 258) = 4.7576D-02;
    GR(255, 259) = 1.013971D-02;
    GR(255, 260) = 9.248906D-03;
    GR(255, 261) = 5.016299D-03;
    GR(255, 262) = 1.840619D-02;
    GR(255, 263) = 1.287471D-02;
    GR(255, 264) = 1.147306D-02;
    GR(255, 265) = 9.528308D-03;
    GR(255, 266) = 1.005714D-02;
    GR(255, 267) = 1.055791D-02;
    GR(255, 268) = 6.311849D-03;
    GR(255, 269) = 5.214502D-03;
    GR(255, 270) = 5.863686D-03;
    GR(255, 271) = 8.724478D-03;
    GR(255, 272) = 9.389161D-03;
    GR(255, 273) = 4.01566D-02;
    GR(256, 257) = 1.966461D-03;
    GR(256, 258) = 5.751708D-03;
    GR(256, 259) = 6.404846D-03;
    GR(256, 260) = 9.760033D-03;
    GR(256, 261) = 9.824701D-03;
    GR(256, 262) = 9.22559D-03;
    GR(256, 263) = 1.169293D-02;
    GR(256, 264) = 1.392273D-02;
    GR(256, 265) = 1.840811D-02;
    GR(256, 266) = 5.601232D-03;
    GR(256, 267) = 8.962794D-03;
    GR(256, 268) = 9.980838D-03;
    GR(256, 269) = 4.776583D-02;
    GR(256, 270) = 7.0382D-03;
    GR(256, 271) = 5.805664D-03;
    GR(256, 272) = 5.843595D-03;
    GR(256, 273) = 4.133136D-03;
    GR(257, 258) = 9.080531D-03;
    GR(257, 259) = 5.40948D-03;
    GR(257, 260) = 4.786632D-02;
    GR(257, 261) = 9.739286D-03;
    GR(257, 262) = 1.147983D-02;
    GR(257, 263) = 9.016141D-03;
    GR(257, 264) = 1.867249D-02;
    GR(257, 265) = 1.351145D-02;
    GR(257, 266) = 6.870874D-03;
    GR(257, 267) = 5.682409D-03;
    GR(257, 268) = 9.936949D-03;
    GR(257, 269) = 1.050671D-02;
    GR(257, 270) = 5.610119D-03;
    GR(257, 271) = 7.307642D-03;
    GR(257, 272) = 4.26103D-03;
    GR(257, 273) = 6.049687D-03;
    GR(258, 259) = 1.909552D-03;
    GR(258, 260) = 1.723483D-03;
    GR(258, 261) = 1.365067D-03;
    GR(258, 262) = 9.586167D-03;
    GR(258, 263) = 9.943578D-03;
    GR(258, 264) = 5.318806D-03;
    GR(258, 265) = 6.795628D-03;
    GR(258, 266) = 1.315704D-02;
    GR(258, 267) = 1.89642D-02;
    GR(258, 268) = 8.809844D-03;
    GR(258, 269) = 1.175898D-02;
    GR(258, 270) = 5.878336D-03;
    GR(258, 271) = 9.940606D-03;
    GR(258, 272) = 8.613154D-03;
    GR(258, 273) = 3.934604D-02;
    GR(259, 260) = 1.321306D-03;
    GR(259, 261) = 1.784044D-03;
    GR(259, 262) = 4.761428D-02;
    GR(259, 263) = 9.334636D-03;
    GR(259, 264) = 8.752415D-03;
    GR(259, 265) = 5.240935D-03;
    GR(259, 266) = 1.872178D-02;
    GR(259, 267) = 1.33512D-02;
    GR(259, 268) = 1.198983D-02;
    GR(259, 269) = 8.713351D-03;
    GR(259, 270) = 8.623128D-03;
    GR(259, 271) = 3.943439D-02;
    GR(259, 272) = 5.706523D-03;
    GR(259, 273) = 8.78874D-03;
    GR(260, 261) = 1.906633D-03;
    GR(260, 262) = 5.009775D-03;
    GR(260, 263) = 6.629474D-03;
    GR(260, 264) = 9.820151D-03;
    GR(260, 265) = 1.019955D-02;
    GR(260, 266) = 8.928794D-03;
    GR(260, 267) = 1.171247D-02;
    GR(260, 268) = 1.33857D-02;
    GR(260, 269) = 1.847828D-02;
    GR(260, 270) = 5.587727D-03;
    GR(260, 271) = 4.361587D-03;
    GR(260, 272) = 6.463358D-03;
    GR(260, 273) = 6.0731D-03;
    GR(261, 262) = 9.1457D-03;
    GR(261, 263) = 5.485155D-03;
    GR(261, 264) = 4.705332D-02;
    GR(261, 265) = 9.698877D-03;
    GR(261, 266) = 1.162989D-02;
    GR(261, 267) = 9.635231D-03;
    GR(261, 268) = 1.80084D-02;
    GR(261, 269) = 1.34742D-02;
    GR(261, 270) = 7.363961D-03;
    GR(261, 271) = 5.769587D-03;
    GR(261, 272) = 5.099866D-03;
    GR(261, 273) = 4.631972D-03;
    GR(262, 263) = 2.024328D-03;
    GR(262, 264) = 1.656055D-03;
    GR(262, 265) = 1.438114D-03;
    GR(262, 266) = 1.010559D-02;
    GR(262, 267) = 9.508932D-03;
    GR(262, 268) = 5.366716D-03;
    GR(262, 269) = 6.411521D-03;
    GR(262, 270) = 8.993688D-03;
    GR(262, 271) = 3.903284D-02;
    GR(262, 272) = 6.018344D-03;
    GR(262, 273) = 9.160195D-03;
    GR(263, 264) = 1.368116D-03;
    GR(263, 265) = 1.733712D-03;
    GR(263, 266) = 4.772016D-02;
    GR(263, 267) = 1.032807D-02;
    GR(263, 268) = 9.198143D-03;
    GR(263, 269) = 5.185527D-03;
    GR(263, 270) = 3.92661D-02;
    GR(263, 271) = 9.208954D-03;
    GR(263, 272) = 8.738359D-03;
    GR(263, 273) = 5.608997D-03;
    GR(264, 265) = 1.97497D-03;
    GR(264, 266) = 5.545394D-03;
    GR(264, 267) = 6.750836D-03;
    GR(264, 268) = 9.900378D-03;
    GR(264, 269) = 1.036821D-02;
    GR(264, 270) = 4.144257D-03;
    GR(264, 271) = 5.875811D-03;
    GR(264, 272) = 5.129573D-03;
    GR(264, 273) = 6.967971D-03;
    GR(265, 266) = 8.642644D-03;
    GR(265, 267) = 5.643244D-03;
    GR(265, 268) = 4.808302D-02;
    GR(265, 269) = 9.869268D-03;
    GR(265, 270) = 5.733321D-03;
    GR(265, 271) = 4.13569D-03;
    GR(265, 272) = 6.860419D-03;
    GR(265, 273) = 5.61839D-03;
    GR(266, 267) = 1.823857D-03;
    GR(266, 268) = 1.827806D-03;
    GR(266, 269) = 1.325625D-03;
    GR(266, 270) = 3.980882D-02;
    GR(266, 271) = 8.963673D-03;
    GR(266, 272) = 9.595821D-03;
    GR(266, 273) = 5.569931D-03;
    GR(267, 268) = 1.40572D-03;
    GR(267, 269) = 1.788405D-03;
    GR(267, 270) = 9.071209D-03;
    GR(267, 271) = 5.255929D-03;
    GR(267, 272) = 3.961036D-02;
    GR(267, 273) = 8.642795D-03;
    GR(268, 269) = 1.967519D-03;
    GR(268, 270) = 5.930484D-03;
    GR(268, 271) = 7.384466D-03;
    GR(268, 272) = 4.190754D-03;
    GR(268, 273) = 5.386776D-03;
    GR(269, 270) = 4.056146D-03;
    GR(269, 271) = 5.822464D-03;
    GR(269, 272) = 6.233157D-03;
    GR(269, 273) = 6.793022D-03;
    GR(270, 271) = 1.314795D-03;
    GR(270, 272) = 1.29871D-03;
    GR(271, 273) = 1.325649D-03;
    GR(272, 273) = 1.314905D-03;
    GR(300, 301) = 2.876733D-06;
    GR(300, 302) = 2.410541D-06;
    GR(300, 303) = 9.428592D-07;
    GR(300, 304) = 1.885718D-06;
    GR(300, 305) = 4.344414D-06;
    GR(300, 306) = 7.124838D-06;
    GR(300, 307) = 9.444237D-06;
    GR(300, 310) = 5.143464D-07;
    GR(300, 311) = 1.836305D-06;
    GR(300, 312) = 2.362386D-06;
    GR(300, 313) = 7.783649D-06;
    GR(300, 314) = 8.506686D-06;
    GR(300, 315) = 5.142809D-06;
    GR(300, 99999) = 2.746366D-01;
    GR(301, 302) = 1.923398D-06;
    GR(301, 303) = 5.190964D-06;
    GR(301, 304) = 1.885717D-06;
    GR(301, 305) = 4.285783D-06;
    GR(301, 306) = 8.678354D-06;
    GR(301, 307) = 8.783533D-06;
    GR(301, 308) = 1.933873D-06;
    GR(301, 309) = 1.409051D-06;
    GR(301, 310) = 1.885718D-06;
    GR(301, 311) = 2.828577D-06;
    GR(301, 312) = 1.457207D-06;
    GR(301, 313) = 5.705312D-06;
    GR(301, 314) = 1.14483D-05;
    GR(301, 315) = 1.249795D-05;
    GR(301, 99999) = 2.745885D-01;
    GR(302, 303) = 5.228644D-06;
    GR(302, 304) = 5.249596D-06;
    GR(302, 305) = 9.144546D-06;
    GR(302, 306) = 8.057221D-06;
    GR(302, 307) = 3.496736D-05;
    GR(302, 308) = 4.766674D-07;
    GR(302, 309) = 4.766677D-07;
    GR(302, 310) = 2.066254D-06;
    GR(302, 311) = 2.876734D-06;
    GR(302, 312) = 6.171499D-06;
    GR(302, 313) = 8.848414D-06;
    GR(302, 314) = 1.36067D-05;
    GR(302, 315) = 2.226079D-05;
    GR(302, 99999) = 2.744552D-01;
    GR(303, 304) = 7.628708D-06;
    GR(303, 305) = 7.639182D-06;
    GR(303, 306) = 2.48619D-05;
    GR(303, 307) = 4.041901D-05;
    GR(303, 308) = 2.828578D-06;
    GR(303, 309) = 2.138863D-06;
    GR(303, 310) = 2.580602D-06;
    GR(303, 311) = 4.858762D-06;
    GR(303, 312) = 5.609D-06;
    GR(303, 313) = 5.839298D-06;
    GR(303, 314) = 1.68908D-05;
    GR(303, 315) = 3.054626D-05;
    GR(303, 99999) = 2.743477D-01;
    GR(304, 305) = 1.699116D-05;
    GR(304, 306) = 3.562311D-05;
    GR(304, 307) = 6.080251D-05;
    GR(304, 308) = 2.76261D-06;
    GR(304, 309) = 1.419528D-06;
    GR(304, 310) = 4.76245D-06;
    GR(304, 311) = 4.666141D-06;
    GR(304, 312) = 1.320003D-05;
    GR(304, 313) = 1.027514D-05;
    GR(304, 314) = 3.538704D-05;
    GR(304, 315) = 6.08999D-05;
    GR(304, 99999) = 2.740558D-01;
    GR(305, 306) = 6.619339D-05;
    GR(305, 307) = 1.313451D-04;
    GR(305, 308) = 3.29477D-06;
    GR(305, 309) = 2.780422D-06;
    GR(305, 310) = 9.621214D-06;
    GR(305, 311) = 1.210711D-05;
    GR(305, 312) = 1.416901D-05;
    GR(305, 313) = 2.397957D-05;
    GR(305, 314) = 6.636866D-05;
    GR(305, 315) = 1.086811D-04;
    GR(305, 99999) = 2.735975D-01;
    GR(306, 307) = 2.606969D-04;
    GR(306, 308) = 6.592679D-06;
    GR(306, 309) = 7.048394D-06;
    GR(306, 310) = 1.640337D-05;
    GR(306, 311) = 2.641542D-05;
    GR(306, 312) = 2.25558D-05;
    GR(306, 313) = 5.644559D-05;
    GR(306, 314) = 1.200092D-04;
    GR(306, 315) = 2.201339D-04;
    GR(306, 99999) = 2.727218D-01;
    GR(307, 308) = 1.099259D-05;
    GR(307, 309) = 8.115852D-06;
    GR(307, 310) = 2.154004D-05;
    GR(307, 311) = 2.888309D-05;
    GR(307, 312) = 5.434504D-05;
    GR(307, 313) = 1.066996D-04;
    GR(307, 314) = 2.168145D-04;
    GR(307, 315) = 5.422358D-04;
    GR(307, 99999) = 2.69722D-01;
    GR(308, 309) = 9.428586D-07;
    GR(308, 310) = 1.885719D-06;
    GR(308, 311) = 1.885718D-06;
    GR(308, 312) = 2.448221D-06;
    GR(308, 313) = 7.172994D-06;
    GR(308, 314) = 7.230541D-06;
    GR(308, 315) = 8.5056D-06;
    GR(308, 99999) = 2.746135D-01;
    GR(309, 310) = 4.285124D-07;
    GR(309, 311) = 3.391079D-06;
    GR(309, 312) = 1.419527D-06;
    GR(309, 313) = 4.810606D-06;
    GR(309, 314) = 8.962401D-06;
    GR(309, 315) = 1.209489D-05;
    GR(309, 99999) = 2.745992D-01;
    GR(310, 311) = 1.933874D-06;
    GR(310, 312) = 4.751975D-06;
    GR(310, 313) = 6.696325D-06;
    GR(310, 314) = 7.076683D-06;
    GR(310, 315) = 2.495224D-05;
    GR(310, 99999) = 2.744913D-01;
    GR(311, 312) = 8.601911D-06;
    GR(311, 313) = 1.625158D-05;
    GR(311, 314) = 2.158998D-05;
    GR(311, 315) = 3.423217D-05;
    GR(311, 99999) = 2.743105D-01;
    GR(312, 313) = 2.017481D-05;
    GR(312, 314) = 3.403082D-05;
    GR(312, 315) = 5.359885D-05;
    GR(312, 99999) = 2.741266D-01;
    GR(313, 314) = 5.442179D-05;
    GR(313, 315) = 1.048475D-04;
    GR(313, 99999) = 2.736437D-01;
    GR(314, 315) = 2.876196D-04;
    GR(314, 99999) = 2.724053D-01;
    GR(315, 99999) = 2.698654D-01;
    GR(350, 351) = 3.575818D-06;
    GR(350, 352) = 7.046417D-06;
    GR(350, 353) = 5.508689D-06;
    GR(350, 354) = 1.009114D-06;
    GR(350, 355) = 5.594047D-06;
    GR(350, 356) = 1.814915D-05;
    GR(350, 357) = 1.561622D-05;
    GR(350, 359) = 1.549533D-06;
    GR(350, 360) = 1.009113D-06;
    GR(350, 361) = 5.719141D-06;
    GR(350, 362) = 2.922116D-06;
    GR(350, 363) = 1.787909D-06;
    GR(350, 364) = 1.534617D-05;
    GR(350, 365) = 1.812929D-05;
    GR(350, 99999) = 3.781466D-01;
    GR(351, 352) = 1.913002D-06;
    GR(351, 353) = 2.922116D-06;
    GR(351, 354) = 2.691799D-06;
    GR(351, 355) = 9.420053D-06;
    GR(351, 356) = 1.65717D-05;
    GR(351, 357) = 2.477761D-05;
    GR(351, 358) = 1.009115D-06;
    GR(351, 360) = 2.797025D-06;
    GR(351, 361) = 8.991341D-06;
    GR(351, 362) = 9.084511D-06;
    GR(351, 363) = 1.164526D-05;
    GR(351, 364) = 1.377467D-05;
    GR(351, 365) = 1.256901D-05;
    GR(351, 99999) = 3.780942D-01;
    GR(352, 353) = 4.479711D-06;
    GR(352, 354) = 1.030914D-05;
    GR(352, 355) = 2.536351D-05;
    GR(352, 356) = 1.737763D-05;
    GR(352, 357) = 3.369187D-05;
    GR(352, 358) = 3.80614D-06;
    GR(352, 360) = 2.691799D-06;
    GR(352, 361) = 3.575824D-06;
    GR(352, 362) = 9.843442D-06;
    GR(352, 363) = 8.959418D-06;
    GR(352, 364) = 1.131319D-05;
    GR(352, 365) = 3.971659D-05;
    GR(352, 99999) = 3.780033D-01;
    GR(353, 354) = 1.478378D-05;
    GR(353, 355) = 2.485753D-05;
    GR(353, 356) = 5.581441D-05;
    GR(353, 357) = 6.729838D-05;
    GR(353, 358) = 9.823575D-06;
    GR(353, 359) = 3.700913D-06;
    GR(353, 360) = 1.66282D-06;
    GR(353, 361) = 7.930438D-06;
    GR(353, 362) = 1.289065D-05;
    GR(353, 363) = 1.903318D-05;
    GR(353, 364) = 3.234425D-05;
    GR(353, 365) = 6.164385D-05;
    GR(353, 99999) = 3.777191D-01;
    GR(354, 355) = 3.627596D-05;
    GR(354, 356) = 7.20296D-05;
    GR(354, 357) = 8.285044D-05;
    GR(354, 358) = 6.162393D-06;
    GR(354, 359) = 2.81689D-06;
    GR(354, 360) = 1.044904D-05;
    GR(354, 361) = 2.475959D-05;
    GR(354, 362) = 2.425195D-05;
    GR(354, 363) = 4.151708D-05;
    GR(354, 364) = 3.562474D-05;
    GR(354, 365) = 1.026635D-04;
    GR(354, 99999) = 3.772622D-01;
    GR(355, 356) = 1.215437D-04;
    GR(355, 357) = 2.141656D-04;
    GR(355, 358) = 8.055527D-06;
    GR(355, 359) = 1.163135D-05;
    GR(355, 360) = 2.092631D-05;
    GR(355, 361) = 2.285918D-05;
    GR(355, 362) = 3.404728D-05;
    GR(355, 363) = 7.027761D-05;
    GR(355, 364) = 8.47393D-05;
    GR(355, 365) = 1.795158D-04;
    GR(355, 99999) = 3.764792D-01;
    GR(356, 357) = 5.183955D-04;
    GR(356, 358) = 2.002243D-05;
    GR(356, 359) = 1.661143D-05;
    GR(356, 360) = 2.336793D-05;
    GR(356, 361) = 3.600002D-05;
    GR(356, 362) = 6.232297D-05;
    GR(356, 363) = 9.964802D-05;
    GR(356, 364) = 2.23764D-04;
    GR(356, 365) = 3.958539D-04;
    GR(356, 99999) = 3.747265D-01;
    GR(357, 358) = 2.553111D-05;
    GR(357, 359) = 2.716169D-05;
    GR(357, 360) = 3.140791D-05;
    GR(357, 361) = 6.820227D-05;
    GR(357, 362) = 1.14845D-04;
    GR(357, 363) = 2.015958D-04;
    GR(357, 364) = 4.200214D-04;
    GR(357, 365) = 9.918053D-04;
    GR(357, 99999) = 3.700351D-01;
    GR(358, 359) = 2.018227D-06;
    GR(358, 361) = 2.678854D-06;
    GR(358, 362) = 6.623029D-06;
    GR(358, 363) = 7.296598D-06;
    GR(358, 364) = 1.62302D-05;
    GR(358, 365) = 1.81774D-05;
    GR(358, 99999) = 3.781354D-01;
    GR(359, 360) = 2.018228D-06;
    GR(359, 361) = 4.181415D-06;
    GR(359, 363) = 1.110274D-05;
    GR(359, 364) = 9.209601D-06;
    GR(359, 365) = 2.966932D-05;
    GR(359, 99999) = 3.780936D-01;
    GR(360, 361) = 6.267618D-06;
    GR(360, 362) = 7.256871D-06;
    GR(360, 363) = 1.434337D-05;
    GR(360, 364) = 1.840772D-05;
    GR(360, 365) = 4.471763D-05;
    GR(360, 99999) = 3.779539D-01;
    GR(361, 362) = 2.249782D-05;
    GR(361, 363) = 3.339518D-05;
    GR(361, 364) = 4.094874D-05;
    GR(361, 365) = 5.938876D-05;
    GR(361, 99999) = 3.776022D-01;
    GR(362, 363) = 4.493397D-05;
    GR(362, 364) = 6.011883D-05;
    GR(362, 365) = 1.149157D-04;
    GR(362, 99999) = 3.772608D-01;
    GR(363, 364) = 1.234046D-04;
    GR(363, 365) = 2.485699D-04;
    GR(363, 99999) = 3.764231D-01;
    GR(364, 365) = 4.85083D-04;
    GR(364, 99999) = 3.749612D-01;
    GR(365, 99999) = 3.704346D-01;
# ESATAN-TMS 2020, run date 11:27 Tue 13 Apr 2021
# Model name: Satelite        Generated conductors
    GL(1,50) = 2.25D-02; # from primitive Body_a
    GL(2,51) = 2.25D-02; # from primitive Body_a
    GL(3,52) = 2.25D-02; # from primitive Body_a
    GL(4,53) = 2.25D-02; # from primitive Body_a
    GL(5,54) = 1.35D-02; # from primitive Body_a
    GL(6,55) = 1.35D-02; # from primitive Body_a
    GL(7,56) = 1.35D-02; # from primitive Body_a
    GL(8,57) = 1.35D-02; # from primitive Body_a
    GL(9,58) = 1.8D-02; # from primitive Body_a
    GL(10,59) = 1.8D-02; # from primitive Body_a
    GL(11,60) = 1.8D-02; # from primitive Body_a
    GL(12,61) = 1.8D-02; # from primitive Body_a
    GL(13,62) = 1.35D-02; # from primitive Body_a
    GL(14,63) = 1.35D-02; # from primitive Body_a
    GL(15,64) = 1.35D-02; # from primitive Body_a
    GL(16,65) = 1.35D-02; # from primitive Body_a
    GL(17,66) = 1.8D-02; # from primitive Body_a
    GL(18,67) = 1.8D-02; # from primitive Body_a
    GL(19,68) = 1.8D-02; # from primitive Body_a
    GL(20,69) = 1.8D-02; # from primitive Body_a
    GL(21,70) = 2.25D-02; # from primitive Body_a
    GL(22,71) = 2.25D-02; # from primitive Body_a
    GL(23,72) = 2.25D-02; # from primitive Body_a
    GL(24,73) = 2.25D-02; # from primitive Body_a
    GL(50,51) = k_Al_6061 * 2.666515D-03; # from primitive Body_a
    GL(50,52) = k_Al_6061 * 1.499952D-03; # from primitive Body_a
    GL(50,56) = 1.0 / ((1.0 / (2.999904D-03 * k_Al_6061)) + (1.0 / (4.999729D-03 * k_Al_6061))); # from conductive interface ci_1
    GL(50,69) = 1.0 / ((1.0 / (5.333029D-03 * k_Al_6061)) + (1.0 / (6.66623D-03 * k_Al_6061))); # from conductive interface ci_5
    GL(51,53) = k_Al_6061 * 1.499952D-03; # from primitive Body_a
    GL(51,57) = 1.0 / ((1.0 / (2.999904D-03 * k_Al_6061)) + (1.0 / (4.999729D-03 * k_Al_6061))); # from conductive interface ci_1
    GL(51,60) = 1.0 / ((1.0 / (5.333029D-03 * k_Al_6061)) + (1.0 / (6.66623D-03 * k_Al_6061))); # from conductive interface ci_22
    GL(52,53) = k_Al_6061 * 2.666515D-03; # from primitive Body_a
    GL(52,65) = 1.0 / ((1.0 / (2.999904D-03 * k_Al_6061)) + (1.0 / (4.999729D-03 * k_Al_6061))); # from conductive interface ci_8
    GL(52,68) = 1.0 / ((1.0 / (5.333029D-03 * k_Al_6061)) + (1.0 / (6.66623D-03 * k_Al_6061))); # from conductive interface ci_5
    GL(53,61) = 1.0 / ((1.0 / (5.333029D-03 * k_Al_6061)) + (1.0 / (6.66623D-03 * k_Al_6061))); # from conductive interface ci_22
    GL(53,64) = 1.0 / ((1.0 / (2.999904D-03 * k_Al_6061)) + (1.0 / (4.999729D-03 * k_Al_6061))); # from conductive interface ci_8
    GL(54,55) = k_Al_6061 * 1.599944D-03; # from primitive Body_a
    GL(54,56) = k_Al_6061 * 2.499864D-03; # from primitive Body_a
    GL(54,67) = 1.0 / ((1.0 / (3.199889D-03 * k_Al_6061)) + (1.0 / (2.399943D-03 * k_Al_6061))); # from conductive interface ci_6
    GL(54,72) = 1.0 / ((1.0 / (4.999729D-03 * k_Al_6061)) + (1.0 / (2.999904D-03 * k_Al_6061))); # from conductive interface ci_2
    GL(55,57) = k_Al_6061 * 2.499864D-03; # from primitive Body_a
    GL(55,58) = 1.0 / ((1.0 / (3.199889D-03 * k_Al_6061)) + (1.0 / (2.399943D-03 * k_Al_6061))); # from conductive interface ci_21
    GL(55,73) = 1.0 / ((1.0 / (4.999729D-03 * k_Al_6061)) + (1.0 / (2.999904D-03 * k_Al_6061))); # from conductive interface ci_2
    GL(56,57) = k_Al_6061 * 1.599944D-03; # from primitive Body_a
    GL(56,69) = 1.0 / ((1.0 / (3.199889D-03 * k_Al_6061)) + (1.0 / (2.399943D-03 * k_Al_6061))); # from conductive interface ci_6
    GL(57,60) = 1.0 / ((1.0 / (3.199889D-03 * k_Al_6061)) + (1.0 / (2.399943D-03 * k_Al_6061))); # from conductive interface ci_21
    GL(58,59) = k_Al_6061 * 1.199972D-03; # from primitive Body_a
    GL(58,60) = k_Al_6061 * 3.333115D-03; # from primitive Body_a
    GL(58,73) = 1.0 / ((1.0 / (6.66623D-03 * k_Al_6061)) + (1.0 / (5.333029D-03 * k_Al_6061))); # from conductive interface ci_24
    GL(59,61) = k_Al_6061 * 3.333115D-03; # from primitive Body_a
    GL(59,62) = 1.0 / ((1.0 / (2.399943D-03 * k_Al_6061)) + (1.0 / (3.199889D-03 * k_Al_6061))); # from conductive interface ci_23
    GL(59,71) = 1.0 / ((1.0 / (6.66623D-03 * k_Al_6061)) + (1.0 / (5.333029D-03 * k_Al_6061))); # from conductive interface ci_24
    GL(60,61) = k_Al_6061 * 1.199972D-03; # from primitive Body_a
    GL(61,64) = 1.0 / ((1.0 / (2.399943D-03 * k_Al_6061)) + (1.0 / (3.199889D-03 * k_Al_6061))); # from conductive interface ci_23
    GL(62,63) = k_Al_6061 * 1.599944D-03; # from primitive Body_a
    GL(62,64) = k_Al_6061 * 2.499864D-03; # from primitive Body_a
    GL(62,71) = 1.0 / ((1.0 / (4.999729D-03 * k_Al_6061)) + (1.0 / (2.999904D-03 * k_Al_6061))); # from conductive interface ci_3
    GL(63,65) = k_Al_6061 * 2.499864D-03; # from primitive Body_a
    GL(63,66) = 1.0 / ((1.0 / (3.199889D-03 * k_Al_6061)) + (1.0 / (2.399943D-03 * k_Al_6061))); # from conductive interface ci_4
    GL(63,70) = 1.0 / ((1.0 / (4.999729D-03 * k_Al_6061)) + (1.0 / (2.999904D-03 * k_Al_6061))); # from conductive interface ci_3
    GL(64,65) = k_Al_6061 * 1.599944D-03; # from primitive Body_a
    GL(65,68) = 1.0 / ((1.0 / (3.199889D-03 * k_Al_6061)) + (1.0 / (2.399943D-03 * k_Al_6061))); # from conductive interface ci_4
    GL(66,67) = k_Al_6061 * 1.199972D-03; # from primitive Body_a
    GL(66,68) = k_Al_6061 * 3.333115D-03; # from primitive Body_a
    GL(66,70) = 1.0 / ((1.0 / (6.66623D-03 * k_Al_6061)) + (1.0 / (5.333029D-03 * k_Al_6061))); # from conductive interface ci_7
    GL(67,69) = k_Al_6061 * 3.333115D-03; # from primitive Body_a
    GL(67,72) = 1.0 / ((1.0 / (6.66623D-03 * k_Al_6061)) + (1.0 / (5.333029D-03 * k_Al_6061))); # from conductive interface ci_7
    GL(68,69) = k_Al_6061 * 1.199972D-03; # from primitive Body_a
    GL(70,71) = k_Al_6061 * 2.666515D-03; # from primitive Body_a
    GL(70,72) = k_Al_6061 * 1.499952D-03; # from primitive Body_a
    GL(71,73) = k_Al_6061 * 1.499952D-03; # from primitive Body_a
    GL(72,73) = k_Al_6061 * 2.666515D-03; # from primitive Body_a
    GL(200,250) = 7.5D-03; # from primitive Body_b
    GL(201,251) = 7.5D-03; # from primitive Body_b
    GL(202,252) = 7.5D-03; # from primitive Body_b
    GL(203,253) = 7.5D-03; # from primitive Body_b
    GL(204,254) = 9.D-03; # from primitive Body_b
    GL(205,255) = 9.D-03; # from primitive Body_b
    GL(206,256) = 9.D-03; # from primitive Body_b
    GL(207,257) = 9.D-03; # from primitive Body_b
    GL(208,258) = 9.D-03; # from primitive Body_b
    GL(209,259) = 9.D-03; # from primitive Body_b
    GL(210,260) = 9.D-03; # from primitive Body_b
    GL(211,261) = 9.D-03; # from primitive Body_b
    GL(212,262) = 9.D-03; # from primitive Body_b
    GL(213,263) = 9.D-03; # from primitive Body_b
    GL(214,264) = 9.D-03; # from primitive Body_b
    GL(215,265) = 9.D-03; # from primitive Body_b
    GL(216,266) = 9.D-03; # from primitive Body_b
    GL(217,267) = 9.D-03; # from primitive Body_b
    GL(218,268) = 9.D-03; # from primitive Body_b
    GL(219,269) = 9.D-03; # from primitive Body_b
    GL(220,270) = 7.5D-03; # from primitive Body_b
    GL(221,271) = 7.5D-03; # from primitive Body_b
    GL(222,272) = 7.5D-03; # from primitive Body_b
    GL(223,273) = 7.5D-03; # from primitive Body_b
    GL(250,251) = k_Al_6061 * 1.999911D-03; # from primitive Body_b
    GL(250,252) = k_Al_6061 * 1.999911D-03; # from primitive Body_b
    GL(250,256) = 1.0 / ((1.0 / (3.999822D-03 * k_Al_6061)) + (1.0 / (3.333212D-03 * k_Al_6061))); # from conductive interface ci_16
    GL(250,269) = 1.0 / ((1.0 / (3.999822D-03 * k_Al_6061)) + (1.0 / (3.333212D-03 * k_Al_6061))); # from conductive interface ci_11
    GL(251,253) = k_Al_6061 * 1.999911D-03; # from primitive Body_b
    GL(251,257) = 1.0 / ((1.0 / (3.999822D-03 * k_Al_6061)) + (1.0 / (3.333212D-03 * k_Al_6061))); # from conductive interface ci_16
    GL(251,260) = 1.0 / ((1.0 / (3.999822D-03 * k_Al_6061)) + (1.0 / (3.333212D-03 * k_Al_6061))); # from conductive interface ci_17
    GL(252,253) = k_Al_6061 * 1.999911D-03; # from primitive Body_b
    GL(252,265) = 1.0 / ((1.0 / (3.999822D-03 * k_Al_6061)) + (1.0 / (3.333212D-03 * k_Al_6061))); # from conductive interface ci_14
    GL(252,268) = 1.0 / ((1.0 / (3.999822D-03 * k_Al_6061)) + (1.0 / (3.333212D-03 * k_Al_6061))); # from conductive interface ci_11
    GL(253,261) = 1.0 / ((1.0 / (3.999822D-03 * k_Al_6061)) + (1.0 / (3.333212D-03 * k_Al_6061))); # from conductive interface ci_17
    GL(253,264) = 1.0 / ((1.0 / (3.999822D-03 * k_Al_6061)) + (1.0 / (3.333212D-03 * k_Al_6061))); # from conductive interface ci_14
    GL(254,255) = k_Al_6061 * 2.399874D-03; # from primitive Body_b
    GL(254,256) = k_Al_6061 * 1.666606D-03; # from primitive Body_b
    GL(254,267) = 1.0 / ((1.0 / (4.799748D-03 * k_Al_6061)) + (1.0 / (4.799748D-03 * k_Al_6061))); # from conductive interface ci_10
    GL(254,272) = 1.0 / ((1.0 / (3.333212D-03 * k_Al_6061)) + (1.0 / (3.999822D-03 * k_Al_6061))); # from conductive interface ci_15
    GL(255,257) = k_Al_6061 * 1.666606D-03; # from primitive Body_b
    GL(255,258) = 1.0 / ((1.0 / (4.799748D-03 * k_Al_6061)) + (1.0 / (4.799748D-03 * k_Al_6061))); # from conductive interface ci_20
    GL(255,273) = 1.0 / ((1.0 / (3.333212D-03 * k_Al_6061)) + (1.0 / (3.999822D-03 * k_Al_6061))); # from conductive interface ci_15
    GL(256,257) = k_Al_6061 * 2.399874D-03; # from primitive Body_b
    GL(256,269) = 1.0 / ((1.0 / (4.799748D-03 * k_Al_6061)) + (1.0 / (4.799748D-03 * k_Al_6061))); # from conductive interface ci_10
    GL(257,260) = 1.0 / ((1.0 / (4.799748D-03 * k_Al_6061)) + (1.0 / (4.799748D-03 * k_Al_6061))); # from conductive interface ci_20
    GL(258,259) = k_Al_6061 * 2.399874D-03; # from primitive Body_b
    GL(258,260) = k_Al_6061 * 1.666606D-03; # from primitive Body_b
    GL(258,273) = 1.0 / ((1.0 / (3.333212D-03 * k_Al_6061)) + (1.0 / (3.999822D-03 * k_Al_6061))); # from conductive interface ci_18
    GL(259,261) = k_Al_6061 * 1.666606D-03; # from primitive Body_b
    GL(259,262) = 1.0 / ((1.0 / (4.799748D-03 * k_Al_6061)) + (1.0 / (4.799748D-03 * k_Al_6061))); # from conductive interface ci_19
    GL(259,271) = 1.0 / ((1.0 / (3.333212D-03 * k_Al_6061)) + (1.0 / (3.999822D-03 * k_Al_6061))); # from conductive interface ci_18
    GL(260,261) = k_Al_6061 * 2.399874D-03; # from primitive Body_b
    GL(261,264) = 1.0 / ((1.0 / (4.799748D-03 * k_Al_6061)) + (1.0 / (4.799748D-03 * k_Al_6061))); # from conductive interface ci_19
    GL(262,263) = k_Al_6061 * 2.399874D-03; # from primitive Body_b
    GL(262,264) = k_Al_6061 * 1.666606D-03; # from primitive Body_b
    GL(262,271) = 1.0 / ((1.0 / (3.333212D-03 * k_Al_6061)) + (1.0 / (3.999822D-03 * k_Al_6061))); # from conductive interface ci_13
    GL(263,265) = k_Al_6061 * 1.666606D-03; # from primitive Body_b
    GL(263,266) = 1.0 / ((1.0 / (4.799748D-03 * k_Al_6061)) + (1.0 / (4.799748D-03 * k_Al_6061))); # from conductive interface ci_12
    GL(263,270) = 1.0 / ((1.0 / (3.333212D-03 * k_Al_6061)) + (1.0 / (3.999822D-03 * k_Al_6061))); # from conductive interface ci_13
    GL(264,265) = k_Al_6061 * 2.399874D-03; # from primitive Body_b
    GL(265,268) = 1.0 / ((1.0 / (4.799748D-03 * k_Al_6061)) + (1.0 / (4.799748D-03 * k_Al_6061))); # from conductive interface ci_12
    GL(266,267) = k_Al_6061 * 2.399874D-03; # from primitive Body_b
    GL(266,268) = k_Al_6061 * 1.666606D-03; # from primitive Body_b
    GL(266,270) = 1.0 / ((1.0 / (3.333212D-03 * k_Al_6061)) + (1.0 / (3.999822D-03 * k_Al_6061))); # from conductive interface ci_9
    GL(267,269) = k_Al_6061 * 1.666606D-03; # from primitive Body_b
    GL(267,272) = 1.0 / ((1.0 / (3.333212D-03 * k_Al_6061)) + (1.0 / (3.999822D-03 * k_Al_6061))); # from conductive interface ci_9
    GL(268,269) = k_Al_6061 * 2.399874D-03; # from primitive Body_b
    GL(270,271) = k_Al_6061 * 1.999911D-03; # from primitive Body_b
    GL(270,272) = k_Al_6061 * 1.999911D-03; # from primitive Body_b
    GL(271,273) = k_Al_6061 * 1.999911D-03; # from primitive Body_b
    GL(272,273) = k_Al_6061 * 1.999911D-03; # from primitive Body_b
    GL(300,301) = k_Al_6061 * 1.333257D-03; # from primitive Solar_panel
    GL(300,308) = k_Al_6061 * 7.49976D-04; # from primitive Solar_panel
    GL(300,350) = 4.504687D-01 / ((1.D-03 / k_Al_6061) + (1.D-03 / k_GaAs)); # from primitive Solar_panel
    GL(301,302) = k_Al_6061 * 1.333257D-03; # from primitive Solar_panel
    GL(301,309) = k_Al_6061 * 7.49976D-04; # from primitive Solar_panel
    GL(301,351) = 4.504688D-01 / ((1.D-03 / k_Al_6061) + (1.D-03 / k_GaAs)); # from primitive Solar_panel
    GL(302,303) = k_Al_6061 * 1.333257D-03; # from primitive Solar_panel
    GL(302,310) = k_Al_6061 * 7.49976D-04; # from primitive Solar_panel
    GL(302,352) = 4.504688D-01 / ((1.D-03 / k_Al_6061) + (1.D-03 / k_GaAs)); # from primitive Solar_panel
    GL(303,304) = k_Al_6061 * 1.333257D-03; # from primitive Solar_panel
    GL(303,311) = k_Al_6061 * 7.49976D-04; # from primitive Solar_panel
    GL(303,353) = 4.504687D-01 / ((1.D-03 / k_Al_6061) + (1.D-03 / k_GaAs)); # from primitive Solar_panel
    GL(304,305) = k_Al_6061 * 1.333257D-03; # from primitive Solar_panel
    GL(304,312) = k_Al_6061 * 7.49976D-04; # from primitive Solar_panel
    GL(304,354) = 4.504687D-01 / ((1.D-03 / k_Al_6061) + (1.D-03 / k_GaAs)); # from primitive Solar_panel
    GL(305,306) = k_Al_6061 * 1.333257D-03; # from primitive Solar_panel
    GL(305,313) = k_Al_6061 * 7.49976D-04; # from primitive Solar_panel
    GL(305,355) = 4.504688D-01 / ((1.D-03 / k_Al_6061) + (1.D-03 / k_GaAs)); # from primitive Solar_panel
    GL(306,307) = k_Al_6061 * 1.333257D-03; # from primitive Solar_panel
    GL(306,314) = k_Al_6061 * 7.49976D-04; # from primitive Solar_panel
    GL(306,356) = 4.504688D-01 / ((1.D-03 / k_Al_6061) + (1.D-03 / k_GaAs)); # from primitive Solar_panel
    GL(307,315) = k_Al_6061 * 7.49976D-04; # from primitive Solar_panel
    GL(307,357) = 4.504687D-01 / ((1.D-03 / k_Al_6061) + (1.D-03 / k_GaAs)); # from primitive Solar_panel
    GL(308,309) = k_Al_6061 * 1.333257D-03; # from primitive Solar_panel
    GL(308,358) = 4.504687D-01 / ((1.D-03 / k_Al_6061) + (1.D-03 / k_GaAs)); # from primitive Solar_panel
    GL(309,310) = k_Al_6061 * 1.333257D-03; # from primitive Solar_panel
    GL(309,359) = 4.504688D-01 / ((1.D-03 / k_Al_6061) + (1.D-03 / k_GaAs)); # from primitive Solar_panel
    GL(310,311) = k_Al_6061 * 1.333257D-03; # from primitive Solar_panel
    GL(310,360) = 4.504688D-01 / ((1.D-03 / k_Al_6061) + (1.D-03 / k_GaAs)); # from primitive Solar_panel
    GL(311,312) = k_Al_6061 * 1.333257D-03; # from primitive Solar_panel
    GL(311,361) = 4.504687D-01 / ((1.D-03 / k_Al_6061) + (1.D-03 / k_GaAs)); # from primitive Solar_panel
    GL(312,313) = k_Al_6061 * 1.333257D-03; # from primitive Solar_panel
    GL(312,362) = 4.504687D-01 / ((1.D-03 / k_Al_6061) + (1.D-03 / k_GaAs)); # from primitive Solar_panel
    GL(313,314) = k_Al_6061 * 1.333257D-03; # from primitive Solar_panel
    GL(313,363) = 4.504688D-01 / ((1.D-03 / k_Al_6061) + (1.D-03 / k_GaAs)); # from primitive Solar_panel
    GL(314,315) = k_Al_6061 * 1.333257D-03; # from primitive Solar_panel
    GL(314,364) = 4.504688D-01 / ((1.D-03 / k_Al_6061) + (1.D-03 / k_GaAs)); # from primitive Solar_panel
    GL(315,365) = 4.504687D-01 / ((1.D-03 / k_Al_6061) + (1.D-03 / k_GaAs)); # from primitive Solar_panel
    GL(350,351) = k_GaAs * 1.333257D-03; # from primitive Solar_panel
    GL(350,358) = k_GaAs * 7.49976D-04; # from primitive Solar_panel
    GL(351,352) = k_GaAs * 1.333257D-03; # from primitive Solar_panel
    GL(351,359) = k_GaAs * 7.49976D-04; # from primitive Solar_panel
    GL(352,353) = k_GaAs * 1.333257D-03; # from primitive Solar_panel
    GL(352,360) = k_GaAs * 7.49976D-04; # from primitive Solar_panel
    GL(353,354) = k_GaAs * 1.333257D-03; # from primitive Solar_panel
    GL(353,361) = k_GaAs * 7.49976D-04; # from primitive Solar_panel
    GL(354,355) = k_GaAs * 1.333257D-03; # from primitive Solar_panel
    GL(354,362) = k_GaAs * 7.49976D-04; # from primitive Solar_panel
    GL(355,356) = k_GaAs * 1.333257D-03; # from primitive Solar_panel
    GL(355,363) = k_GaAs * 7.49976D-04; # from primitive Solar_panel
    GL(356,357) = k_GaAs * 1.333257D-03; # from primitive Solar_panel
    GL(356,364) = k_GaAs * 7.49976D-04; # from primitive Solar_panel
    GL(357,365) = k_GaAs * 7.49976D-04; # from primitive Solar_panel
    GL(358,359) = k_GaAs * 1.333257D-03; # from primitive Solar_panel
    GL(359,360) = k_GaAs * 1.333257D-03; # from primitive Solar_panel
    GL(360,361) = k_GaAs * 1.333257D-03; # from primitive Solar_panel
    GL(361,362) = k_GaAs * 1.333257D-03; # from primitive Solar_panel
    GL(362,363) = k_GaAs * 1.333257D-03; # from primitive Solar_panel
    GL(363,364) = k_GaAs * 1.333257D-03; # from primitive Solar_panel
    GL(364,365) = k_GaAs * 1.333257D-03; # from primitive Solar_panel
#
  $CONSTANTS
    $REAL
      PERIOD = 6.050247D+03;
#
  $ARRAYS
#     ORBTIM(13) = # orbit times
#      0.000000, 756.280918, 1512.561835, 2268.842753, 2337.691725,
#      2346.094846, 3025.123671, 3781.404588, 4431.858697, 4440.261818,
#      4537.685506, 5293.966423, 6050.247341;
#
    $REAL
#
  $EVENTS
#
  $SUBROUTINES
C
  $INITIAL
      GENMOR
C
  $EXECUTION
C
C Steady State Solution
C
      RELXCA=0.01
      NLOOP=100
C
      CALL SOLVFM
C
C Transient Solution
C
      TIMEND=PERIOD
      DTIMEI=TIMEND/100.0
      OUTINT=TIMEND/10.0
C
      CALL SLCRNC
C
      NLOOP=500
      RELXCA=0.01
      CALL SOLVFM
C
C
      TIMEND=6050.2473
      OUTINT=605.02473
      NLOOP=500
      RELXCA=0.01
      DTIMEI=0.01
      CALL SOLCYC('SLCRNC',0.01D0,0.01D0,6050.2473D0,10,' ','NONE')
C
      CALL SLCRNC
C
C
      TIMEND=6050.2473
      OUTINT=605.02473
      NLOOP=500
      RELXCA=0.01
      DTIMEI=10.0
      CALL SOLCYC('SLCRNC',0.01D0,0.01D0,6050.2473D0,10,' ','NONE')
C
      CALL SLCRNC
C
  $VARIABLES1
C
  $VARIABLES2
C
  $OUTPUTS
      CALL PRNDTB(' ', 'L, T, QS, QE, QA, QI, C', CURRENT)
C
      CALL DMPTMD(' ', 'NODES, CONDUCTORS, CONSTANTS', CURRENT, ' ')
C
$ENDMODEL #Satelite_acase01

#@@> Submodel: Satelite_acase01          This  Included
#@@>                                 Submodel Submodels
#@@> Thermal Nodes                        130       130
#@@> GL Conductors                        204       204
#@@> GR Conductors                       1372      1372
#@@> Real User Constants                    1         1
 
#@@> Hierarchy of Models Including Virtuals(V).
#@@>
#@@>      Level    Model Name
#@@>          0    SATELITE_ACASE01        
