/* ESATAN-TMS version 2020, run date 16:18 Wed 28 Apr 2021 */
BEGIN_MODEL TCCT_SAT WORKBENCH_V1 ;
/* END_MODEL */
/* ESATAN-TMS version 2020, run date 16:43 Wed 28 Apr 2021 */
/* BEGIN_MODEL TCCT_SAT WORKBENCH_V1 */ ;
/* END_MODEL */
/* ESATAN-TMS version 2020, run date 19:41 Wed 28 Apr 2021 */
/* BEGIN_MODEL TCCT_SAT WORKBENCH_V1 */ ;
/* /* END_MODEL */ */
/* ESATAN-TMS version 2020, run date 15:54 Fri 30 Apr 2021 */
/* BEGIN_MODEL TCCT_SAT WORKBENCH_V1 */ ;
/* ESATAN-TMS version 2020, run date 11:16 Sun 2 May 2021 */
/* BEGIN_MODEL TCCT_SAT WORKBENCH_V1 */ ;
/* /* /* /* /* END_MODEL */ */ */ */ */
/* ESATAN-TMS version 2020, run date 18:15 Sun 2 May 2021 */
/* BEGIN_MODEL TCCT_SAT WORKBENCH_V1 */ ;
/* ESATAN-TMS version 2020, run date 10:53 Wed 5 May 2021 */
/* BEGIN_MODEL TCCT_SAT WORKBENCH_V1 */ ;
/* ESATAN-TMS version 2020, run date 16:59 Wed 5 May 2021 */
/* BEGIN_MODEL TCCT_SAT WORKBENCH_V1 */ ;
/* ESATAN-TMS version 2020, run date 12:43 Fri 7 May 2021 */
/* BEGIN_MODEL TCCT_SAT WORKBENCH_V1 */ ;
/* ESATAN-TMS version 2020, run date 20:45 Fri 7 May 2021 */
/* BEGIN_MODEL TCCT_SAT WORKBENCH_V1 */ ;
